
🔔删除优惠券, 开始!

====================共1个京东账号Cookie=========

==================脚本执行- 北京时间(UTC+8)：5/3/2021, 10:18:06 AM=====================


开始【京东账号1】Hobbot

跳过删除:仅可购买MAMEN京东自营旗舰店商品
跳过删除:全品类(特例商品除外)
跳过删除:仅可购买手机话费充值商品
跳过删除:仅可购买手机话费充值商品
跳过删除:全品类(特例商品除外)
跳过删除:仅可购买手机话费充值商品
跳过删除:全品类(特例商品除外)
跳过删除:全品类(特例商品除外)
跳过删除:仅可购买天语手机京东自营官方旗舰店商品
跳过删除:仅可购买京东京造部分商品
删除优惠券---仅可购买餐饮熟食（新人专享）商品----成功

删除优惠券---【数码】满19-1----成功

删除优惠券---仅可购买乳品冷饮（新人专享）商品----成功

删除优惠券---【数码】满49-3----成功

删除优惠券---仅可购买男装部分商品----成功

删除优惠券---校园_10减5学生专享商品券2104----成功

删除优惠券---限购 [神遇堂旗舰店] 店铺部分商品----成功

删除优惠券---限购 [海力清旗舰店] 店铺部分商品----成功

删除优惠券---限购 [之佳便利食品旗舰店] 店铺部分商品----成功

删除优惠券---仅可购买惠而浦自营部分商品----成功

删除优惠券---限购 [天喜厨具旗舰店] 店铺部分商品----成功

跳过删除:限京东商城指定实物商品使用（礼品、邮币、卡券票以及虚拟品类、众筹、黄金等除外）
跳过删除:用户须使用京东金融充值服务，且须使用白条支付，支持白条分期

==============📣系统通知📣==============
删除优惠券
【京东账号1】Hobbot
【已删除优惠券】11张
【跳过含关键词】12张

🔔删除优惠券, 结束! 🕛 2.601 秒

删除优惠券---4月JSB下沉话费券49-5----成功

删除优惠券---极速版APP活动：5月百元生活费（良）话费10-5----成功

