
🔔京东汽车, 开始!

====================共2个京东账号Cookie=========

==================脚本执行- 北京时间(UTC+8)：5/3/2021, 10:15:42 AM=====================


******开始【京东账号1】Hobbot*********

兑换结果：{"status":true,"data":{"result":2,"reason":"今日京豆已兑换完毕<br/>明天早点来哟~"}}
签到失败，请稍候重试
去做任务：参加京东汽车赛事
任务领取成功
任务完成成功
当前赛点：635/500，可以兑换京豆，请打开APP兑换

==============📣系统通知📣==============
京东汽车
【京东账号1】Hobbot
签到失败，签到失败，请稍候重试
当前赛点：635/500，可以兑换京豆，请打开APP兑换


******开始【京东账号2】小尾巴充电宝*********

兑换结果：{"status":true,"data":{"result":2,"reason":"今日京豆已兑换完毕<br/>明天早点来哟~"}}
签到成功，获得20，已签到7天
去做任务：参加京东汽车赛事
任务领取成功
任务完成成功
当前赛点：370/500无法兑换京豆

==============📣系统通知📣==============
京东汽车
【京东账号2】小尾巴充电宝
签到成功，获得20，已签到7天
当前赛点：370/500，无法兑换京豆


🔔京东汽车, 结束! 🕛 9.07 秒

