
🔔东东农场, 开始!
开始获取配置文件


====================共1个京东账号Cookie=========

==================脚本执行- 北京时间(UTC+8)：5/3/2021, 10:18:07 AM=====================

由于您环境变量(FRUITSHARECODES)里面未提供助力码，故此处运行将会给脚本内置的码进行助力，请知晓！
共1个京东账号

您提供了2个账号的农场助力码


开始【京东账号1】Hobbot

随机取个20码放到您固定的互助码后面(不影响已有固定互助)
第1个京东账号将要助力的好友["0a74407df5df4fa99672a037eec61f7e","dbb21614667246fabcfd9685b6f448f3","6fbd26cc27ac44d6a7fed34092453f77","61ff5c624949454aa88561f2cd721bf6","56db8e7bc5874668ba7d5195230d067a","2c97603991d34dc2a81fbd3305a82003","7bb88def9f2c452287e91caae823fc31","be6cab8fe1ce47599a67993539b47c5e","e49d6d504f3443ae94c7527e724fb435","419f73aec3344d2fb8a45ffffc6c80f8","3d81d8f49e214136ae6c25350e7d057c","51f9e5ca66484c8fbaaab5a5e9f7afa6","627f37a39036432b8764e12125ac108f","236df47b5a044f49b6cedd5c9e08fd53","c8db116b582b44e781568bff574ce384","02100fb2fa3b4b49a50670ce2a279ee8","745bc4880e4043f88ff1480ad647acea","cc6110c1959e484f80231249464e74a6","c4db55d91cf642488dd6f06775b20158","53c2591aa8dc4c928b96ad296c0238f9","05489a99aab84d7b8bcefda6fbbc8f24","9d527ecb2a5c41d180be056a16b2a0a5","60f5bc8c741c420cafb7566740b32b29","773dd52fca27454da46969e0279dc352","753b93f7b95740bb8c7f7d44c5c7e3b3"]

【京东账号1（jd_63694f3490008）的东东农场好友互助码】a6ec151033644bd48fb59ae517b2d922


【已成功兑换水果】4次

开始助力好友
格式化后的助力码::["0a74407df5df4fa99672a037eec61f7e","dbb21614667246fabcfd9685b6f448f3","6fbd26cc27ac44d6a7fed34092453f77","61ff5c624949454aa88561f2cd721bf6","56db8e7bc5874668ba7d5195230d067a","2c97603991d34dc2a81fbd3305a82003","7bb88def9f2c452287e91caae823fc31","be6cab8fe1ce47599a67993539b47c5e","e49d6d504f3443ae94c7527e724fb435","419f73aec3344d2fb8a45ffffc6c80f8","3d81d8f49e214136ae6c25350e7d057c","51f9e5ca66484c8fbaaab5a5e9f7afa6","627f37a39036432b8764e12125ac108f","236df47b5a044f49b6cedd5c9e08fd53","c8db116b582b44e781568bff574ce384","02100fb2fa3b4b49a50670ce2a279ee8","745bc4880e4043f88ff1480ad647acea","cc6110c1959e484f80231249464e74a6","c4db55d91cf642488dd6f06775b20158","53c2591aa8dc4c928b96ad296c0238f9","05489a99aab84d7b8bcefda6fbbc8f24","9d527ecb2a5c41d180be056a16b2a0a5","60f5bc8c741c420cafb7566740b32b29","773dd52fca27454da46969e0279dc352","753b93f7b95740bb8c7f7d44c5c7e3b3"]

开始助力京东账号1 - Hobbot的好友: 0a74407df5df4fa99672a037eec61f7e
【助力好友结果】: 好友【￼】已满五人助力
【今日助力次数还剩】3次

开始助力京东账号1 - Hobbot的好友: dbb21614667246fabcfd9685b6f448f3
【助力好友结果】: 好友【可爱的? ?】已满五人助力
【今日助力次数还剩】3次

开始助力京东账号1 - Hobbot的好友: 6fbd26cc27ac44d6a7fed34092453f77
【助力好友结果】: 好友【未来可期。】已满五人助力
【今日助力次数还剩】3次

开始助力京东账号1 - Hobbot的好友: 61ff5c624949454aa88561f2cd721bf6
【助力好友结果】: 好友【jd_159928uwd】已满五人助力
【今日助力次数还剩】3次

开始助力京东账号1 - Hobbot的好友: 56db8e7bc5874668ba7d5195230d067a
【助力好友结果】: 好友【柒仟万】已满五人助力
【今日助力次数还剩】3次

开始助力京东账号1 - Hobbot的好友: 2c97603991d34dc2a81fbd3305a82003
【助力好友结果】: 好友【嗯哼大王-9277】已满五人助力
【今日助力次数还剩】3次

开始助力京东账号1 - Hobbot的好友: 7bb88def9f2c452287e91caae823fc31
【助力好友结果】: 好友【可可】已满五人助力
【今日助力次数还剩】3次

开始助力京东账号1 - Hobbot的好友: be6cab8fe1ce47599a67993539b47c5e
【助力好友结果】: 好友【jd_ombr01】已满五人助力
【今日助力次数还剩】3次

开始助力京东账号1 - Hobbot的好友: e49d6d504f3443ae94c7527e724fb435
【助力好友结果】: 好友【江月听岚】已满五人助力
【今日助力次数还剩】3次

开始助力京东账号1 - Hobbot的好友: 419f73aec3344d2fb8a45ffffc6c80f8
【助力好友结果】: 好友【社会主义小老弟】已满五人助力
【今日助力次数还剩】3次

开始助力京东账号1 - Hobbot的好友: 3d81d8f49e214136ae6c25350e7d057c
【助力好友结果】: 好友【开花的树88】已满五人助力
【今日助力次数还剩】3次

开始助力京东账号1 - Hobbot的好友: 51f9e5ca66484c8fbaaab5a5e9f7afa6
【助力好友结果】: 好友【jd_6784ecbe46c18】已满五人助力
【今日助力次数还剩】3次

开始助力京东账号1 - Hobbot的好友: 627f37a39036432b8764e12125ac108f
【助力好友结果】: 好友【jd_5ff28c9c72017】已满五人助力
【今日助力次数还剩】3次

开始助力京东账号1 - Hobbot的好友: 236df47b5a044f49b6cedd5c9e08fd53
【助力好友结果】: 好友【jd_452ecc9a235e5】已满五人助力
【今日助力次数还剩】3次

开始助力京东账号1 - Hobbot的好友: c8db116b582b44e781568bff574ce384
【助力好友结果】: 好友【no4gc】已满五人助力
【今日助力次数还剩】3次

开始助力京东账号1 - Hobbot的好友: 02100fb2fa3b4b49a50670ce2a279ee8
【助力好友结果】: 好友【jd_47c1c8514cd2d】已满五人助力
【今日助力次数还剩】3次

开始助力京东账号1 - Hobbot的好友: 745bc4880e4043f88ff1480ad647acea
【助力好友结果】: 好友【dayuan-JS】已满五人助力
【今日助力次数还剩】3次

开始助力京东账号1 - Hobbot的好友: cc6110c1959e484f80231249464e74a6
【助力好友结果】: 好友【侯文文126】已满五人助力
【今日助力次数还剩】3次

开始助力京东账号1 - Hobbot的好友: c4db55d91cf642488dd6f06775b20158
【助力好友结果】: 好友【jd_188513ffd】已满五人助力
【今日助力次数还剩】3次

开始助力京东账号1 - Hobbot的好友: 53c2591aa8dc4c928b96ad296c0238f9
【助力好友结果】: 好友【jd_65c7817ee93ac】已满五人助力
【今日助力次数还剩】3次

开始助力京东账号1 - Hobbot的好友: 05489a99aab84d7b8bcefda6fbbc8f24
【助力好友结果】: 好友【jd_tLmjiRasikUv】已满五人助力
【今日助力次数还剩】3次

开始助力京东账号1 - Hobbot的好友: 9d527ecb2a5c41d180be056a16b2a0a5
【助力好友结果】: 好友【jd_dTOJUCpbClNv】已满五人助力
【今日助力次数还剩】3次

开始助力京东账号1 - Hobbot的好友: 60f5bc8c741c420cafb7566740b32b29
【助力好友结果】: 好友【jd_151655png】已满五人助力
【今日助力次数还剩】3次

开始助力京东账号1 - Hobbot的好友: 773dd52fca27454da46969e0279dc352
【助力好友结果】: 好友【jd_AgDHvxJveIZO】已满五人助力
【今日助力次数还剩】3次

开始助力京东账号1 - Hobbot的好友: 753b93f7b95740bb8c7f7d44c5c7e3b3
【助力好友结果】: 好友【csugarho】已满五人助力
【今日助力次数还剩】3次

助力好友结束，即将开始领取额外水滴奖励


20支衣架种植中...


初始化任务列表
开始签到
【签到成功】获得5g💧\n
被水滴砸中： 否
签到结束,开始广告浏览任务
正在进行广告浏览任务: 9.9抢20包薯片
9.9抢20包薯片浏览任务完成
领取浏览9.9抢20包薯片广告奖励成功,获得6g
正在进行广告浏览任务: 抢8元超市大红包
抢8元超市大红包浏览任务完成
领取浏览抢8元超市大红包广告奖励成功,获得6g
正在进行广告浏览任务: 最高领10元红包
最高领10元红包浏览任务完成
领取浏览最高领10元红包广告奖励成功,获得6g
正在进行广告浏览任务: 浏览魅族 18 Pro
浏览魅族 18 Pro浏览任务完成
领取浏览浏览魅族 18 Pro广告奖励成功,获得6g
正在进行广告浏览任务: 去京东金融App领钢镚
去京东金融App领钢镚浏览任务完成
领取浏览去京东金融App领钢镚广告奖励成功,获得6g
正在进行广告浏览任务: 9.9元网红小神器专场
9.9元网红小神器专场浏览任务完成
领取浏览9.9元网红小神器专场广告奖励成功,获得6g
正在进行广告浏览任务: 去抢9.9元T恤
去抢9.9元T恤浏览任务完成
领取浏览去抢9.9元T恤广告奖励成功,获得6g
正在进行广告浏览任务: 维达手帕纸30包7.9元
维达手帕纸30包7.9元浏览任务完成
领取浏览维达手帕纸30包7.9元广告奖励成功,获得6g
正在进行广告浏览任务: 5.9元抢5双短袜
5.9元抢5双短袜浏览任务完成
领取浏览5.9元抢5双短袜广告奖励成功,获得6g
【广告浏览】完成9个,获得54g💧

当前不在定时领水时间断或者已经领过

开始给好友浇水...

初始化任务列表
今日已给0个好友浇水
需要浇水的好友列表shareCodes:["26c45ae643b5455e98df37e82191edaa","ce92b1801e044fbc97f25b1ea6c39a85"]
为第1个好友浇水结果:{"code":"0","cardInfo":{"type":"fastCard","beanAward":-1,"useTimesInDay":-1,"version":1,"rule":"快速浇壶中已有水滴，单次最多100g","way":"添加好友、帮好友浇水","cardSubTitle":"浇壶中已有水滴，最多100g"},"remainTimeSeconds":49253,"firstWater":false,"statisticsTimes":null,"sysTime":1620008347650,"sendCard":"fastCard","message":null}

为好友浇水获得道具了
获取道具卡:快速浇壶中已有水滴，单次最多100g
为第2个好友浇水结果:{"code":"0","remainTimeSeconds":49252,"firstWater":false,"statisticsTimes":null,"sysTime":1620008348795,"message":null}

【好友浇水】已给2个好友浇水,消耗20g水

【好友浇水奖励】快速浇水卡


今日已邀请好友0个 / 每日邀请上限4个
开始删除10个好友,可拿每天的邀请奖励

开始删除好友 [80fbd4e53abd40e6b2f52eb2e2e66066]
删除好友 [80fbd4e53abd40e6b2f52eb2e2e66066] 成功


开始删除好友 [26c45ae643b5455e98df37e82191edaa]
删除好友 [26c45ae643b5455e98df37e82191edaa] 成功


开始删除好友 [9d6b58aeccef48a3a79f43b59b780c6f]
删除好友 [9d6b58aeccef48a3a79f43b59b780c6f] 成功


开始删除好友 [ce92b1801e044fbc97f25b1ea6c39a85]
删除好友 [ce92b1801e044fbc97f25b1ea6c39a85] 成功


开始删除好友 [b1d4773f4cf74d3e9dc4ae6815642c7d]
删除好友 [b1d4773f4cf74d3e9dc4ae6815642c7d] 成功


开始删除好友 [818aebbf0f2b4ab5ba534bd3b6dcfc6b]
删除好友 [818aebbf0f2b4ab5ba534bd3b6dcfc6b] 成功


开始删除好友 [2a29a8e7384b4458bee2a57828f73ea4]
删除好友 [2a29a8e7384b4458bee2a57828f73ea4] 成功


开始删除好友 [99f70b1dcbec402ebcae133bbc161ef7]
删除好友 [99f70b1dcbec402ebcae133bbc161ef7] 成功


开始删除好友 [8b572e2271154e22a154ddb471862a98]
删除好友 [8b572e2271154e22a154ddb471862a98] 成功


开始删除好友 [3bd3fb9addea4a21a0aa37f4f175f3c2]
删除好友 [3bd3fb9addea4a21a0aa37f4f175f3c2] 成功

接收邀请成为好友结果成功,您已成为可可的好友
接收邀请成为好友结果成功,您已成为jd_ombr01的好友
接收邀请成为好友结果成功,您已成为社会主义小老弟的好友
接收邀请成为好友结果成功,您已成为jd_5ff28c9c72017的好友
接收邀请成为好友结果成功,您已成为jd_47c1c8514cd2d的好友
接收邀请成为好友结果成功,您已成为jd_65c7817ee93ac的好友
接收邀请成为好友结果成功,您已成为jd_tLmjiRasikUv的好友
接收邀请成为好友结果成功,您已成为jd_dTOJUCpbClNv的好友
接收邀请成为好友结果成功,您已成为jd_AgDHvxJveIZO的好友
今日未邀请过好友
开始打卡领水活动（签到，关注，领券）
开始今日签到
打卡结果{"amount":10,"code":"0","todayGotWaterGoalTask":{"canPop":false},"statisticsTimes":null,"signDay":1,"sysTime":1620008392783,"message":null}
【第1天签到】获得10g💧

关注ID96
themeStep1--结果{"followState":"0","code":"0","todayGotWaterGoalTask":{"canPop":false},"statisticsTimes":null,"sysTime":1620008393926,"message":null}
themeStep2--结果{"amount":2,"code":"0","todayGotWaterGoalTask":{"canPop":false},"statisticsTimes":null,"sysTime":1620008395071,"message":null}
关注美妆馆，获得水滴2g
关注ID249
themeStep1--结果{"followState":"0","code":"0","todayGotWaterGoalTask":{"canPop":false},"statisticsTimes":null,"sysTime":1620008396214,"message":null}
themeStep2--结果{"amount":2,"code":"0","todayGotWaterGoalTask":{"canPop":false},"statisticsTimes":null,"sysTime":1620008397361,"message":null}
关注美食馆，获得水滴2g
关注ID112
themeStep1--结果{"followState":"0","code":"0","todayGotWaterGoalTask":{"canPop":false},"statisticsTimes":null,"sysTime":1620008398499,"message":null}
themeStep2--结果{"amount":2,"code":"0","todayGotWaterGoalTask":{"canPop":false},"statisticsTimes":null,"sysTime":1620008399653,"message":null}
关注京东超市，获得水滴2g
开始打卡领水活动（签到，关注，领券）结束

水滴雨任务，每天两次，最多可得10g水滴
两次水滴雨任务是否全部完成：否
开始水滴雨任务,这是第1次，剩余1次
水滴雨waterRain
水滴雨任务执行成功，获得水滴：10g
【第1次水滴雨】获得10g水滴

助力好友未达到5个
领取额外奖励水滴结束

是否到了领取免费赠送的抽奖机会----false
免费赠送的抽奖机会未到时间
开始浏览天天抽奖的第1个逛会场任务
浏览爆品会场
第1个逛会场任务完成，开始领取水滴奖励

天天抽奖浏览任务领取水滴
第1个逛会场任务领取水滴奖励完成

开始浏览天天抽奖的第2个逛会场任务
浏览爆品会场
第2个逛会场任务完成，开始领取水滴奖励

天天抽奖浏览任务领取水滴
第2个逛会场任务领取水滴奖励完成

开始天天抽奖--好友助力--每人每天只有三次助力机会.
天天抽奖-助力嗯哼大王-9277成功

天天抽奖-助力可可成功

天天抽奖-助力jd_ombr01成功

天天抽奖-助力江月听岚失败,助力次数耗尽

---天天抽奖次数remainLotteryTimes----3次
开始抽奖
等待了2秒
第1次抽奖结果{"code":"0","statisticsTimes":null,"sysTime":1620008423497,"message":null,"type":"thanks","remainLotteryTimes":2}
lotteryRes.typethanks
等待了2秒
第2次抽奖结果{"code":"0","statisticsTimes":null,"sysTime":1620008426640,"message":null,"type":"thanks","remainLotteryTimes":1}
lotteryRes.typethanks
等待了2秒
第3次抽奖结果{"code":"0","statisticsTimes":null,"sysTime":1620008429783,"message":null,"type":"thanks","remainLotteryTimes":0}
lotteryRes.typethanks
【天天抽奖】谢谢参与，谢谢参与，谢谢参与


准备浇水十次
第1次浇水
等待了1秒
本次浇水结果:   {"code":"0","totalEnergy":159,"statisticsTimes":null,"totalWaterTimes":3,"sysTime":1620008433051,"finished":false,"message":null,"waterStatus":0,"sendAmount":10,"treeEnergy":5960}
剩余水滴159g
第2次浇水
等待了1秒
本次浇水结果:   {"code":"0","totalEnergy":149,"statisticsTimes":null,"totalWaterTimes":4,"sysTime":1620008435193,"finished":false,"message":null,"waterStatus":0,"sendAmount":10,"treeEnergy":5970}
剩余水滴149g
第3次浇水
等待了1秒
本次浇水结果:   {"code":"0","totalEnergy":139,"statisticsTimes":null,"totalWaterTimes":5,"sysTime":1620008437338,"finished":false,"message":null,"waterStatus":0,"sendAmount":10,"treeEnergy":5980}
剩余水滴139g
第4次浇水
等待了1秒
本次浇水结果:   {"code":"0","totalEnergy":129,"statisticsTimes":null,"totalWaterTimes":6,"sysTime":1620008439503,"finished":false,"message":null,"waterStatus":0,"sendAmount":10,"treeEnergy":5990}
剩余水滴129g
第5次浇水
等待了1秒
本次浇水结果:   {"code":"0","totalEnergy":119,"statisticsTimes":null,"totalWaterTimes":7,"sysTime":1620008441686,"finished":false,"message":null,"waterStatus":0,"sendAmount":10,"treeEnergy":6000}
剩余水滴119g
第6次浇水
等待了1秒
本次浇水结果:   {"code":"0","totalEnergy":109,"statisticsTimes":null,"totalWaterTimes":8,"sysTime":1620008443845,"finished":false,"message":null,"waterStatus":0,"sendAmount":10,"treeEnergy":6010}
剩余水滴109g
第7次浇水
等待了1秒
本次浇水结果:   {"code":"0","totalEnergy":99,"statisticsTimes":null,"totalWaterTimes":9,"sysTime":1620008445988,"finished":false,"message":null,"waterStatus":0,"sendAmount":10,"treeEnergy":6020}
剩余水滴99g
第8次浇水
等待了1秒
本次浇水结果:   {"code":"0","totalEnergy":89,"statisticsTimes":null,"totalWaterTimes":10,"sysTime":1620008448151,"finished":false,"message":null,"waterStatus":0,"sendAmount":10,"treeEnergy":6030}
剩余水滴89g
第9次浇水
等待了1秒
本次浇水结果:   {"code":"0","totalEnergy":79,"statisticsTimes":null,"totalWaterTimes":11,"sysTime":1620008450302,"finished":false,"message":null,"waterStatus":0,"sendAmount":10,"treeEnergy":6040}
剩余水滴79g
第10次浇水
等待了1秒
本次浇水结果:   {"code":"0","totalEnergy":69,"statisticsTimes":null,"totalWaterTimes":12,"sysTime":1620008452448,"finished":false,"message":null,"waterStatus":0,"sendAmount":10,"treeEnergy":6050}
剩余水滴69g

初始化任务列表
【首次浇水奖励】获得10g💧

【十次浇水奖励】获得10g💧

finished 水果任务完成!

初始化任务列表
领取给2个好友浇水后的奖励水滴::{"code":"0","statisticsTimes":null,"sysTime":1620008458216,"addWater":25,"message":null}
【给2好友浇水】奖励25g水滴

小鸭子游戏:小鸭子为你带回快速浇水卡
小鸭子游戏:小鸭子和好友玩耍去啦
小鸭子游戏:小鸭子还在努力乘风破浪
小鸭子游戏:贪玩鸭滑雪去啦
小鸭子游戏:小鸭子为你带回了水滴
小鸭子和好友玩耍去啦
开始检查剩余水滴能否再次浇水再次浇水

剩余水滴119g

背包已有道具:
快速浇水卡:38张
水滴翻倍卡:未解锁
水滴换京豆卡:6张
加签卡:0张

目前剩余水滴：【119】g，可继续浇水
等待了1秒
本次浇水结果:   {"code":"0","totalEnergy":109,"statisticsTimes":null,"totalWaterTimes":13,"sysTime":1620008462491,"finished":false,"message":null,"waterStatus":0,"sendAmount":10,"treeEnergy":6060}

浇水10g成功,剩余109

开始预测水果成熟时间


初始化任务列表

==============📣系统通知📣==============
东东农场
【京东账号1】Hobbot
【水果名称】20支衣架
【已兑换水果】4次
【今日剩余助力👬】3次
【额外奖励】领取失败,原因：给您助力的人未达5个
【今日共浇水】13次
【剩余 水滴】109g💧
【水果🍉进度】50.50%，已浇水606次,还需594次
【预测】45天之后(2021-06-17日)可兑换水果🍉


您未提供server酱的SCKEY，取消微信推送消息通知🚫

您未提供push+推送所需的PUSH_PLUS_TOKEN，取消push+推送消息通知🚫

您未提供Bark的APP推送BARK_PUSH，取消Bark推送消息通知🚫

您未提供telegram机器人推送所需的TG_BOT_TOKEN和TG_USER_ID，取消telegram推送消息通知🚫

您未提供钉钉机器人推送所需的DD_BOT_TOKEN或者DD_BOT_SECRET，取消钉钉推送消息通知🚫

您未提供企业微信机器人推送所需的QYWX_KEY，取消企业微信推送消息通知🚫

您未提供企业微信应用消息推送所需的QYWX_AM，取消企业微信应用消息推送消息通知🚫

您未提供iGot的推送IGOT_PUSH_KEY，取消iGot推送消息通知🚫


🔔东东农场, 结束! 🕛 175.919 秒

