
🔔东东农场, 开始!
开始获取配置文件


====================共1个京东账号Cookie=========

==================脚本执行- 北京时间(UTC+8)：5/3/2021, 10:18:07 AM=====================

由于您环境变量(FRUITSHARECODES)里面未提供助力码，故此处运行将会给脚本内置的码进行助力，请知晓！
共1个京东账号

您提供了2个账号的农场助力码


开始【京东账号1】小尾巴充电宝

随机取个20码放到您固定的互助码后面(不影响已有固定互助)
第1个京东账号将要助力的好友["0a74407df5df4fa99672a037eec61f7e","dbb21614667246fabcfd9685b6f448f3","6fbd26cc27ac44d6a7fed34092453f77","61ff5c624949454aa88561f2cd721bf6","56db8e7bc5874668ba7d5195230d067a","1d16a8d03d08472bac14779ce22504ad","648f26167d5444079a50b286dfabd6ba","282bccfa11004806a2fa9080b759f699","7609994f20454babbc332baeaaf123b3","f6bfa8782aba41f28a6cb7db42caa768","247114d9dede451db212e10841d96a9a","29e5ba13b4c2408285da98ecb3809ffa","302759c700374218a4645234116205f1","cc93b2d2bf73417a80937eec85a3405d","91efb888633f45f3a9bac71dec8bfb87","52803d3c89694e50b41877be739c7d1c","86d42f651cf44acf8bf5387cd6100e7d","dc88b1b22ee74fe5b4312acfb6ea612d","97238b0a00b2450bb499e98e7f0dd6d7","86cc7aba66ed409ea1390c8fd5925d4a","3f20e00a190249d3adaec38f8e3e285a","42e3f77a95d940cfbfb4fe8b871d40ab","5fbe8a878a9142e7894105d28a6b3fd3","16414f9f67714e5f8f31b2e0687b35a6","144772b99bd04e309606d113acd0eb95"]

【京东账号1（jd_63671030e8dea）的东东农场好友互助码】2c48e7f00070401caa5d59bb669a0088


【已成功兑换水果】1次

开始助力好友
格式化后的助力码::["0a74407df5df4fa99672a037eec61f7e","dbb21614667246fabcfd9685b6f448f3","6fbd26cc27ac44d6a7fed34092453f77","61ff5c624949454aa88561f2cd721bf6","56db8e7bc5874668ba7d5195230d067a","1d16a8d03d08472bac14779ce22504ad","648f26167d5444079a50b286dfabd6ba","282bccfa11004806a2fa9080b759f699","7609994f20454babbc332baeaaf123b3","f6bfa8782aba41f28a6cb7db42caa768","247114d9dede451db212e10841d96a9a","29e5ba13b4c2408285da98ecb3809ffa","302759c700374218a4645234116205f1","cc93b2d2bf73417a80937eec85a3405d","91efb888633f45f3a9bac71dec8bfb87","52803d3c89694e50b41877be739c7d1c","86d42f651cf44acf8bf5387cd6100e7d","dc88b1b22ee74fe5b4312acfb6ea612d","97238b0a00b2450bb499e98e7f0dd6d7","86cc7aba66ed409ea1390c8fd5925d4a","3f20e00a190249d3adaec38f8e3e285a","42e3f77a95d940cfbfb4fe8b871d40ab","5fbe8a878a9142e7894105d28a6b3fd3","16414f9f67714e5f8f31b2e0687b35a6","144772b99bd04e309606d113acd0eb95"]

开始助力京东账号1 - 小尾巴充电宝的好友: 0a74407df5df4fa99672a037eec61f7e
【助力好友结果】: 好友【￼】已满五人助力
【今日助力次数还剩】3次

开始助力京东账号1 - 小尾巴充电宝的好友: dbb21614667246fabcfd9685b6f448f3
【助力好友结果】: 好友【可爱的? ?】已满五人助力
【今日助力次数还剩】3次

开始助力京东账号1 - 小尾巴充电宝的好友: 6fbd26cc27ac44d6a7fed34092453f77
【助力好友结果】: 好友【未来可期。】已满五人助力
【今日助力次数还剩】3次

开始助力京东账号1 - 小尾巴充电宝的好友: 61ff5c624949454aa88561f2cd721bf6
【助力好友结果】: 好友【jd_159928uwd】已满五人助力
【今日助力次数还剩】3次

开始助力京东账号1 - 小尾巴充电宝的好友: 56db8e7bc5874668ba7d5195230d067a
【助力好友结果】: 好友【柒仟万】已满五人助力
【今日助力次数还剩】3次

开始助力京东账号1 - 小尾巴充电宝的好友: 1d16a8d03d08472bac14779ce22504ad
【助力好友结果】: 好友【进击的喵星人1】已满五人助力
【今日助力次数还剩】3次

开始助力京东账号1 - 小尾巴充电宝的好友: 648f26167d5444079a50b286dfabd6ba
【助力好友结果】: 好友【jd_淡然微笑】已满五人助力
【今日助力次数还剩】3次

开始助力京东账号1 - 小尾巴充电宝的好友: 282bccfa11004806a2fa9080b759f699
【助力好友结果】: 好友【jddaisy灵】已满五人助力
【今日助力次数还剩】3次

开始助力京东账号1 - 小尾巴充电宝的好友: 7609994f20454babbc332baeaaf123b3
【助力好友结果】: 好友【永】已满五人助力
【今日助力次数还剩】3次

开始助力京东账号1 - 小尾巴充电宝的好友: f6bfa8782aba41f28a6cb7db42caa768
【助力好友结果】: 好友【嘟宝妈咪咕】已满五人助力
【今日助力次数还剩】3次

开始助力京东账号1 - 小尾巴充电宝的好友: 247114d9dede451db212e10841d96a9a
【助力好友结果】: 好友【Z随缘--】已满五人助力
【今日助力次数还剩】3次

开始助力京东账号1 - 小尾巴充电宝的好友: 29e5ba13b4c2408285da98ecb3809ffa
【助力好友结果】: 好友【undefined】已满五人助力
【今日助力次数还剩】3次

开始助力京东账号1 - 小尾巴充电宝的好友: 302759c700374218a4645234116205f1
【助力好友结果】: 好友【小麻雀sun】已满五人助力
【今日助力次数还剩】3次

开始助力京东账号1 - 小尾巴充电宝的好友: cc93b2d2bf73417a80937eec85a3405d
【助力好友结果】: 好友【白桃酿】已满五人助力
【今日助力次数还剩】3次

开始助力京东账号1 - 小尾巴充电宝的好友: 91efb888633f45f3a9bac71dec8bfb87
【助力好友结果】: 好友【undefined】已满五人助力
【今日助力次数还剩】3次

开始助力京东账号1 - 小尾巴充电宝的好友: 52803d3c89694e50b41877be739c7d1c
【助力好友结果】: 好友【Diesel、】已满五人助力
【今日助力次数还剩】3次

开始助力京东账号1 - 小尾巴充电宝的好友: 86d42f651cf44acf8bf5387cd6100e7d
【助力好友结果】: 好友【机灵猫耳朵】已满五人助力
【今日助力次数还剩】3次

开始助力京东账号1 - 小尾巴充电宝的好友: dc88b1b22ee74fe5b4312acfb6ea612d
【助力好友结果】: 好友【尽心尽力的多情】已满五人助力
【今日助力次数还剩】3次

开始助力京东账号1 - 小尾巴充电宝的好友: 97238b0a00b2450bb499e98e7f0dd6d7
【助力好友结果】: 好友【jd_umcUOtkcvRJx】已满五人助力
【今日助力次数还剩】3次

开始助力京东账号1 - 小尾巴充电宝的好友: 86cc7aba66ed409ea1390c8fd5925d4a
【助力好友结果】: 好友【Esther星 ✨】已满五人助力
【今日助力次数还剩】3次

开始助力京东账号1 - 小尾巴充电宝的好友: 3f20e00a190249d3adaec38f8e3e285a
【助力好友结果】: 好友【xiangruyimoxu】已满五人助力
【今日助力次数还剩】3次

开始助力京东账号1 - 小尾巴充电宝的好友: 42e3f77a95d940cfbfb4fe8b871d40ab
【助力好友结果】: 好友【jd_EJgdQxyRZmCd】已满五人助力
【今日助力次数还剩】3次

开始助力京东账号1 - 小尾巴充电宝的好友: 5fbe8a878a9142e7894105d28a6b3fd3
【助力好友结果】: 好友【xiaoranailu】已满五人助力
【今日助力次数还剩】3次

开始助力京东账号1 - 小尾巴充电宝的好友: 16414f9f67714e5f8f31b2e0687b35a6
【助力好友结果】: 好友【wshfxrgy】已满五人助力
【今日助力次数还剩】3次

开始助力京东账号1 - 小尾巴充电宝的好友: 144772b99bd04e309606d113acd0eb95
【助力好友结果】: 好友【兔子ne】已满五人助力
【今日助力次数还剩】3次

助力好友结束，即将开始领取额外水滴奖励


3件套收纳箱种植中...


初始化任务列表
开始签到
【签到成功】获得5g💧\n
被水滴砸中： 否
签到结束,开始广告浏览任务
正在进行广告浏览任务: 9.9抢20包薯片
9.9抢20包薯片浏览任务完成
领取浏览9.9抢20包薯片广告奖励成功,获得6g
正在进行广告浏览任务: 抢8元超市大红包
抢8元超市大红包浏览任务完成
领取浏览抢8元超市大红包广告奖励成功,获得6g
正在进行广告浏览任务: 最高领10元红包
最高领10元红包浏览任务完成
领取浏览最高领10元红包广告奖励成功,获得6g
正在进行广告浏览任务: 浏览魅族 18 Pro
浏览魅族 18 Pro浏览任务完成
领取浏览浏览魅族 18 Pro广告奖励成功,获得6g
正在进行广告浏览任务: 去京东金融App领钢镚
去京东金融App领钢镚浏览任务完成
领取浏览去京东金融App领钢镚广告奖励成功,获得6g
正在进行广告浏览任务: 9.9元网红小神器专场
9.9元网红小神器专场浏览任务完成
领取浏览9.9元网红小神器专场广告奖励成功,获得6g
正在进行广告浏览任务: 去抢9.9元T恤
去抢9.9元T恤浏览任务完成
领取浏览去抢9.9元T恤广告奖励成功,获得6g
正在进行广告浏览任务: 维达手帕纸30包7.9元
维达手帕纸30包7.9元浏览任务完成
领取浏览维达手帕纸30包7.9元广告奖励成功,获得6g
正在进行广告浏览任务: 5.9元抢5双短袜
5.9元抢5双短袜浏览任务完成
领取浏览5.9元抢5双短袜广告奖励成功,获得6g
【广告浏览】完成9个,获得54g💧

当前不在定时领水时间断或者已经领过

开始给好友浇水...

初始化任务列表
今日已给0个好友浇水
需要浇水的好友列表shareCodes:["7e72ce9defbd47399b0dc30c724c4881","3baf7f65686242e2b426eb5b1016d675"]
为第1个好友浇水结果:{"code":"0","remainTimeSeconds":49252,"firstWater":false,"statisticsTimes":null,"sysTime":1620008348523,"message":null}

为第2个好友浇水结果:{"code":"0","remainTimeSeconds":49251,"firstWater":false,"statisticsTimes":null,"sysTime":1620008349679,"message":null}

【好友浇水】已给2个好友浇水,消耗20g水


今日已邀请好友0个 / 每日邀请上限4个
开始删除8个好友,可拿每天的邀请奖励

开始删除好友 [7e72ce9defbd47399b0dc30c724c4881]
删除好友 [7e72ce9defbd47399b0dc30c724c4881] 成功


开始删除好友 [3baf7f65686242e2b426eb5b1016d675]
删除好友 [3baf7f65686242e2b426eb5b1016d675] 成功


开始删除好友 [bfc49ad6bf7f430b826a656181beb838]
删除好友 [bfc49ad6bf7f430b826a656181beb838] 成功


开始删除好友 [4228f0f1e4df439eb8bf4967a72c1a94]
删除好友 [4228f0f1e4df439eb8bf4967a72c1a94] 成功


开始删除好友 [71d1420dc61e45ccb533da99a8996c8e]
删除好友 [71d1420dc61e45ccb533da99a8996c8e] 成功


开始删除好友 [3076264c497b412a8b9346d56b54cc01]
删除好友 [3076264c497b412a8b9346d56b54cc01] 成功


开始删除好友 [a6bc6a92f85a4f1899e672f7bea30641]
删除好友 [a6bc6a92f85a4f1899e672f7bea30641] 成功


开始删除好友 [6c14d404a3e542fb9d69447d93102ed1]
删除好友 [6c14d404a3e542fb9d69447d93102ed1] 成功

接收邀请成为好友结果成功,您已成为进击的喵星人1的好友
接收邀请成为好友结果成功,您已成为嘟宝妈咪咕的好友
接收邀请成为好友结果成功,您已成为Z随缘--的好友
接收邀请成为好友结果成功,您已成为尽心尽力的多情的好友
接收邀请成为好友结果成功,您已成为xiaoranailu的好友
今日未邀请过好友
开始打卡领水活动（签到，关注，领券）
开始今日签到
打卡结果{"amount":10,"code":"0","todayGotWaterGoalTask":{"canPop":false},"statisticsTimes":null,"signDay":1,"sysTime":1620008391483,"message":null}
【第1天签到】获得10g💧

关注ID96
themeStep1--结果{"followState":"0","code":"0","todayGotWaterGoalTask":{"canPop":false},"statisticsTimes":null,"sysTime":1620008392634,"message":null}
themeStep2--结果{"amount":2,"code":"0","todayGotWaterGoalTask":{"canPop":false},"statisticsTimes":null,"sysTime":1620008393778,"message":null}
关注美妆馆，获得水滴2g
关注ID249
themeStep1--结果{"followState":"0","code":"0","todayGotWaterGoalTask":{"canPop":false},"statisticsTimes":null,"sysTime":1620008394908,"message":null}
themeStep2--结果{"amount":2,"code":"0","todayGotWaterGoalTask":{"canPop":false},"statisticsTimes":null,"sysTime":1620008396050,"message":null}
关注美食馆，获得水滴2g
关注ID112
themeStep1--结果{"followState":"0","code":"0","todayGotWaterGoalTask":{"canPop":false},"statisticsTimes":null,"sysTime":1620008397187,"message":null}
themeStep2--结果{"amount":2,"code":"0","todayGotWaterGoalTask":{"canPop":false},"statisticsTimes":null,"sysTime":1620008398325,"message":null}
关注京东超市，获得水滴2g
开始打卡领水活动（签到，关注，领券）结束

水滴雨任务，每天两次，最多可得10g水滴
两次水滴雨任务是否全部完成：否
开始水滴雨任务,这是第1次，剩余1次
水滴雨waterRain
水滴雨任务执行成功，获得水滴：10g
【第1次水滴雨】获得10g水滴

助力好友未达到5个
领取额外奖励水滴结束

是否到了领取免费赠送的抽奖机会----false
免费赠送的抽奖机会未到时间
开始浏览天天抽奖的第1个逛会场任务
浏览爆品会场
第1个逛会场任务完成，开始领取水滴奖励

天天抽奖浏览任务领取水滴
第1个逛会场任务领取水滴奖励完成

开始浏览天天抽奖的第2个逛会场任务
浏览爆品会场
第2个逛会场任务完成，开始领取水滴奖励

天天抽奖浏览任务领取水滴
第2个逛会场任务领取水滴奖励完成

开始天天抽奖--好友助力--每人每天只有三次助力机会.
天天抽奖-助力进击的喵星人1成功

天天抽奖-助力jd_淡然微笑成功

天天抽奖-助力jddaisy灵成功

天天抽奖-助力永失败,助力次数耗尽

---天天抽奖次数remainLotteryTimes----3次
开始抽奖
等待了2秒
第1次抽奖结果{"beanCount":2,"code":"0","statisticsTimes":null,"sysTime":1620008422210,"message":null,"type":"bean2","remainLotteryTimes":2}
lotteryRes.typebean2
等待了2秒
第2次抽奖结果{"beanCount":2,"code":"0","statisticsTimes":null,"sysTime":1620008425368,"message":null,"type":"bean2","remainLotteryTimes":1}
lotteryRes.typebean2
等待了2秒
第3次抽奖结果{"beanCount":2,"code":"0","statisticsTimes":null,"sysTime":1620008428544,"message":null,"type":"bean2","remainLotteryTimes":0}
lotteryRes.typebean2
【天天抽奖】京豆2个，京豆2个，京豆2个


准备浇水十次
第1次浇水
等待了1秒
本次浇水结果:   {"code":"0","totalEnergy":165,"statisticsTimes":null,"totalWaterTimes":3,"sysTime":1620008431832,"finished":false,"message":null,"waterStatus":0,"sendAmount":10,"treeEnergy":1040}
剩余水滴165g
第2次浇水
等待了1秒
本次浇水结果:   {"code":"0","totalEnergy":155,"statisticsTimes":null,"totalWaterTimes":4,"sysTime":1620008433978,"finished":false,"message":null,"waterStatus":0,"sendAmount":10,"treeEnergy":1050}
剩余水滴155g
第3次浇水
等待了1秒
本次浇水结果:   {"code":"0","totalEnergy":145,"statisticsTimes":null,"totalWaterTimes":5,"sysTime":1620008436124,"finished":false,"message":null,"waterStatus":0,"sendAmount":10,"treeEnergy":1060}
剩余水滴145g
第4次浇水
等待了1秒
本次浇水结果:   {"code":"0","totalEnergy":135,"statisticsTimes":null,"totalWaterTimes":6,"sysTime":1620008438277,"finished":false,"message":null,"waterStatus":0,"sendAmount":10,"treeEnergy":1070}
剩余水滴135g
第5次浇水
等待了1秒
本次浇水结果:   {"code":"0","totalEnergy":125,"statisticsTimes":null,"totalWaterTimes":7,"sysTime":1620008440432,"finished":false,"message":null,"waterStatus":0,"sendAmount":10,"treeEnergy":1080}
剩余水滴125g
第6次浇水
等待了1秒
本次浇水结果:   {"code":"0","totalEnergy":115,"statisticsTimes":null,"totalWaterTimes":8,"sysTime":1620008442579,"finished":false,"message":null,"waterStatus":0,"sendAmount":10,"treeEnergy":1090}
剩余水滴115g
第7次浇水
等待了1秒
本次浇水结果:   {"code":"0","totalEnergy":105,"statisticsTimes":null,"totalWaterTimes":9,"sysTime":1620008444727,"finished":false,"message":null,"waterStatus":0,"sendAmount":10,"treeEnergy":1100}
剩余水滴105g
第8次浇水
等待了1秒
本次浇水结果:   {"code":"0","totalEnergy":95,"statisticsTimes":null,"totalWaterTimes":10,"sysTime":1620008446866,"finished":false,"message":null,"waterStatus":0,"sendAmount":10,"treeEnergy":1110}
剩余水滴95g
第9次浇水
等待了1秒
本次浇水结果:   {"code":"0","totalEnergy":85,"statisticsTimes":null,"totalWaterTimes":11,"sysTime":1620008449008,"finished":false,"message":null,"waterStatus":0,"sendAmount":10,"treeEnergy":1120}
剩余水滴85g
第10次浇水
等待了1秒
本次浇水结果:   {"code":"0","totalEnergy":75,"statisticsTimes":null,"totalWaterTimes":12,"sysTime":1620008451160,"finished":false,"message":null,"waterStatus":0,"sendAmount":10,"treeEnergy":1130}
剩余水滴75g

初始化任务列表
【首次浇水奖励】获得10g💧

【十次浇水奖励】获得10g💧

finished 水果任务完成!

初始化任务列表
领取给2个好友浇水后的奖励水滴::{"code":"0","statisticsTimes":null,"sysTime":1620008456929,"addWater":25,"message":null}
【给2好友浇水】奖励25g水滴

小鸭子游戏:小鸭祝你新年新气象
小鸭子游戏:小鸭子为你带回快速浇水卡
小鸭子游戏:小鸭子和好友玩耍去啦
小鸭子游戏:小鸭子和好友玩耍去啦
小鸭子游戏:小鸭子和好友玩耍去啦
小鸭子还在努力乘风破浪
开始检查剩余水滴能否再次浇水再次浇水

剩余水滴120g

背包已有道具:
快速浇水卡:14张
水滴翻倍卡:未解锁
水滴换京豆卡:4张
加签卡:0张

目前剩余水滴：【120】g，可继续浇水
等待了1秒
本次浇水结果:   {"code":"0","totalEnergy":110,"statisticsTimes":null,"totalWaterTimes":13,"sysTime":1620008461192,"finished":false,"message":null,"waterStatus":0,"sendAmount":10,"treeEnergy":1140}

浇水10g成功,剩余110

等待了1秒
本次浇水结果:   {"code":"0","totalEnergy":100,"statisticsTimes":null,"totalWaterTimes":14,"sysTime":1620008463330,"finished":false,"message":null,"waterStatus":0,"sendAmount":10,"treeEnergy":1150}

浇水10g成功,剩余100

开始预测水果成熟时间


初始化任务列表

==============📣系统通知📣==============
东东农场
【京东账号1】小尾巴充电宝
【水果名称】3件套收纳箱
【已兑换水果】1次
【今日剩余助力👬】3次
【额外奖励】领取失败,原因：给您助力的人未达5个
【今日共浇水】14次
【剩余 水滴】100g💧
【水果🍉进度】14.37%，已浇水115次,还需685次
【预测】49天之后(2021-06-21日)可兑换水果🍉


您未提供server酱的SCKEY，取消微信推送消息通知🚫

您未提供push+推送所需的PUSH_PLUS_TOKEN，取消push+推送消息通知🚫

您未提供Bark的APP推送BARK_PUSH，取消Bark推送消息通知🚫

您未提供telegram机器人推送所需的TG_BOT_TOKEN和TG_USER_ID，取消telegram推送消息通知🚫

您未提供钉钉机器人推送所需的DD_BOT_TOKEN或者DD_BOT_SECRET，取消钉钉推送消息通知🚫

您未提供企业微信机器人推送所需的QYWX_KEY，取消企业微信推送消息通知🚫

您未提供企业微信应用消息推送所需的QYWX_AM，取消企业微信应用消息推送消息通知🚫

您未提供iGot的推送IGOT_PUSH_KEY，取消iGot推送消息通知🚫


🔔东东农场, 结束! 🕛 176.76 秒

