
🔔京东家庭号, 开始!

====================共1个京东账号Cookie=========

==================脚本执行- 北京时间(UTC+8)：5/3/2021, 10:18:07 AM=====================


******开始【京东账号1】jd_63671030e8dea*********

当前幸福值：4626
去做任务5fed97ce5da81a8c069810df
任务完成成功
去做任务600e29f6986178004811bdb0
任务完成失败，原因未知
去做任务5fed97ce5da81a8c069810de
任务完成失败，原因未知
去做任务5fed97ce5da81a8c069810dd
任务完成成功
去做任务5fed97ce5da81a8c069810da
任务完成成功
去做任务5fed97ce5da81a8c069810d9
任务完成成功
去做任务5fed97ce5da81a8c069810d8
任务完成成功
去做任务5fed97ce5da81a8c069810d7
任务完成成功
去做任务5fed97ce5da81a8c069810d6
任务完成成功
去做任务5fed97ce5da81a8c069810d5
任务完成成功
去做任务5fed97ce5da81a8c069810d4
任务完成成功
去做任务5ffbea8009fec446f7e505f7
任务完成成功
去做任务6000f97609fec446f7e50e01
任务完成成功
去做任务60064bfd8f6c83ec46a228e3
任务完成成功
当前幸福值：4868
京东家庭号

京东账号1jd_63671030e8dea
当前幸福值：4868

🔔京东家庭号, 结束! 🕛 18.266 秒

