
🔔京喜签到, 开始!

====================共1个京东账号Cookie=========

==================脚本执行- 北京时间(UTC+8)：5/3/2021, 10:18:28 AM=====================


******开始【京东账号1】小尾巴充电宝*********

签到成功，获得5金币，已签到2天
去做浏览商品任务任务
任务领取成功
任务完成成功，获得金币1
去做浏览商品任务任务
任务领取成功
任务完成成功，获得金币1
去做浏览商品任务任务
任务领取成功
任务完成成功，获得金币1
去做浏览商品任务任务
任务领取成功
任务完成成功，获得金币1
去做浏览商品任务任务
任务领取成功
任务完成成功，获得金币1
去做浏览商品任务任务
任务领取成功
任务完成成功，获得金币1
去做浏览商品任务任务
任务领取成功
任务完成成功，获得金币1
去做浏览商品任务任务
任务领取成功
任务完成成功，获得金币1
去做浏览商品任务任务
任务领取成功
任务完成成功，获得金币1
去做浏览商品任务任务
任务领取成功
任务完成成功，获得金币1
双签成功，获得金币0.06元
京东账号1小尾巴充电宝
本次运行获得金币15,现金0.06

🔔京喜签到, 结束! 🕛 24.715 秒

