
🔔闪购盲盒, 开始!

====================共1个京东账号Cookie=========

==================脚本执行- 北京时间(UTC+8)：5/3/2021, 10:18:22 AM=====================

开始获取闪购盲盒配置文件

共1个京东账号

您提供了0个账号的闪购盲盒助力码

由于您第1个京东账号未提供shareCode,将采纳本脚本自带的助力码

开始
随机取20个码放到您固定的互助码后面(不影响已有固定互助)
第1个京东账号将要助力的好友["T019-aknAFRllhyoQlyI46gCjVQmoaT5kRrbA","T010_aU6SR8Q_QCjVQmoaT5kRrbA","T0225KkcRhcbp1CBJhv0wfZedQCjVQmoaT5kRrbA","T027Zm_olqSxIOtH97BATGmKoWraLawCjVQmoaT5kRrbA","T0205KkcKkNEizeXWWS9za9XCjVWmIaW5kRrbA","T0225KkcRRkeoFeCdEunnfcIdQCjVQmoaT5kRrbA","T0205KkcNWFQihOvZGC26LBZCjVQmoaT5kRrbA","T0205KkcHlllrSi-QVK09KtcCjVQmoaT5kRrbA","T022v_50RxsY9lHfPR7xkfAMcwCjVWmIaW5kRrbA","T0225KkcRB4coFGBdEv0nKIIcACjVQmoaT5kRrbA","T0205KkcA2ZKsQafU3-c54B5CjVQmoaT5kRrbA","T0205KkcOUhvpgWzYlKIxZVKCjVQmoaT5kRrbA","T0157_xzQxce9FDVKR0CjVQmoaT5kRrbA","T0079P50RxgCjVWmIaW5kRrbA","T0225KkcRBoR8lffIUuil6MCfACjVQmoaT5kRrbA","T020uPR3SRoZ9VfKJR_1kvMOCjVWmIaW5kRrbA","T0205KkcM19NgyWTSnOm0Z1jCjVWmIaW5kRrbA","T0225KkcRBgY9lzXdhn3xvRcdgCjVWmIaW5kRrbA","T019-aklHURjpDOLZkynyLACjVWmIaW5kRrbA","T0225KkcREoa_QfTcUugx_UIdQCjVQmoaT5kRrbA","T0225KkcRxlPp1XXJEjylf9ZcgCjVQmoaT5kRrbA","T0126rgiHkpIvQGOCjVQmoaT5kRrbA","T019-ak2FGB8qQKGZ3qe9KACjVQmoaT5kRrbA","T0225KkcRBYQp1PRIBvyx6UCIQCjVQmoaT5kRrbA"]

******开始【京东账号1】Hobbot*********


14-邀请好友助力-已完成0-未完成10

【京东账号1（jd_63694f3490008）的闪购盲盒好友互助码】T0225KkcRh0f_FCBIx79lPcKfACjVQmoaT5kRrbA

助力已满员！谢谢你哦~
助力已满员！谢谢你哦~
助力已满员！谢谢你哦~
助力已满员！谢谢你哦~
助力已满员！谢谢你哦~
助力已满员！谢谢你哦~
助力已满员！谢谢你哦~
助力已满员！谢谢你哦~
助力已满员！谢谢你哦~
你点击的太快啦
请稍后尝试~
助力已满员！谢谢你哦~
助力已满员！谢谢你哦~
助力已满员！谢谢你哦~
助力已满员！谢谢你哦~
助力已满员！谢谢你哦~
助力已满员！谢谢你哦~
助力已满员！谢谢你哦~
助力已满员！谢谢你哦~
助力已满员！谢谢你哦~
助力已满员！谢谢你哦~
助力已满员！谢谢你哦~
助力已满员！谢谢你哦~
助力已满员！谢谢你哦~
助力已满员！谢谢你哦~

8-浏览商品任务-已完成0-未完成2

Jeep/吉普男鞋2021春夏季新品手工运动凉鞋子男士青年软底舒适潮牌沙滩鞋户外防滑耐磨罗马鞋 灰色 45
success

樱花烟雨文艺针织马甲女宽松无袖背心上衣春秋装新品原创棉麻女装休闲百搭 蓝色 均码
success

开始抽奖

开始抽奖

开始抽奖
京豆:1

7-浏览并关注店铺-已完成0-未完成2

喜安智京东自营旗舰店
success

STP京东自营旗舰店
success

开始抽奖

开始抽奖
京豆:2

26-浏览并关注频道-已完成0-未完成3

浏览并关注闪购频道
success

浏览并关注优惠日历
success

浏览并关注秒杀频道
success

开始抽奖

开始抽奖

开始抽奖

9-浏览会场任务-已完成0-未完成2

浏览锦鲤红包
success

浏览今日必拼活动
success

开始抽奖

开始抽奖

开始抽奖

==============📣系统通知📣==============
闪购盲盒
【京东账号1】Hobbot
任务已完成，本次运行获得京豆3
【京东账号1】Hobbot
任务已完成，本次运行获得京豆3

🔔闪购盲盒, 结束! 🕛 93.738 秒

