
🔔闪购盲盒, 开始!

====================共1个京东账号Cookie=========

==================脚本执行- 北京时间(UTC+8)：5/3/2021, 10:18:22 AM=====================

开始获取闪购盲盒配置文件

共1个京东账号

您提供了0个账号的闪购盲盒助力码

由于您第1个京东账号未提供shareCode,将采纳本脚本自带的助力码

开始
随机取20个码放到您固定的互助码后面(不影响已有固定互助)
第1个京东账号将要助力的好友["T019-aknAFRllhyoQlyI46gCjVQmoaT5kRrbA","T010_aU6SR8Q_QCjVQmoaT5kRrbA","T0225KkcRhcbp1CBJhv0wfZedQCjVQmoaT5kRrbA","T027Zm_olqSxIOtH97BATGmKoWraLawCjVQmoaT5kRrbA","T0225KkcRRgepAHSc0illv5fcgCjVQmoaT5kRrbA","T0225KkcRxkd9QKBIh6ikKECcACjVWmIaW5kRrbA","T0225KkcRhwe8VCGck_xkPIKJQCjVQmoaT5kRrbA","T0205KkcAn1inBesU22z0oNyCjVWmIaW5kRrbA","T0225KkcRRse_AGGIRylwKJZdwCjVQmoaT5kRrbA","T0225KkcRR0dpFSEdR73kPdZIgCjVWmIaW5kRrbA","T0225KkcRR0c_VCCJRrzlKFbdgCjVQmoaT5kRrbA","T016v_1zRBgd8lHUInWpCjVQmoaT5kRrbA","T011_bU6L11BoAoCjVQmoaT5kRrbA","T0225KkcRB8a_FaEJROmxaEPJgCjVQmoaT5kRrbA","T0225KkcRE0coFPUIhr8lPcPJgCjVQmoaT5kRrbA","T0156qw6FE9QsBTTIR8CjVQmoaT5kRrbA","T011-aUlCVdTrxcCjVWmIaW5kRrbA","T0124qwsF1tAqQ2JCjVQmoaT5kRrbA","T0205KkcJVRqnQuSalC-3rV2CjVQmoaT5kRrbA","T0225KkcRx8RoFKGJRP9lfAPJwCjVQmoaT5kRrbA","T014z50TMWJsiSuxVQCjVQmoaT5kRrbA","T018v_V6RxcQ913eJh-b1ACjVWmIaW5kRrbA","T0225KkcRh8boFGEIkjxk_ZbdQCjVWmIaW5kRrbA","T0225KkcRhdM812BIkmlwvJeJQCjVQmoaT5kRrbA"]

******开始【京东账号1】小尾巴充电宝*********


14-邀请好友助力-已完成0-未完成10

【京东账号1（jd_63671030e8dea）的闪购盲盒好友互助码】T0225KkcRh0f8lXXIxqhnKNfJQCjVQmoaT5kRrbA

助力已满员！谢谢你哦~
助力已满员！谢谢你哦~
助力已满员！谢谢你哦~
助力已满员！谢谢你哦~
助力已满员！谢谢你哦~
助力已满员！谢谢你哦~
助力已满员！谢谢你哦~
助力已满员！谢谢你哦~
助力已满员！谢谢你哦~
助力已满员！谢谢你哦~
助力已满员！谢谢你哦~
助力已满员！谢谢你哦~
助力已满员！谢谢你哦~
助力已满员！谢谢你哦~
助力已满员！谢谢你哦~
助力已满员！谢谢你哦~
助力已满员！谢谢你哦~
助力已满员！谢谢你哦~
助力已满员！谢谢你哦~
助力已满员！谢谢你哦~
助力已满员！谢谢你哦~
助力已满员！谢谢你哦~
助力已满员！谢谢你哦~
助力已满员！谢谢你哦~

8-浏览商品任务-已完成0-未完成2

【商场同款】NAUTICA诺帝卡春夏男士纯色棉质短袖POLO衫男多色款 KC0100 深灰 00E S
success

慕荷时尚阔腿裤套装2021新款女神范气质洋气减龄雪纺衫裤子两件套 藏蓝色 L
success

开始抽奖

开始抽奖

7-浏览并关注店铺-已完成0-未完成2

迪士尼爬行垫京东自营专区
success

褚小二（CHUXIAOER）京东自营旗舰店
success

开始抽奖

开始抽奖

26-浏览并关注频道-已完成0-未完成3

浏览并关注优惠日历
success

浏览并关注秒杀频道
success

浏览并关注闪购频道
success

开始抽奖

开始抽奖

开始抽奖

9-浏览会场任务-已完成0-未完成2

浏览今日必拼活动
success

浏览锦鲤红包
success

开始抽奖

开始抽奖

开始抽奖
【京东账号1】小尾巴充电宝
任务已完成，本次运行获得京豆0

🔔闪购盲盒, 结束! 🕛 93.444 秒

