
🔔京东多合一签到, 开始!

====================共2个京东账号Cookie=========

==================脚本执行- 北京时间(UTC+8)：5/3/2021, 10:15:06 AM=====================

JD_DailyBonus.js文件下载完毕


*****************开始京东账号1 Hobbot京豆签到*******************

开始替换变量
替换变量完毕

开始执行脚本签到，请稍等
👇👇👇👇👇👇👇👇👇👇👇LOG记录👇👇👇👇👇👇👇👇👇👇👇

京东魔方-尝试查询活动(2) 

京东现金-红包签到失败 

京东商城-超市签到失败 

京东商城-京豆签到失败 

京东商城-闪购签到失败 

京东商城-转盘查询成功 

京东商城-现金签到失败 

京东金融-钢镚签到失败 

京东商城-摇一摇签到失败 

京东商城-金贴签到失败 

京东秒杀-红包查询成功 

京东汽车-检查签到状态 

京东精彩-京豆签到失败 

京东金融-签贰查询成功 

京东金融-签壹查询成功 

京东魔方-尝试查询活动(1) 

京东秒杀-红包签到失败 

京东商城-转盘签到失败 

京东金融-签肆查询成功 

京东金融-签叁查询成功 

京东魔方-尝试查询活动(null) 

京东金融-签伍查询成功 

京东商城-魔方签到失败 

京东金贴-双签查询成功 

金融现金-双签查询成功 

京东商城-卡包重复签到

京东商城-图书重复签到

京东商城-母婴关注店铺

京东商城-鞋靴签到失败(1)

京东商城-童装关注店铺

京东商城-女装签到失败(1)

京东商城-数码关注店铺

京东商城-内衣关注店铺

京东商城-母婴签到失败(2)

京东商城-童装签到失败(2)

京东商城-数码签到失败(2)

京东商城-内衣签到失败(2)

京东商城-个护关注店铺

京东商城-校园重复签到

京东商城-健康关注店铺

京东商城-电竞重复签到

京东商城-清洁关注店铺

京东商城-服饰重复签到

京东商城-珠宝签到失败(1)

京东商城-箱包签到失败(1)

京东商城-个护签到失败(2)

京东智能-生活签到失败(1)

京东商城-健康签到失败(2)

京东拍拍-二手重复签到

京东商城-清洁签到失败(2)

天天加速-查询上次任务 

天天加速-目前结束时间: 
2021-05-04 01:58:07 [35%]

天天加速-暂无太空事件 

天天加速-暂无有效道具 

天天加速-查询无道具ID 

金融京豆-双签查询成功 

京东-总红包查询成功 

京东-总现金查询成功 

京东-总京豆查询成功 

京东-总钢镚查询成功 

京东-总金贴查询成功 


【签到概览】:  成功1个, 失败39个
【账号总计】:  1955京豆, 0.63钢镚
【其他总计】:  0.37金贴, 6.66现金, 8.76红包

京东商城-京豆: 失败, 原因: 已签过 ⚠️
京东商城-超市: 失败, 原因: 已签过 ⚠️
京东金融-钢镚: 失败, 原因: 已签过 ⚠️
京东商城-转盘: 失败, 原因: 已转过 ⚠️
京东商城-闪购: 失败, 原因: 已签过 ⚠️
京东现金-红包: 失败, 原因: 已签过 ⚠️
京东商城-魔方: 失败, 原因: 无机会 ⚠️
京东商城-金贴: 失败, 原因: 已签过 ⚠️
京东商城-现金: 失败, 原因: 已签过 ⚠️
京东商城-摇摇: 失败, 原因: 已摇过 ⚠️
京东秒杀-红包: 失败, 原因: 已领取 ⚠️
京东精彩-京豆: 失败, 原因: 已签过 ⚠️
京东商城-汽车: 失败, 原因: 已签过 ⚠️
京东金融-签壹: 失败, 原因: 已签过 ⚠️
京东金融-签贰: 失败, 原因: 已签过 ⚠️
京东金融-签叁: 失败, 原因: 已签过 ⚠️
京东金融-签肆: 失败, 原因: 已签过 ⚠️
京东金融-签伍: 失败, 原因: 已签过 ⚠️
京东商城-内衣: 失败, 请进行验证 ⚠️
京东商城-卡包: 失败, 原因: 已签过 ⚠️
京东商城-鞋靴: 失败, 原因: 已签过 ⚠️
京东商城-童装: 失败, 请进行验证 ⚠️
京东商城-母婴: 失败, 请进行验证 ⚠️
京东商城-数码: 失败, 请进行验证 ⚠️
京东商城-女装: 失败, 原因: 已签过 ⚠️
京东商城-图书: 失败, 原因: 已签过 ⚠️
京东金贴-双签: 失败, 原因: 已签过 ⚠️
金融现金-双签: 成功, 明细: 无现金 💰
京东商城-电竞: 失败, 原因: 已签过 ⚠️
京东商城-服饰: 失败, 原因: 已签过 ⚠️
京东商城-箱包: 失败, 原因: 已签过 ⚠️
京东商城-校园: 失败, 原因: 已签过 ⚠️
京东商城-健康: 失败, 请进行验证 ⚠️
京东拍拍-二手: 失败, 原因: 已签过 ⚠️
京东商城-清洁: 失败, 请进行验证 ⚠️
京东商城-个护: 失败, 请进行验证 ⚠️
京东商城-珠宝: 失败, 原因: 已签过 ⚠️
京东智能-生活: 失败, 原因: 已签过 ⚠️
京东天天-加速: 失败, 加速中[35%] ⚠️
金融京豆-双签: 失败, 原因: 已签过 ⚠️

签到用时: 5.34 秒

👆👆👆👆👆👆👆👆👆LOG记录👆👆👆👆👆👆👆👆👆👆👆


*****************5/3/2021, 10:15:13 京东账号1 Hobbot京豆签到完成*******************


*****************开始京东账号2 小尾巴充电宝京豆签到*******************

开始替换变量
替换变量完毕

开始执行脚本签到，请稍等
👇👇👇👇👇👇👇👇👇👇👇LOG记录👇👇👇👇👇👇👇👇👇👇👇

京东魔方-尝试查询活动(2) 

京东商城-闪购签到失败 

京东商城-超市签到成功 

京东现金-红包签到成功 

京东商城-京豆签到成功 

京东商城-转盘查询成功 

京东秒杀-红包查询成功 

京东商城-现金签到成功 

京东商城-摇一摇签到失败 

京东魔方-尝试查询活动(1) 

京东金融-钢镚签到成功 

京东金融-签叁查询成功 

京东金融-签贰查询成功 

京东金融-签壹查询成功 

京东金融-签伍查询成功 

京东汽车-检查签到状态 

京东秒杀-红包签到成功 

京东精彩-京豆签到成功 

京东魔方-尝试查询活动(null) 

京东金融-签肆查询成功 

京东商城-金贴签到成功 

京东金融-签贰领取异常 

京东金融-签贰 请尝试手动领取, 预计可得100个京豆: 
https://uf1.jr.jd.com/up/redEnvelopes/index.html?actCode=3A3E839252


京东金融-签壹领取异常 

京东金融-签壹 请尝试手动领取, 预计可得3京豆: 
https://uf1.jr.jd.com/up/redEnvelopes/index.html?actCode=4D25A6F482


京东金融-签叁领取异常 

京东金融-签叁 请尝试手动领取, 预计可得1个京豆: 
https://uf1.jr.jd.com/up/redEnvelopes/index.html?actCode=69F5EC743C


京东金融-签伍领取异常 

京东金融-签伍 请尝试手动领取, 预计可得3京豆: 
https://uf1.jr.jd.com/up/redEnvelopes/index.html?actCode=1D06AA3B0F


京东商城-魔方签到失败 

京东商城-摇一摇签到成功 

京东商城-汽车签到成功 

京东金融-签肆领取异常 

京东金融-签肆 请尝试手动领取, 预计可得3个京豆: 
https://uf1.jr.jd.com/up/redEnvelopes/index.html?actCode=30C4F86264


金融现金-双签查询成功 

京东金贴-双签查询成功 

京东商城-母婴关注店铺

京东商城-童装关注店铺

京东商城-鞋靴签到成功(1)

京东商城-图书签到成功(1)

京东商城-卡包签到成功(1)

京东商城-数码关注店铺

京东商城-女装签到成功(1)

京东商城-内衣关注店铺

京东商城-母婴签到失败(2)

京东商城-童装签到失败(2)

京东商城-数码签到失败(2)

京东商城-内衣签到失败(2)

京东商城-个护关注店铺

京东商城-健康关注店铺

京东商城-校园签到成功(1)

京东商城-清洁关注店铺

京东商城-珠宝签到成功(1)

京东商城-电竞签到成功(1)

京东商城-服饰签到成功(1)

京东商城-个护签到失败(2)

京东商城-箱包签到成功(1)

京东智能-生活签到成功(1)

京东商城-健康签到失败(2)

京东商城-清洁签到失败(2)

京东拍拍-二手签到成功(1)

天天加速-查询上次任务 

天天加速-领取上次奖励成功

天天加速-查询本次任务 

天天加速-开始本次任务 

天天加速-目前结束时间: 
2021-05-04 10:15:17 [0%]

天天加速-查询到3个有效事件 

天天加速-尝试领取第1个事件 

天天加速-尝试领取第2个事件 

天天加速-尝试领取第3个事件 

天天加速-已成功领取3个事件

天天加速-查询到6个有效道具 

天天加速-尝试领取第1个道具 

天天加速-尝试领取第2个道具 

天天加速-尝试领取第3个道具 

天天加速-尝试领取第4个道具 

天天加速-尝试领取第5个道具 

天天加速-尝试领取第6个道具 

天天加速-已成功领取6个道具

天天加速-查询成功6个道具ID 

天天加速-尝试使用第1个道具 (1s)

天天加速-尝试使用第2个道具 (1s)

天天加速-尝试使用第3个道具 (1s)

天天加速-尝试使用第4个道具 (1s)

天天加速-尝试使用第5个道具 (1s)

天天加速-尝试使用第6个道具 (1s)

天天加速-已成功使用6个道具

天天加速-再次检查任务 

天天加速-目前结束时间: 
2021-05-03 10:38:37 [98%]

天天加速-查询成功4个道具ID 

天天加速-尝试使用第1个道具 (1s)

天天加速-尝试使用第2个道具 (1s)

天天加速-尝试使用第3个道具 (1s)

天天加速-尝试使用第4个道具 (1s)

天天加速-已成功使用1个道具

天天加速-再次检查任务 

天天加速-领取本次奖励成功

天天加速-开始下轮任务 

天天加速-目前结束时间: 
2021-05-04 10:15:29 [0%]

天天加速-查询成功3个道具ID 

天天加速-尝试使用第1个道具 (1s)

天天加速-尝试使用第2个道具 (1s)

天天加速-尝试使用第3个道具 (1s)

天天加速-已成功使用2个道具

天天加速-再次检查任务 

天天加速-目前结束时间: 
2021-05-04 05:37:43 [19%]

天天加速-查询成功1个道具ID 

天天加速-尝试使用第1个道具 (1s)

天天加速-已成功使用0个道具

金融京豆-双签查询成功 

京东-总现金查询成功 

京东-总红包查询成功 

京东-总金贴查询成功 

京东-总京豆查询成功 

京东-总钢镚查询成功 


【签到概览】:  成功27个, 失败14个
【签到奖励】:  34京豆, 0.01钢镚
【其他奖励】:  0.28红包, 0.06金贴, 0.01现金
【账号总计】:  2296京豆, 0.24钢镚
【其他总计】:  0.31金贴, 1.92现金, 0.79红包

京东商城-京豆: 成功, 明细: 15京豆 🐶
京东商城-超市: 成功, 明细: 无京豆 🐶
京东金融-钢镚: 成功, 明细: 0.01钢镚 💰
京东商城-转盘: 成功, 状态: 未中奖 🐶
京东商城-闪购: 失败, 数据失联了，刷新看看吧~ ⚠️
京东现金-红包: 成功, 明细: 0.20红包 🧧
京东商城-魔方: 失败, 原因: 无机会 ⚠️
京东商城-金贴: 成功, 明细: 0.03金贴 💰
京东商城-现金: 成功, 明细: 0.01现金 💰
京东商城-摇摇: 成功, 明细: 无奖励 🐶
京东商城-摇摇: 多次, 获得满99减10优惠券→ 仅可购买自营图书部分商品
京东秒杀-红包: 成功, 明细: 0.08红包 🧧
京东精彩-京豆: 成功, 明细: 1京豆 🐶
京东商城-汽车: 成功, 明细: 无京豆 🐶
京东金融-签壹: 失败, 原因: 领取异常 ⚠️
京东金融-签贰: 失败, 原因: 领取异常 ⚠️
京东金融-签叁: 失败, 原因: 领取异常 ⚠️
京东金融-签肆: 失败, 原因: 领取异常 ⚠️
京东金融-签伍: 失败, 原因: 领取异常 ⚠️
京东商城-内衣: 失败, 请进行验证 ⚠️
京东商城-卡包: 成功, 明细: 无京豆 🐶
京东商城-鞋靴: 成功, 明细: 1京豆 🐶
京东商城-童装: 失败, 请进行验证 ⚠️
京东商城-母婴: 失败, 请进行验证 ⚠️
京东商城-数码: 失败, 请进行验证 ⚠️
京东商城-女装: 成功, 明细: 无京豆 🐶
京东商城-图书: 成功, 明细: 无京豆 🐶
京东金贴-双签: 成功, 明细: 0.03金贴 💰
金融现金-双签: 成功, 明细: 无现金 💰
京东商城-电竞: 成功, 明细: 无京豆 🐶
京东商城-服饰: 成功, 明细: 4京豆 🐶
京东商城-箱包: 成功, 明细: 无京豆 🐶
京东商城-校园: 成功, 明细: 无京豆 🐶
京东商城-健康: 失败, 请进行验证 ⚠️
京东拍拍-二手: 成功, 明细: 6京豆 🐶
京东商城-清洁: 失败, 请进行验证 ⚠️
京东商城-个护: 失败, 请进行验证 ⚠️
京东商城-珠宝: 成功, 明细: 无京豆 🐶
京东智能-生活: 成功, 明细: 无京豆 🐶
京东天天-加速: 成功, 明细: 4京豆 🐶
金融京豆-双签: 成功, 明细: 3京豆 🐶

签到用时: 19.32 秒

👆👆👆👆👆👆👆👆👆LOG记录👆👆👆👆👆👆👆👆👆👆👆


*****************5/3/2021, 10:15:32 京东账号2 小尾巴充电宝京豆签到完成*******************




您未提供server酱的SCKEY，取消微信推送消息通知🚫

您未提供push+推送所需的PUSH_PLUS_TOKEN，取消push+推送消息通知🚫

您未提供Bark的APP推送BARK_PUSH，取消Bark推送消息通知🚫

您未提供telegram机器人推送所需的TG_BOT_TOKEN和TG_USER_ID，取消telegram推送消息通知🚫

您未提供钉钉机器人推送所需的DD_BOT_TOKEN或者DD_BOT_SECRET，取消钉钉推送消息通知🚫

您未提供企业微信机器人推送所需的QYWX_KEY，取消企业微信推送消息通知🚫

您未提供企业微信应用消息推送所需的QYWX_AM，取消企业微信应用消息推送消息通知🚫

您未提供iGot的推送IGOT_PUSH_KEY，取消iGot推送消息通知🚫


🔔京东多合一签到, 结束! 🕛 26.357 秒

