
🔔京东多合一签到, 开始!

====================共1个京东账号Cookie=========

==================脚本执行- 北京时间(UTC+8)：5/3/2021, 10:18:00 AM=====================

JD_DailyBonus.js文件下载完毕


*****************开始京东账号1 Hobbot京豆签到*******************

开始替换变量
替换变量完毕

开始执行脚本签到，请稍等
👇👇👇👇👇👇👇👇👇👇👇LOG记录👇👇👇👇👇👇👇👇👇👇👇

京东魔方-尝试查询活动(2) 

京东商城-京豆签到失败 

京东商城-超市签到失败 

京东现金-红包签到失败 

京东商城-闪购签到失败 

京东商城-转盘查询成功 

京东商城-现金签到失败 

京东金融-钢镚签到失败 

京东商城-摇一摇签到失败 

京东秒杀-红包查询成功 

京东商城-金贴签到失败 

京东汽车-检查签到状态 

京东精彩-京豆签到失败 

京东魔方-尝试查询活动(1) 

京东商城-转盘签到失败 

京东秒杀-红包签到失败 

京东金融-签壹查询成功 

京东金融-签伍查询成功 

京东金融-签贰查询成功 

京东金融-签叁查询成功 

京东金融-签肆查询成功 

京东魔方-尝试查询活动(null) 

京东商城-魔方签到失败 

京东金贴-双签查询成功 

金融现金-双签查询成功 

京东商城-卡包重复签到

京东商城-母婴关注店铺

京东商城-图书重复签到

京东商城-童装关注店铺

京东商城-鞋靴签到失败(1)

京东商城-数码关注店铺

京东商城-女装签到失败(1)

京东商城-母婴签到失败(2)

京东商城-童装签到失败(2)

京东商城-内衣关注店铺

京东商城-数码签到失败(2)

京东商城-内衣签到失败(2)

京东商城-校园重复签到

京东商城-个护关注店铺

京东商城-健康关注店铺

京东商城-电竞重复签到

京东商城-服饰重复签到

京东商城-清洁关注店铺

京东商城-珠宝签到失败(1)

京东商城-箱包签到失败(1)

京东商城-个护签到失败(2)

京东商城-健康签到失败(2)

京东智能-生活签到失败(1)

京东拍拍-二手重复签到

京东商城-清洁签到失败(2)

天天加速-查询上次任务 

天天加速-目前结束时间: 
2021-05-04 01:58:07 [35%]

天天加速-暂无太空事件 

天天加速-暂无有效道具 

天天加速-查询无道具ID 

金融京豆-双签查询成功 

京东-总红包查询成功 

京东-总现金查询成功 

京东-总金贴查询成功 

京东-总京豆查询成功 

京东-总钢镚查询成功 


【签到概览】:  成功1个, 失败39个
【账号总计】:  2111京豆, 0.63钢镚
【其他总计】:  0.44金贴, 6.73现金, 8.81红包

京东商城-京豆: 失败, 原因: 已签过 ⚠️
京东商城-超市: 失败, 原因: 已签过 ⚠️
京东金融-钢镚: 失败, 原因: 已签过 ⚠️
京东商城-转盘: 失败, 原因: 已转过 ⚠️
京东商城-闪购: 失败, 原因: 已签过 ⚠️
京东现金-红包: 失败, 原因: 已签过 ⚠️
京东商城-魔方: 失败, 原因: 无机会 ⚠️
京东商城-金贴: 失败, 原因: 已签过 ⚠️
京东商城-现金: 失败, 原因: 已签过 ⚠️
京东商城-摇摇: 失败, 原因: 已摇过 ⚠️
京东秒杀-红包: 失败, 原因: 已领取 ⚠️
京东精彩-京豆: 失败, 原因: 已签过 ⚠️
京东商城-汽车: 失败, 原因: 已签过 ⚠️
京东金融-签壹: 失败, 原因: 已签过 ⚠️
京东金融-签贰: 失败, 原因: 已签过 ⚠️
京东金融-签叁: 失败, 原因: 已签过 ⚠️
京东金融-签肆: 失败, 原因: 已签过 ⚠️
京东金融-签伍: 失败, 原因: 已签过 ⚠️
京东商城-内衣: 失败, 请进行验证 ⚠️
京东商城-卡包: 失败, 原因: 已签过 ⚠️
京东商城-鞋靴: 失败, 原因: 已签过 ⚠️
京东商城-童装: 失败, 请进行验证 ⚠️
京东商城-母婴: 失败, 请进行验证 ⚠️
京东商城-数码: 失败, 请进行验证 ⚠️
京东商城-女装: 失败, 原因: 已签过 ⚠️
京东商城-图书: 失败, 原因: 已签过 ⚠️
京东金贴-双签: 失败, 原因: 已签过 ⚠️
金融现金-双签: 成功, 明细: 无现金 💰
京东商城-电竞: 失败, 原因: 已签过 ⚠️
京东商城-服饰: 失败, 原因: 已签过 ⚠️
京东商城-箱包: 失败, 原因: 已签过 ⚠️
京东商城-校园: 失败, 原因: 已签过 ⚠️
京东商城-健康: 失败, 请进行验证 ⚠️
京东拍拍-二手: 失败, 原因: 已签过 ⚠️
京东商城-清洁: 失败, 请进行验证 ⚠️
京东商城-个护: 失败, 请进行验证 ⚠️
京东商城-珠宝: 失败, 原因: 已签过 ⚠️
京东智能-生活: 失败, 原因: 已签过 ⚠️
京东天天-加速: 失败, 加速中[35%] ⚠️
金融京豆-双签: 失败, 原因: 已签过 ⚠️

签到用时: 5.34 秒

👆👆👆👆👆👆👆👆👆LOG记录👆👆👆👆👆👆👆👆👆👆👆


*****************5/3/2021, 10:22:59 京东账号1 Hobbot京豆签到完成*******************




您未提供server酱的SCKEY，取消微信推送消息通知🚫

您未提供push+推送所需的PUSH_PLUS_TOKEN，取消push+推送消息通知🚫

您未提供Bark的APP推送BARK_PUSH，取消Bark推送消息通知🚫

您未提供telegram机器人推送所需的TG_BOT_TOKEN和TG_USER_ID，取消telegram推送消息通知🚫

您未提供钉钉机器人推送所需的DD_BOT_TOKEN或者DD_BOT_SECRET，取消钉钉推送消息通知🚫

您未提供企业微信机器人推送所需的QYWX_KEY，取消企业微信推送消息通知🚫

您未提供企业微信应用消息推送所需的QYWX_AM，取消企业微信应用消息推送消息通知🚫

您未提供iGot的推送IGOT_PUSH_KEY，取消iGot推送消息通知🚫


🔔京东多合一签到, 结束! 🕛 299.24 秒

