
🔔京东赚赚, 开始!

====================共1个京东账号Cookie=========

==================脚本执行- 北京时间(UTC+8)：5/3/2021, 10:18:10 AM=====================

开始获取京东赚赚配置文件

共1个京东账号

您提供了0个账号的京东赚赚助力码


******开始【京东账号1】小尾巴充电宝*********

由于您第1个京东账号未提供shareCode,将采纳本脚本自带的助力码

开始
随机取20个码放到您固定的互助码后面(不影响已有固定互助)
第1个京东账号将要助力的好友["ATGEC3-fsrn13aiaEqiM","AUWE5maSSnzFeDmH4iH0elA","AUWE5m6WUmDdZC2mr1XhJlQ","AUWE5m_jEzjJZDTKr3nwfkg","A06fNSRc4GIqY38pMBeLKQE2InZA","AUWE5mf7ExDZdDmH7j3wfkA","AUWE5m6jBy2cNAWX7j31Pxw","AUWE5mK2UnDddDTX61S1Mkw","AUWE5mavGyGZdWzP5iCoZwQ","S5KkcGkhttBK-fWuMwZ9o","S5KkcRE9P9VLVJE_zkvYMcg","S5KkcRRZN9VaCJ0-hlPdfdQ","Sv_5wQx0a9FTTIB-b1A","S9qQsHklFrAiOT02ry6M","S5qgmAkFQsB3Q","S5KYrEUZI9Fw","S-akmHkpKsgeWSGGAzbI","S5KkcRB8a9VeFKR_0xvICJQ","Su_hymKyMIdx79aR7Qlq0rGWhj7Fu","S5KkcRhYY8gXfJR_1x6YNdQ","S9LU7ChwZ9VY","SvP9xSBcY81GLakc","S5KkcBltjlS-Te36jyoND","S5KkcRBYQ_QbVdUnxx6UNdA","SZ3_Cl6m8INdX","S56QqGV9d","S5KkcRB8Z9lbTJR79x_YKJQ","S5KkcR08f81bSIkvznPdbcw","S5KkcJUZ5ozK3Znm0y5FP"]

【京东账号1（jd_63671030e8dea）的京东赚赚好友互助码】S5KkcRh0f8lXXIxqhnKNfJQ

好友任务已完成，下次再给他助力吧~
好友任务已完成，下次再给他助力吧~
好友任务已完成，下次再给他助力吧~
好友任务已完成，下次再给他助力吧~
好友任务已完成，下次再给他助力吧~
好友任务已完成，下次再给他助力吧~
好友任务已完成，下次再给他助力吧~
好友任务已完成，下次再给他助力吧~
好友任务已完成，下次再给他助力吧~
好友任务已完成，下次再给他助力吧~
好友任务已完成，下次再给他助力吧~
好友任务已完成，下次再给他助力吧~
好友任务已完成，下次再给他助力吧~
好友任务已完成，下次再给他助力吧~
好友任务已完成，下次再给他助力吧~
好友任务已完成，下次再给他助力吧~
好友任务已完成，下次再给他助力吧~
好友任务已完成，下次再给他助力吧~
好友任务已完成，下次再给他助力吧~
好友任务已完成，下次再给他助力吧~
好友任务已完成，下次再给他助力吧~
好友任务已完成，下次再给他助力吧~
好友任务已完成，下次再给他助力吧~
好友任务已完成，下次再给他助力吧~
好友任务已完成，下次再给他助力吧~
好友任务已完成，下次再给他助力吧~
好友任务已完成，下次再给他助力吧~
好友任务已完成，下次再给他助力吧~
好友任务已完成，下次再给他助力吧~
去做任务：浏览首页爆款商品
任务完成，获得 200 金币，0 京豆
去做任务：签到领员工内购券
任务完成，获得 200 金币，0 京豆
去做任务：签到有礼
任务完成，获得 800;500;800;500;800;500;800 金币，1 京豆

==============📣系统通知📣==============
京东赚赚
京东账号1 小尾巴充电宝
本次获得1京豆，1200金币
累计获得41京豆，28850金币
可兑换2.885元无门槛红包
兑换入口:京东赚赚微信小程序->赚好礼->金币提现

🔔京东赚赚, 结束! 🕛 13.994 秒

