
🔔京东赚赚, 开始!

====================共1个京东账号Cookie=========

==================脚本执行- 北京时间(UTC+8)：5/3/2021, 10:18:10 AM=====================

开始获取京东赚赚配置文件

共1个京东账号

您提供了0个账号的京东赚赚助力码


******开始【京东账号1】Hobbot*********

由于您第1个京东账号未提供shareCode,将采纳本脚本自带的助力码

开始
随机取20个码放到您固定的互助码后面(不影响已有固定互助)
第1个京东账号将要助力的好友["ATGEC3-fsrn13aiaEqiM","AUWE5maSSnzFeDmH4iH0elA","AUWE5m6WUmDdZC2mr1XhJlQ","AUWE5m_jEzjJZDTKr3nwfkg","A06fNSRc4GIqY38pMBeLKQE2InZA","AUWE5mf7ExDZdDmH7j3wfkA","AUWE5m6jBy2cNAWX7j31Pxw","AUWE5mK2UnDddDTX61S1Mkw","AUWE5mavGyGZdWzP5iCoZwQ","Sa2nMlYqmIMBo9Y5LQWO1oJZW","SZnvGmZWxIMF2IB_1lw","S4vV1Rx8Q8A","S5KkcRhsfoVGEdhv1lPJffA","S__xxRx8R8FbVJhk","S5KkcRUsY8FGBJB-nxaJccg","S5KkcRxpL8weBchqhkKUMfQ","Su_RzRhod_VfKIR_xk_8I","S5KkcKF9ItweidV61ya92","Sv_VwRhgb8FXQKROb1A","S5KkcRkoc9FDRck6gkqYPJg","S5KkcMWtlijaRQ2On949A","S2Z4SRRga8lfWJBvw","S-awtF0RcqwiOfk3xlPM","S5KkcHUJjpxyLd26Hwb5b","S5KkcKmVAkh6pZUOA1aBt","SyqQgGx8a_A","S5KkcRRsd9gWCdBvykqFYdA","Sv_V7Qh0e8lHSIB-b1A","S5KkcRB5N9lDWIROmxfQPcg"]

【京东账号1（jd_63694f3490008）的京东赚赚好友互助码】S5KkcRh0f_FCBIx79lPcKfA

好友任务已完成，下次再给他助力吧~
好友任务已完成，下次再给他助力吧~
好友任务已完成，下次再给他助力吧~
好友任务已完成，下次再给他助力吧~
好友任务已完成，下次再给他助力吧~
好友任务已完成，下次再给他助力吧~
好友任务已完成，下次再给他助力吧~
好友任务已完成，下次再给他助力吧~
好友任务已完成，下次再给他助力吧~
好友任务已完成，下次再给他助力吧~
好友任务已完成，下次再给他助力吧~
好友任务已完成，下次再给他助力吧~
好友任务已完成，下次再给他助力吧~
好友任务已完成，下次再给他助力吧~
好友任务已完成，下次再给他助力吧~
好友任务已完成，下次再给他助力吧~
好友任务已完成，下次再给他助力吧~
好友任务已完成，下次再给他助力吧~
好友任务已完成，下次再给他助力吧~
好友任务已完成，下次再给他助力吧~
好友任务已完成，下次再给他助力吧~
好友任务已完成，下次再给他助力吧~
好友任务已完成，下次再给他助力吧~
好友任务已完成，下次再给他助力吧~
好友任务已完成，下次再给他助力吧~
好友任务已完成，下次再给他助力吧~
好友任务已完成，下次再给他助力吧~
好友任务已完成，下次再给他助力吧~
好友任务已完成，下次再给他助力吧~
去做任务：浏览首页爆款商品
任务完成，获得 200 金币，0 京豆
去做任务：签到领员工内购券
任务完成，获得 200 金币，0 京豆
去做任务：签到有礼
任务完成，获得 800;500;800;500;800;500;800 金币，1 京豆

==============📣系统通知📣==============
京东赚赚
京东账号1 Hobbot
本次获得1京豆，1200金币
累计获得92京豆，57750金币
可兑换5.775元无门槛红包
兑换入口:京东赚赚微信小程序->赚好礼->金币提现

🔔京东赚赚, 结束! 🕛 13.943 秒

