
🔔东东工厂, 开始!

====================共1个京东账号Cookie=========

==================脚本执行- 北京时间(UTC+8)：5/3/2021, 10:18:09 AM=====================

开始获取东东工厂配置文件

由于您环境变量(DDFACTORY_SHARECODES)里面未提供助力码，故此处运行将会给脚本内置的码进行助力，请知晓！
共1个京东账号

您提供了0个账号的东东工厂助力码


******开始【京东账号1】jd_63671030e8dea*********

由于您第1个京东账号未提供shareCode,将采纳本脚本自带的助力码

开始
随机取20个码放到您固定的互助码后面(不影响已有固定互助)
第1个京东账号将要助力的好友["P04z54XCjVWnYaS5u2ak7ZCdan1Bdd2GGiWvC6_uERj","T0225KkcRB4boVGGJ0igx6IKfACjVWnYaS5kRrbA","T014a2L4lamI91TXKQCjVWnYaS5kRrbA","T0225KkcRksZ9AGDdkzywPMPcACjVWnYaS5kRrbA","T01297gmAlsY9VXXCjVWnYaS5kRrbA","T0225KkcRBxM8wKEJ0vynfRZJQCjVWnYaS5kRrbA","T0225KkcRB4dpFTedB2mlKZeIgCjVWnYaS5kRrbA","T0205KkcOmddrgKFXFm-669VCjVWnYaS5kRrbA","T0225KkcRxse9lKDdh_1xqFbcwCjVWnYaS5kRrbA","T0225KkcRkpL8VHWck7ykaIDdQCjVWnYaS5kRrbA","T0205KkcKkxdjiOLaF2z1pNuCjVWnYaS5kRrbA","T019-ak1Am1rvDGxU3io1Z8CjVWnYaS5kRrbA","T0225KkcRxtN8FbUdR_2wPJZcwCjVWnYaS5kRrbA","T0205KkcKkNEizeXWWS9za9XCjVWnYaS5kRrbA","T0165LgtHU9KqhGVY0-2CjVWnYaS5kRrbA","T0205KkcJm1frDCMRkKo_qJvCjVWnYaS5kRrbA","T0205KkcMVlKhhyTdl2l9o9yCjVWnYaS5kRrbA","T016a2fZlYSzItdx95lSCjVWnYaS5kRrbA","P04z54XCjVWnYaS5uOwqbRxXaryNB-ukuDXcA","T022v_50QRoe9VDVPRv1nPAOdACjVWnYaS5kRrbA","T0205KkcHGBvphaIV0G204RCCjVWnYaS5kRrbA"]
此京东账号1jd_63671030e8dea暂未选购商品
现在也能为您做任务和收集免费电力
{"code":0,"data":{"bizCode":-9,"bizMsg":"助力失败丨助力已满员！谢谢你哦~","success":false},"msg":"调用成功"}
{"code":0,"data":{"bizCode":-9,"bizMsg":"助力失败丨助力已满员！谢谢你哦~","success":false},"msg":"调用成功"}
{"code":0,"data":{"bizCode":-7001,"bizMsg":"蓄电池已满，使用后才可获得更多电量哦！","success":false},"msg":"调用成功"}
{"code":0,"data":{"bizCode":-7001,"bizMsg":"蓄电池已满，使用后才可获得更多电量哦！","success":false},"msg":"调用成功"}
{"code":0,"data":{"bizCode":-9,"bizMsg":"助力失败丨助力已满员！谢谢你哦~","success":false},"msg":"调用成功"}
{"code":0,"data":{"bizCode":-7001,"bizMsg":"蓄电池已满，使用后才可获得更多电量哦！","success":false},"msg":"调用成功"}
{"code":0,"data":{"bizCode":-7001,"bizMsg":"蓄电池已满，使用后才可获得更多电量哦！","success":false},"msg":"调用成功"}
{"code":0,"data":{"bizCode":-9,"bizMsg":"助力失败丨助力已满员！谢谢你哦~","success":false},"msg":"调用成功"}
{"code":0,"data":{"bizCode":-9,"bizMsg":"助力失败丨助力已满员！谢谢你哦~","success":false},"msg":"调用成功"}
{"code":0,"data":{"bizCode":-4001,"bizMsg":"点太快啦！等下再来吧","success":false},"msg":"调用成功"}
{"code":0,"data":{"bizCode":-7001,"bizMsg":"蓄电池已满，使用后才可获得更多电量哦！","success":false},"msg":"调用成功"}
{"code":0,"data":{"bizCode":-9,"bizMsg":"助力失败丨助力已满员！谢谢你哦~","success":false},"msg":"调用成功"}
{"code":0,"data":{"bizCode":-9,"bizMsg":"助力失败丨助力已满员！谢谢你哦~","success":false},"msg":"调用成功"}
{"code":0,"data":{"bizCode":-9,"bizMsg":"助力失败丨助力已满员！谢谢你哦~","success":false},"msg":"调用成功"}
{"code":0,"data":{"bizCode":-9,"bizMsg":"助力失败丨助力已满员！谢谢你哦~","success":false},"msg":"调用成功"}
{"code":0,"data":{"bizCode":-9,"bizMsg":"助力失败丨助力已满员！谢谢你哦~","success":false},"msg":"调用成功"}
{"code":0,"data":{"bizCode":-7001,"bizMsg":"蓄电池已满，使用后才可获得更多电量哦！","success":false},"msg":"调用成功"}
{"code":0,"data":{"bizCode":-7001,"bizMsg":"蓄电池已满，使用后才可获得更多电量哦！","success":false},"msg":"调用成功"}
{"code":0,"data":{"bizCode":-9,"bizMsg":"助力失败丨助力已满员！谢谢你哦~","success":false},"msg":"调用成功"}
{"code":0,"data":{"bizCode":-9,"bizMsg":"助力失败丨助力已满员！谢谢你哦~","success":false},"msg":"调用成功"}
{"code":0,"data":{"bizCode":-9,"bizMsg":"助力失败丨助力已满员！谢谢你哦~","success":false},"msg":"调用成功"}
成功收集500电量，当前蓄电池总电量：560977


【京东账号1（jd_63671030e8dea）的东东工厂好友互助码】T0225KkcRh0f8lXXIxqhnKNfJQCjVWnYaS5kRrbA

准备做此任务：每日开工打卡
领取做完任务的奖励：{"score":"1200","userScore":"562177"}
准备做此任务：好友助力
准备做此任务：去京东首页点击“数码电器”
领取做完任务的奖励：{"score":"5000","userScore":"567177"}
准备做此任务：去看看海尔品牌店铺会场
领取做完任务的奖励：{"score":"500","userScore":"567677"}
领取做完任务的奖励：{"score":"500","userScore":"568177"}
领取做完任务的奖励：{"score":"500","userScore":"568677"}
领取做完任务的奖励：{"score":"500","userScore":"569177"}
领取做完任务的奖励：{"score":"500","userScore":"569677"}
领取做完任务的奖励：{"score":"500","userScore":"570177"}
领取做完任务的奖励：{"score":"500","userScore":"570677"}
领取做完任务的奖励：{"score":"500","userScore":"571177"}
领取做完任务的奖励：{"score":"500","userScore":"571677"}
领取做完任务的奖励：{"score":"500","userScore":"572177"}
领取做完任务的奖励：{"score":"500","userScore":"572677"}
领取做完任务的奖励：{"score":"500","userScore":"573177"}
领取做完任务的奖励：{"score":"500","userScore":"573677"}
领取做完任务的奖励：{"score":"500","userScore":"574177"}
领取做完任务的奖励：{"score":"500","userScore":"574677"}
领取做完任务的奖励：{"score":"500","userScore":"575177"}
准备做此任务：看看商品
领取做完任务的奖励：{"score":"1000","userScore":"576177"}
领取做完任务的奖励：{"score":"1000","userScore":"577177"}
领取做完任务的奖励：{"score":"1000","userScore":"578177"}
领取做完任务的奖励：{"score":"1000","userScore":"579177"}
领取做完任务的奖励：{"score":"1000","userScore":"580177"}
领取做完任务的奖励：{"score":"1000","userScore":"581177"}
准备做此任务：去关注AO史密斯京东自营旗舰店
领取做完任务的奖励：{"score":"1500","userScore":"582677"}
领取做完任务的奖励：{"score":"1500","userScore":"584177"}
领取做完任务的奖励：{"score":"1500","userScore":"585677"}
此任务：开通海尔品牌会员，跳过
准备做此任务：每日10-13点巡厂
领取做完任务的奖励：{"score":"2500","userScore":"588177"}

此账号1jd_63671030e8dea暂未选择商品

BoxJs或环境变量暂未提供心仪商品
如需兑换心仪商品，请提供心仪商品名称

商品名称       可选状态    剩余量
30片装         可 选      630
装便利贴         可 选      379
用标签带         可 选      307
支水性笔         可 选      160
冷冷风扇         可 选      90
冷冷风扇         可 选      89
肤美容仪         可 选      18
士洗脸仪         可 选      15
1 5G         已抢光      0
30ml         已抢光      0
洁6片装         已抢光      0
5602         已抢光      0
能吸尘器         已抢光      0

目前电量560977,不满足兑换 蔡司镜头清洁湿巾30片装所需的 1980000电量

京东账号1 jd_63671030e8dea
已选商品：暂无
心仪商品：暂无
当前剩余最多商品：蔡司镜头清洁湿巾30片装
兑换所需电量：1980000
您当前总电量：560977


🔔东东工厂, 结束! 🕛 59.21 秒

