
🔔东东工厂, 开始!

====================共1个京东账号Cookie=========

==================脚本执行- 北京时间(UTC+8)：5/3/2021, 10:18:09 AM=====================

开始获取东东工厂配置文件

由于您环境变量(DDFACTORY_SHARECODES)里面未提供助力码，故此处运行将会给脚本内置的码进行助力，请知晓！
共1个京东账号

您提供了0个账号的东东工厂助力码


******开始【京东账号1】Hobbot*********

由于您第1个京东账号未提供shareCode,将采纳本脚本自带的助力码

开始
随机取20个码放到您固定的互助码后面(不影响已有固定互助)
第1个京东账号将要助力的好友["P04z54XCjVWnYaS5u2ak7ZCdan1Bdd2GGiWvC6_uERj","T016anXOl6-EId1s9651CjVWnYaS5kRrbA","T0225KkcRk1MplHXIxynnPMDJQCjVWnYaS5kRrbA","T0225KkcR0wdpwXXKE-nnfIMdgCjVWnYaS5kRrbA","T0205KkcI2Rujie-UmKHz4xjCjVWnYaS5kRrbA","T0225KkcRBxIpAHVdR_1k_RfJQCjVWnYaS5kRrbA","P04z54XCjVWnYaS5nIADmj91HtIlg","T01046I3Hxcb_QCjVWnYaS5kRrbA","T0225KkcRxsbpFeCcRyglf4LdQCjVWnYaS5kRrbA","T0225KkcRR5N8F3Xchz3kfMKcQCjVWnYaS5kRrbA","T010-aw0EUZGtwCjVWnYaS5kRrbA","T0225KkcRRsZoF2FJBihl_MDcwCjVWnYaS5kRrbA","T014Z1r6mbmQ9FbVIgCjVWnYaS5kRrbA","T0205KkcJkpZsyCycVyq76lMCjVWnYaS5kRrbA","T0225KkcRExLplTWIR79kaJedgCjVWnYaS5kRrbA","T0225KkcRxcepFXUdUz2naRYIACjVWnYaS5kRrbA","T0205KkcPnZ9tz6MV0uKyb5zCjVWnYaS5kRrbA","T0225KkcRksYpAGGIU72nPNYJgCjVWnYaS5kRrbA","T0225KkcRUwc8QXfdBj0x_9YJQCjVWnYaS5kRrbA","T0205KkcJWBHjQW-QkW31bNjCjVWnYaS5kRrbA","T0225KkcREoR9lPfIROikv4IdgCjVWnYaS5kRrbA"]
此京东账号1Hobbot暂未选购商品
现在也能为您做任务和收集免费电力
{"code":0,"data":{"bizCode":-9,"bizMsg":"助力失败丨助力已满员！谢谢你哦~","success":false},"msg":"调用成功"}
{"code":0,"data":{"bizCode":-9,"bizMsg":"助力失败丨助力已满员！谢谢你哦~","success":false},"msg":"调用成功"}
{"code":0,"data":{"bizCode":-9,"bizMsg":"助力失败丨助力已满员！谢谢你哦~","success":false},"msg":"调用成功"}
{"code":0,"data":{"bizCode":-7001,"bizMsg":"蓄电池已满，使用后才可获得更多电量哦！","success":false},"msg":"调用成功"}
{"code":0,"data":{"bizCode":-9,"bizMsg":"助力失败丨助力已满员！谢谢你哦~","success":false},"msg":"调用成功"}
{"code":0,"data":{"bizCode":-9,"bizMsg":"助力失败丨助力已满员！谢谢你哦~","success":false},"msg":"调用成功"}
{"code":0,"data":{"bizCode":-9,"bizMsg":"助力失败丨助力已满员！谢谢你哦~","success":false},"msg":"调用成功"}
{"code":0,"data":{"bizCode":-7001,"bizMsg":"蓄电池已满，使用后才可获得更多电量哦！","success":false},"msg":"调用成功"}
{"code":0,"data":{"bizCode":-9,"bizMsg":"助力失败丨助力已满员！谢谢你哦~","success":false},"msg":"调用成功"}
{"code":0,"data":{"bizCode":-7001,"bizMsg":"蓄电池已满，使用后才可获得更多电量哦！","success":false},"msg":"调用成功"}
{"code":0,"data":{"bizCode":-9,"bizMsg":"助力失败丨助力已满员！谢谢你哦~","success":false},"msg":"调用成功"}
{"code":0,"data":{"bizCode":-9,"bizMsg":"助力失败丨助力已满员！谢谢你哦~","success":false},"msg":"调用成功"}
{"code":0,"data":{"bizCode":-9,"bizMsg":"助力失败丨助力已满员！谢谢你哦~","success":false},"msg":"调用成功"}
{"code":0,"data":{"bizCode":-9,"bizMsg":"助力失败丨助力已满员！谢谢你哦~","success":false},"msg":"调用成功"}
{"code":0,"data":{"bizCode":-9,"bizMsg":"助力失败丨助力已满员！谢谢你哦~","success":false},"msg":"调用成功"}
{"code":0,"data":{"bizCode":-9,"bizMsg":"助力失败丨助力已满员！谢谢你哦~","success":false},"msg":"调用成功"}
{"code":0,"data":{"bizCode":-7001,"bizMsg":"蓄电池已满，使用后才可获得更多电量哦！","success":false},"msg":"调用成功"}
{"code":0,"data":{"bizCode":-9,"bizMsg":"助力失败丨助力已满员！谢谢你哦~","success":false},"msg":"调用成功"}
{"code":0,"data":{"bizCode":-9,"bizMsg":"助力失败丨助力已满员！谢谢你哦~","success":false},"msg":"调用成功"}
{"code":0,"data":{"bizCode":-7001,"bizMsg":"蓄电池已满，使用后才可获得更多电量哦！","success":false},"msg":"调用成功"}
{"code":0,"data":{"bizCode":-9,"bizMsg":"助力失败丨助力已满员！谢谢你哦~","success":false},"msg":"调用成功"}
成功收集500电量，当前蓄电池总电量：1313577


【京东账号1（jd_63694f3490008）的东东工厂好友互助码】T0225KkcRh0f_FCBIx79lPcKfACjVWnYaS5kRrbA

准备做此任务：每日开工打卡
领取做完任务的奖励：{"score":"1200","userScore":"1314777"}
准备做此任务：好友助力
准备做此任务：去京东首页点击“数码电器”
领取做完任务的奖励：{"score":"5000","userScore":"1319777"}
准备做此任务：去看看海尔品牌店铺会场
领取做完任务的奖励：{"score":"500","userScore":"1320277"}
领取做完任务的奖励：{"score":"500","userScore":"1320777"}
领取做完任务的奖励：{"score":"500","userScore":"1321277"}
领取做完任务的奖励：{"score":"500","userScore":"1321777"}
领取做完任务的奖励：{"score":"500","userScore":"1322277"}
{"code":0,"data":{"bizCode":-4001,"bizMsg":"点太快啦！等下再来吧","success":false},"msg":"调用成功"}
领取做完任务的奖励：{"score":"500","userScore":"1322777"}
领取做完任务的奖励：{"score":"500","userScore":"1323277"}
领取做完任务的奖励：{"score":"500","userScore":"1323777"}
领取做完任务的奖励：{"score":"500","userScore":"1324277"}
领取做完任务的奖励：{"score":"500","userScore":"1324777"}
领取做完任务的奖励：{"score":"500","userScore":"1325277"}
领取做完任务的奖励：{"score":"500","userScore":"1325777"}
领取做完任务的奖励：{"score":"500","userScore":"1326277"}
领取做完任务的奖励：{"score":"500","userScore":"1326777"}
领取做完任务的奖励：{"score":"500","userScore":"1327277"}
准备做此任务：看看商品
领取做完任务的奖励：{"score":"1000","userScore":"1328277"}
领取做完任务的奖励：{"score":"1000","userScore":"1329277"}
领取做完任务的奖励：{"score":"1000","userScore":"1330277"}
领取做完任务的奖励：{"score":"1000","userScore":"1331277"}
领取做完任务的奖励：{"score":"1000","userScore":"1332277"}
领取做完任务的奖励：{"score":"1000","userScore":"1333277"}
准备做此任务：去关注AO史密斯京东自营旗舰店
领取做完任务的奖励：{"score":"1500","userScore":"1334777"}
领取做完任务的奖励：{"score":"1500","userScore":"1336277"}
领取做完任务的奖励：{"score":"1500","userScore":"1337777"}
此任务：开通海尔品牌会员，跳过
准备做此任务：每日10-13点巡厂
领取做完任务的奖励：{"score":"2500","userScore":"1340277"}

此账号1Hobbot暂未选择商品

BoxJs或环境变量暂未提供心仪商品
如需兑换心仪商品，请提供心仪商品名称

商品名称       可选状态    剩余量
30片装         可 选      630
装便利贴         可 选      379
用标签带         可 选      307
支水性笔         可 选      160
冷冷风扇         可 选      90
冷冷风扇         可 选      89
肤美容仪         可 选      18
士洗脸仪         可 选      15
1 5G         已抢光      0
30ml         已抢光      0
洁6片装         已抢光      0
5602         已抢光      0
能吸尘器         已抢光      0

目前电量1313577,不满足兑换 蔡司镜头清洁湿巾30片装所需的 1980000电量

京东账号1 Hobbot
已选商品：暂无
心仪商品：暂无
当前剩余最多商品：蔡司镜头清洁湿巾30片装
兑换所需电量：1980000
您当前总电量：1313577


🔔东东工厂, 结束! 🕛 59.168 秒

