
🔔京喜财富岛, 开始!

====================共1个京东账号Cookie=========

==================脚本执行- 北京时间(UTC+8)：5/3/2021, 10:18:03 AM=====================

开始获取京喜财富岛配置文件

您提供了0个账号的京喜财富岛助力码


开始【京东账号1】小尾巴充电宝

由于您第1个京东账号未提供shareCode,将采纳本脚本自带的助力码

开始
随机取20个码放到您固定的互助码后面(不影响已有固定互助)
第1个京东账号将要助力的好友["F45CB4F07997DFE748E5656521A9034446A1568F6950206B0D44A5664662275D","FB42AFD8DAF43ADB259C0317DF4277BA937A0118CE05A6CA7C6AD42DD8CDA245","E083C0032BF287D4367A4AA80206753E99FCE088D1025FEA403033C2D4991B88","F951588EBA47A794DE562BE573CA779AFEAC213392728406777B8F1DAA9E43A6","1DFC4F055752EFC4C7074B940B0DE35E2F94E3D09FE4AD87EE35E98C107715C0","BA9D36DD93418888F954CB40BD1FAA69133E254B88EB89144E790CE9E90DD594","76B15EA08D1707D177D81E679C082AC9C52428E3AC8A1AABF446510B26CF5B9C","026F49D7BC34265E6D11E07D2947551D129D195E0C9BF19AA1A7F6344034CE19","527B6D4DFBE33A4299F68CC00F9FD5FA4735B0C5C52F9B7426A6A215A5075CC6","95075AFDB700616CD9EC5115733EDF8BFF36AECA095E8AFB12898190197E19A2","D9CF68718AADC37E1E01AE4D885C4D7F2722542389855F3AE651E703DC7E92FA","7A19313A83D33F155B12A0752CE274E9EA7BC6263655A3B90C7FB92768E6E52B","A80A044D1300800745CB96D9F0DB099EC783015B20E7F8B699174C2416319C09","5F9622A8DFC306E89B3B174CEFDA71425008ECA9C635851521F5423800331D33","CE749B1A69792F943B588C4753A6B8FDCC5472EF0959080ADD6B75E7CFAEF99E","628CD3439A8867D410E0293A7899A111998FE77475388FC57165D5CB69EF92A9","BFC05B22D48DCA7C7E70F6BD695330674EA1B943DCD714DD3AEE58FE390FE13A","EE14D0DD5EC2C286C6294A0F7461C43D80A6F9ACEA54C98910B59039B7FB5970","89EC0B535E9F261E4D4E025584609E85D9D312D52C985A716585E47CC04FA1BD","B1D21611C790F9725304924CD3B68E3B2FEB7FA99FE83367865F1F02B563D55F","3F7CB59D547D2B593573CD4F6415F4CF96CBE685E328110B710E343ABC8F7E4C"]

获取用户信息：success


当前等级:9,财富值:649216

财富岛好友互助码每次运行都变化,旧的可继续使用

【京东账号1（jd_63671030e8dea）的京喜财富岛好友互助码】E602F4C6631C77C65B0382168C7E3BED5D147517FCE8D26E458CDA39DBD1BCBD



签到列表：success


📌签到：success，获得财富 ¥ 2900

待开通场景ID列表sceneList;["1002","1003"]
"Response code 401 (Unauthorized)"
京喜财富岛 getMoney_dwSource_1 API请求失败，请检查网路重试

【欢乐牧场】👬好友: 没有可收取钞票 

【欢乐牧场领取红包】 招工人数不达标

获取【📆日常任务】列表 ，总共23个任务！


开始第1个【📆日常任务】：签到领现金

签到领现金【做日常任务】：


签到领现金【领日常奖励】： 获得财富值 ¥ 2000


签到领现金【做日常任务】：任务进行中或者未到任务时间


签到领现金【领日常奖励】：任务为成就任务或者未到任务时间


结束第1个【📆日常任务】：签到领现金


开始第2个【📆日常任务】：签到领福利

签到领福利【做日常任务】：


签到领福利【领日常奖励】： 获得财富值 ¥ 1000


签到领福利【做日常任务】：任务进行中或者未到任务时间


签到领福利【领日常奖励】：任务为成就任务或者未到任务时间


结束第2个【📆日常任务】：签到领福利


开始第3个【📆日常任务】：每日三餐上岛

每日三餐上岛【做日常任务】：任务进行中或者未到任务时间


每日三餐上岛【领日常奖励】：任务为成就任务或者未到任务时间


结束第3个【📆日常任务】：每日三餐上岛


开始第4个【📆日常任务】：每日三餐上岛

每日三餐上岛【做日常任务】：任务进行中或者未到任务时间


每日三餐上岛【领日常奖励】：任务为成就任务或者未到任务时间


结束第4个【📆日常任务】：每日三餐上岛


开始第5个【📆日常任务】：每日三餐上岛

每日三餐上岛【做日常任务】：任务进行中或者未到任务时间


每日三餐上岛【领日常奖励】：任务为成就任务或者未到任务时间


结束第5个【📆日常任务】：每日三餐上岛


开始第6个【📆日常任务】：去领锦鲤红包

去领锦鲤红包【做日常任务】：


去领锦鲤红包【领日常奖励】： 获得财富值 ¥ 1000


去领锦鲤红包【做日常任务】：任务进行中或者未到任务时间


去领锦鲤红包【领日常奖励】：任务为成就任务或者未到任务时间


结束第6个【📆日常任务】：去领锦鲤红包


开始第7个【📆日常任务】：种京豆赢福利

种京豆赢福利【做日常任务】：


种京豆赢福利【领日常奖励】： 获得财富值 ¥ 1000


种京豆赢福利【做日常任务】：任务进行中或者未到任务时间


种京豆赢福利【领日常奖励】：任务为成就任务或者未到任务时间


结束第7个【📆日常任务】：种京豆赢福利


开始第8个【📆日常任务】：超市好物0元兑

超市好物0元兑【做日常任务】：


超市好物0元兑【领日常奖励】： 获得财富值 ¥ 1000


超市好物0元兑【做日常任务】：任务进行中或者未到任务时间


超市好物0元兑【领日常奖励】：任务为成就任务或者未到任务时间


结束第8个【📆日常任务】：超市好物0元兑


开始第9个【📆日常任务】：领百万补贴红包

领百万补贴红包【做日常任务】：


领百万补贴红包【领日常奖励】： 获得财富值 ¥ 1000


领百万补贴红包【做日常任务】：任务进行中或者未到任务时间


领百万补贴红包【领日常奖励】：任务为成就任务或者未到任务时间


结束第9个【📆日常任务】：领百万补贴红包


开始第10个【📆日常任务】：限时领50元微信打款

限时领50元微信打款【做日常任务】：


限时领50元微信打款【领日常奖励】： 获得财富值 ¥ 1000


限时领50元微信打款【做日常任务】：任务进行中或者未到任务时间


限时领50元微信打款【领日常奖励】：任务为成就任务或者未到任务时间


结束第10个【📆日常任务】：限时领50元微信打款


开始第11个【📆日常任务】：限时0元领洁柔抽纸

限时0元领洁柔抽纸【做日常任务】：


限时0元领洁柔抽纸【领日常奖励】： 获得财富值 ¥ 1000


限时0元领洁柔抽纸【做日常任务】：任务进行中或者未到任务时间


限时0元领洁柔抽纸【领日常奖励】：任务为成就任务或者未到任务时间


结束第11个【📆日常任务】：限时0元领洁柔抽纸


开始第12个【📆日常任务】：每日爆品1元秒杀

每日爆品1元秒杀【做日常任务】：


每日爆品1元秒杀【领日常奖励】： 获得财富值 ¥ 1000


每日爆品1元秒杀【做日常任务】：任务进行中或者未到任务时间


每日爆品1元秒杀【领日常奖励】：任务为成就任务或者未到任务时间


结束第12个【📆日常任务】：每日爆品1元秒杀


开始第13个【📆日常任务】：特卖商品1元起

特卖商品1元起【做日常任务】：任务进行中或者未到任务时间


特卖商品1元起【领日常奖励】：任务为成就任务或者未到任务时间


结束第13个【📆日常任务】：特卖商品1元起


开始第14个【📆日常任务】：直播福利：盘锦大米14.9/5斤

直播福利：盘锦大米14.9/5斤【做日常任务】：


直播福利：盘锦大米14.9/5斤【领日常奖励】： 获得财富值 ¥ 1000


直播福利：盘锦大米14.9/5斤【做日常任务】：任务进行中或者未到任务时间


直播福利：盘锦大米14.9/5斤【领日常奖励】：任务为成就任务或者未到任务时间


结束第14个【📆日常任务】：直播福利：盘锦大米14.9/5斤


开始第15个【📆日常任务】：一分钱兑爆款电器

一分钱兑爆款电器【做日常任务】：


一分钱兑爆款电器【领日常奖励】： 获得财富值 ¥ 1000


一分钱兑爆款电器【做日常任务】：任务进行中或者未到任务时间


一分钱兑爆款电器【领日常奖励】：任务为成就任务或者未到任务时间


结束第15个【📆日常任务】：一分钱兑爆款电器


开始第16个【📆日常任务】：去工厂0元领好物

去工厂0元领好物【做日常任务】：


去工厂0元领好物【领日常奖励】： 获得财富值 ¥ 1000


去工厂0元领好物【做日常任务】：任务进行中或者未到任务时间


去工厂0元领好物【领日常奖励】：任务为成就任务或者未到任务时间


结束第16个【📆日常任务】：去工厂0元领好物


开始第17个【📆日常任务】：逛农场领水果

逛农场领水果【做日常任务】：


逛农场领水果【领日常奖励】： 获得财富值 ¥ 1000


逛农场领水果【做日常任务】：任务进行中或者未到任务时间


逛农场领水果【领日常奖励】：任务为成就任务或者未到任务时间


结束第17个【📆日常任务】：逛农场领水果


开始第18个【📆日常任务】：出海寻宝赢红包

出海寻宝赢红包【做日常任务】：


出海寻宝赢红包【领日常奖励】： 获得财富值 ¥ 1000


出海寻宝赢红包【做日常任务】：任务进行中或者未到任务时间


出海寻宝赢红包【领日常奖励】：任务为成就任务或者未到任务时间


结束第18个【📆日常任务】：出海寻宝赢红包


开始第19个【📆日常任务】：邀请岛民好友首次上岛

邀请岛民好友首次上岛【做日常任务】：任务进行中或者未到任务时间


邀请岛民好友首次上岛【领日常奖励】：任务为成就任务或者未到任务时间


结束第19个【📆日常任务】：邀请岛民好友首次上岛


开始第20个【📆日常任务】：逛商品集市得财富

逛商品集市得财富【做日常任务】：


逛商品集市得财富【领日常奖励】：任务为成就任务或者未到任务时间


逛商品集市得财富【做日常任务】：


逛商品集市得财富【做日常任务】：


逛商品集市得财富【做日常任务】：


逛商品集市得财富【做日常任务】：


结束第20个【📆日常任务】：逛商品集市得财富


开始第21个【📆日常任务】：逛互动免费领京豆

逛互动免费领京豆【做日常任务】：


逛互动免费领京豆【领日常奖励】： 获得财富值 ¥ 1000


逛互动免费领京豆【做日常任务】：任务进行中或者未到任务时间


逛互动免费领京豆【领日常奖励】：任务为成就任务或者未到任务时间


结束第21个【📆日常任务】：逛互动免费领京豆


开始第22个【📆日常任务】：去岛屿商城下一单

去岛屿商城下一单【做日常任务】：任务进行中或者未到任务时间


去岛屿商城下一单【领日常奖励】：任务为成就任务或者未到任务时间


结束第22个【📆日常任务】：去岛屿商城下一单


开始第23个【📆日常任务】：去新人1元店下单

去新人1元店下单【做日常任务】：任务进行中或者未到任务时间


去新人1元店下单【领日常奖励】：任务为成就任务或者未到任务时间


结束第23个【📆日常任务】：去新人1元店下单


【small_stone】🎁寻宝： ，获取随机奖励：¥ 768 


【tree】🎁寻宝： ，获取随机奖励：¥ 681 


【wood】🎁寻宝： ，获取随机奖励：¥ 507 


获取【🎖成就任务】列表 ，总共1个任务！


开始第1个【🎖成就任务】：累计寻宝110次

累计寻宝110次【领成就奖励】： success 获得财富值：¥ 1000


结束第1个【🎖成就任务】：累计寻宝110次


【🏝寻宝大作战】【全民暴富岛】开宝箱：未达到宝箱开启条件，快去邀请好友助力吧！

【🏝寻宝大作战】【好运连连岛】开宝箱：未达到宝箱开启条件，快去邀请好友助力吧！

【🏝寻宝大作战】【平安喜乐岛】开宝箱：未达到宝箱开启条件，快去邀请好友助力吧！

【🏝寻宝大作战】【万事大吉岛】开宝箱：未达到宝箱开启条件，快去邀请好友助力吧！

【🏝寻宝大作战】success



你的【🏝寻宝大作战】互助码: Jxcfd_GroupId_283_1099568521477(每天都变化,旧的不可用)



获取用户信息：success


当前等级:9,财富值:671072

去助力好友 【F45CB4F07997DFE748E5656521A9034446A1568F6950206B0D44A5664662275D】
超级助力(超级工人)结果:{"dwAwardExperience":500,"dwAwardMany":500,"dwCurTime":1620008367,"iRet":2009,"sErrMsg":"招工已满","strPin":"jd_63671030e8dea"}

普通助力(招工)结果:{"dwAwardExperience":500,"dwAwardMany":500,"dwCurTime":1620008377,"iRet":2009,"sErrMsg":"招工已满","strPin":"jd_63671030e8dea"}

去助力好友 【FB42AFD8DAF43ADB259C0317DF4277BA937A0118CE05A6CA7C6AD42DD8CDA245】
超级助力(超级工人)结果:{"dwAwardExperience":500,"dwAwardMany":500,"dwCurTime":1620008390,"iRet":0,"sErrMsg":"success","strNick":"jd_**a1d","strPin":"jd_63671030e8dea"}

普通助力(招工)结果:{"dwAwardExperience":500,"dwAwardMany":500,"dwCurTime":1620008400,"iRet":2007,"sErrMsg":"已经助力","strPin":"jd_63671030e8dea"}

去助力好友 【E083C0032BF287D4367A4AA80206753E99FCE088D1025FEA403033C2D4991B88】
超级助力(超级工人)结果:{"dwAwardExperience":500,"dwAwardMany":500,"dwCurTime":1620008412,"iRet":0,"sErrMsg":"success","strNick":"yez**nds","strPin":"jd_63671030e8dea"}

"Response code 401 (Unauthorized)"
京喜财富岛 createAssistUser JoinScene API请求失败，请检查网路重试
去助力好友 【F951588EBA47A794DE562BE573CA779AFEAC213392728406777B8F1DAA9E43A6】
超级助力(超级工人)结果:{"dwAwardExperience":500,"dwAwardMany":500,"dwCurTime":1620008434,"iRet":0,"sErrMsg":"success","strNick":"jd_**e97","strPin":"jd_63671030e8dea"}

普通助力(招工)结果:{"dwAwardExperience":500,"dwAwardMany":500,"dwCurTime":1620008444,"iRet":2007,"sErrMsg":"已经助力","strPin":"jd_63671030e8dea"}

去助力好友 【1DFC4F055752EFC4C7074B940B0DE35E2F94E3D09FE4AD87EE35E98C107715C0】
超级助力(超级工人)结果:{"dwAwardExperience":500,"dwAwardMany":500,"dwCurTime":1620008457,"iRet":2005,"sErrMsg":"每天打工次数上限","strPin":"jd_63671030e8dea"}

普通助力(招工)结果:{"dwAwardExperience":500,"dwAwardMany":500,"dwCurTime":1620008467,"iRet":2005,"sErrMsg":"每天打工次数上限","strPin":"jd_63671030e8dea"}



寻宝大作战，自己账号内部循环互助


账号jd_63671030e8dea 去参加 Jxcfd_GroupId_283_1099568521477 寻宝大作战
iRet:2013 不能给自己助力

==============📣系统通知📣==============
京喜财富岛
【京东账号1】小尾巴充电宝
【💵财富值】任务前: 649216
【💵财富值】任务后: 671072
【💵财富值】净增值: 21856


🔔京喜财富岛, 结束! 🕛 192.747 秒

