
🔔京喜财富岛, 开始!

====================共1个京东账号Cookie=========

==================脚本执行- 北京时间(UTC+8)：5/3/2021, 10:18:03 AM=====================

开始获取京喜财富岛配置文件

您提供了0个账号的京喜财富岛助力码


开始【京东账号1】Hobbot

由于您第1个京东账号未提供shareCode,将采纳本脚本自带的助力码

开始
随机取20个码放到您固定的互助码后面(不影响已有固定互助)
第1个京东账号将要助力的好友["F45CB4F07997DFE748E5656521A9034446A1568F6950206B0D44A5664662275D","79D3E0D46489894ACB60A3AE5A72721600B895D0578D5E240B2C599544E6EAD3","08C1CFFC7954AC335BE0E9D626B193CF0E95463A8A4AE96512CD4BEE26DAA412","50154CA00BCA975ECE67C15DA483767D4535F5D449399C42AA334E3EF1CBE091","ED9CE5FAD06FD650AE7F0E93D0FBE630174497858DF2F2D23E9B0584150F8117","97D234EC959C8129010D96810F7D964F2D06EAD7E39CCCDB41F3088DD65AA0E5","48687C85EEBBA692451A90564FC862A6EAAB71D2F591E54A22C361771638F83A","ECBE5B667C1D7083187A7190C7520E53E82D59C35CA38172F6D30262CD4718AE","C8836B558C7FC7F55067DBCCEA19884EB53F8D4AC2CB77D2EF2DB188D1DE5D9C","1FABF2477EE2D43AA6B2B0F44A858960168AB53F2578C807E2CED40CEE5D5088","7A19313A83D33F155B12A0752CE274E9EA7BC6263655A3B90C7FB92768E6E52B","865348DB6CC8376B04410D69785FCC71134C83D420A6F38D7BD3E79B77AE0441","2BF2255A704924DEFC8B2CE6EA5AD2C51B4331739EFDCBED4AC9362CD6E898FA","BC037FED99E7C68F05ED4F10B3DEB2DB4109F1AD8F3958F4383E22AE89A514E6","FA78EB89EB947B070353E60996534C241D6FEDAC02A2E90376D2329DB4982600","39D59E390E7E368EEBC62665E5F33B4FB59CCC404F52A9C94BC1D5E7FF3D7682","44110DFF8AC7E7AA8BFC76C5B084C86DA0F6AB051A4741EF47263B4B17C253F0","F3E8622B2A41AFEA3D9C72E73BEA9A11885447C063A29D95BE48DD679DF15AB9","2E3FB289B06D73A8B5E932F6C3914535E84495FE1D045C04EBF0FDF8715432A7","CC34121351FA2EE27A98A8DB148962D20CD1315D9135EA45DD227AA7587E4F7C","0CB94B0C768C53A28175A48E9D4E9D65069517ECE9347F71991D602355F162F1"]

获取用户信息：success


当前等级:14,财富值:1485861

财富岛好友互助码每次运行都变化,旧的可继续使用

【京东账号1（jd_63694f3490008）的京喜财富岛好友互助码】5879F5F2C3D353C91EF06E31147B4B8A5D147517FCE8D26E458CDA39DBD1BCBD



签到列表：success


📌签到：success，获得财富 ¥ 2150

待开通场景ID列表sceneList;["1003"]

【欢乐牧场】🏝岛主 : 获取财富值：¥ 2600 

"Response code 401 (Unauthorized)"
京喜财富岛 getMoney_dwSource_3 API请求失败，请检查网路重试
"Response code 401 (Unauthorized)"
京喜财富岛 employeeAward API请求失败，请检查网路重试

【便利店】🏝岛主 : 获取财富值：¥ 1333 


【便利店】👬好友: 没有可收取钞票 

【便利店领取红包】招工人数不达标

获取【📆日常任务】列表 ，总共22个任务！


开始第1个【📆日常任务】：签到领现金

签到领现金【做日常任务】：


签到领现金【领日常奖励】： 获得财富值 ¥ 2000


签到领现金【做日常任务】：任务进行中或者未到任务时间


签到领现金【领日常奖励】：任务为成就任务或者未到任务时间


结束第1个【📆日常任务】：签到领现金


开始第2个【📆日常任务】：签到领福利

签到领福利【做日常任务】：


签到领福利【领日常奖励】： 获得财富值 ¥ 1000


签到领福利【做日常任务】：任务进行中或者未到任务时间


签到领福利【领日常奖励】：任务为成就任务或者未到任务时间


结束第2个【📆日常任务】：签到领福利


开始第3个【📆日常任务】：每日三餐上岛

每日三餐上岛【做日常任务】：任务进行中或者未到任务时间


每日三餐上岛【领日常奖励】：任务为成就任务或者未到任务时间


结束第3个【📆日常任务】：每日三餐上岛


开始第4个【📆日常任务】：每日三餐上岛

每日三餐上岛【做日常任务】：任务进行中或者未到任务时间


每日三餐上岛【领日常奖励】：任务为成就任务或者未到任务时间


结束第4个【📆日常任务】：每日三餐上岛


开始第5个【📆日常任务】：每日三餐上岛

每日三餐上岛【做日常任务】：亲,您的动作太快了,休息一会再试吧!


每日三餐上岛【领日常奖励】：任务为成就任务或者未到任务时间


结束第5个【📆日常任务】：每日三餐上岛


开始第6个【📆日常任务】：去领锦鲤红包

去领锦鲤红包【做日常任务】：


去领锦鲤红包【领日常奖励】： 获得财富值 ¥ 1000


去领锦鲤红包【做日常任务】：任务进行中或者未到任务时间


去领锦鲤红包【领日常奖励】：任务为成就任务或者未到任务时间


结束第6个【📆日常任务】：去领锦鲤红包


开始第7个【📆日常任务】：种京豆赢福利

种京豆赢福利【做日常任务】：亲,您的动作太快了,休息一会再试吧!


种京豆赢福利【领日常奖励】：任务为成就任务或者未到任务时间


结束第7个【📆日常任务】：种京豆赢福利


开始第8个【📆日常任务】：超市好物0元兑

超市好物0元兑【做日常任务】：


超市好物0元兑【领日常奖励】： 获得财富值 ¥ 1000


超市好物0元兑【做日常任务】：任务进行中或者未到任务时间


超市好物0元兑【领日常奖励】：任务为成就任务或者未到任务时间


结束第8个【📆日常任务】：超市好物0元兑


开始第9个【📆日常任务】：领百万补贴红包

领百万补贴红包【做日常任务】：亲,您的动作太快了,休息一会再试吧!


领百万补贴红包【领日常奖励】：任务为成就任务或者未到任务时间


结束第9个【📆日常任务】：领百万补贴红包


开始第10个【📆日常任务】：限时领50元微信打款

限时领50元微信打款【做日常任务】：


限时领50元微信打款【领日常奖励】： 获得财富值 ¥ 1000


限时领50元微信打款【做日常任务】：任务进行中或者未到任务时间


限时领50元微信打款【领日常奖励】：任务为成就任务或者未到任务时间


结束第10个【📆日常任务】：限时领50元微信打款


开始第11个【📆日常任务】：限时0元领洁柔抽纸

限时0元领洁柔抽纸【做日常任务】：


限时0元领洁柔抽纸【领日常奖励】： 获得财富值 ¥ 1000


限时0元领洁柔抽纸【做日常任务】：任务进行中或者未到任务时间


限时0元领洁柔抽纸【领日常奖励】：任务为成就任务或者未到任务时间


结束第11个【📆日常任务】：限时0元领洁柔抽纸


开始第12个【📆日常任务】：每日爆品1元秒杀

每日爆品1元秒杀【做日常任务】：


每日爆品1元秒杀【领日常奖励】： 获得财富值 ¥ 1000


每日爆品1元秒杀【做日常任务】：任务进行中或者未到任务时间


每日爆品1元秒杀【领日常奖励】：任务为成就任务或者未到任务时间


结束第12个【📆日常任务】：每日爆品1元秒杀


开始第13个【📆日常任务】：特卖商品1元起

特卖商品1元起【做日常任务】：任务进行中或者未到任务时间


特卖商品1元起【领日常奖励】：任务为成就任务或者未到任务时间


结束第13个【📆日常任务】：特卖商品1元起


开始第14个【📆日常任务】：直播福利：盘锦大米14.9/5斤

直播福利：盘锦大米14.9/5斤【做日常任务】：


直播福利：盘锦大米14.9/5斤【领日常奖励】： 获得财富值 ¥ 1000


直播福利：盘锦大米14.9/5斤【做日常任务】：任务进行中或者未到任务时间


直播福利：盘锦大米14.9/5斤【领日常奖励】：任务为成就任务或者未到任务时间


结束第14个【📆日常任务】：直播福利：盘锦大米14.9/5斤


开始第15个【📆日常任务】：一分钱兑爆款电器

一分钱兑爆款电器【做日常任务】：


一分钱兑爆款电器【领日常奖励】： 获得财富值 ¥ 1000


一分钱兑爆款电器【做日常任务】：任务进行中或者未到任务时间


一分钱兑爆款电器【领日常奖励】：任务为成就任务或者未到任务时间


结束第15个【📆日常任务】：一分钱兑爆款电器


开始第16个【📆日常任务】：去工厂0元领好物

去工厂0元领好物【做日常任务】：


去工厂0元领好物【领日常奖励】： 获得财富值 ¥ 1000


去工厂0元领好物【做日常任务】：任务进行中或者未到任务时间


去工厂0元领好物【领日常奖励】：任务为成就任务或者未到任务时间


结束第16个【📆日常任务】：去工厂0元领好物


开始第17个【📆日常任务】：逛农场领水果

逛农场领水果【做日常任务】：


逛农场领水果【领日常奖励】： 获得财富值 ¥ 1000


逛农场领水果【做日常任务】：任务进行中或者未到任务时间


逛农场领水果【领日常奖励】：任务为成就任务或者未到任务时间


结束第17个【📆日常任务】：逛农场领水果


开始第18个【📆日常任务】：出海寻宝赢红包

出海寻宝赢红包【做日常任务】：


出海寻宝赢红包【领日常奖励】： 获得财富值 ¥ 1000


出海寻宝赢红包【做日常任务】：任务进行中或者未到任务时间


出海寻宝赢红包【领日常奖励】：任务为成就任务或者未到任务时间


结束第18个【📆日常任务】：出海寻宝赢红包


开始第19个【📆日常任务】：邀请岛民好友首次上岛

邀请岛民好友首次上岛【做日常任务】：任务进行中或者未到任务时间


邀请岛民好友首次上岛【领日常奖励】：任务为成就任务或者未到任务时间


结束第19个【📆日常任务】：邀请岛民好友首次上岛


开始第20个【📆日常任务】：逛商品集市得财富

逛商品集市得财富【做日常任务】：


逛商品集市得财富【领日常奖励】：任务为成就任务或者未到任务时间


逛商品集市得财富【做日常任务】：


逛商品集市得财富【做日常任务】：


逛商品集市得财富【做日常任务】：


逛商品集市得财富【做日常任务】：


结束第20个【📆日常任务】：逛商品集市得财富


开始第21个【📆日常任务】：逛互动免费领京豆

逛互动免费领京豆【做日常任务】：


逛互动免费领京豆【领日常奖励】： 获得财富值 ¥ 1000


逛互动免费领京豆【做日常任务】：任务进行中或者未到任务时间


逛互动免费领京豆【领日常奖励】：任务为成就任务或者未到任务时间


结束第21个【📆日常任务】：逛互动免费领京豆


开始第22个【📆日常任务】：去岛屿商城下一单

去岛屿商城下一单【做日常任务】：任务进行中或者未到任务时间


去岛屿商城下一单【领日常奖励】：任务为成就任务或者未到任务时间


结束第22个【📆日常任务】：去岛屿商城下一单


【small_stone】🎁寻宝： ，获取随机奖励：¥ 625 


【tree】🎁寻宝： ，获取随机奖励：¥ 759 


【wood】🎁寻宝： ，获取随机奖励：¥ 847 


🤏偷取好友【jd_**dea】【欢乐牧场】财富值：¥ 253


🤏偷取好友【jd_**dea】【】财富值：¥ 今天已经偷过该好友的钞票


获取【🎖成就任务】列表 ，总共0个任务！


【🏝寻宝大作战】【全民暴富岛】开宝箱：未达到宝箱开启条件，快去邀请好友助力吧！

【🏝寻宝大作战】【好运连连岛】开宝箱：未达到宝箱开启条件，快去邀请好友助力吧！

【🏝寻宝大作战】【平安喜乐岛】开宝箱：未达到宝箱开启条件，快去邀请好友助力吧！

【🏝寻宝大作战】【万事大吉岛】开宝箱：未达到宝箱开启条件，快去邀请好友助力吧！

【🏝寻宝大作战】success



你的【🏝寻宝大作战】互助码: Jxcfd_GroupId_283_55141164(每天都变化,旧的不可用)



获取用户信息：success


当前等级:14,财富值:1508428

去助力好友 【F45CB4F07997DFE748E5656521A9034446A1568F6950206B0D44A5664662275D】
超级助力(超级工人)结果:{"dwAwardExperience":500,"dwAwardMany":500,"dwCurTime":1620008369,"iRet":2009,"sErrMsg":"招工已满","strPin":"jd_63694f3490008"}

"Response code 401 (Unauthorized)"
京喜财富岛 createAssistUser JoinScene API请求失败，请检查网路重试
去助力好友 【79D3E0D46489894ACB60A3AE5A72721600B895D0578D5E240B2C599544E6EAD3】
超级助力(超级工人)结果:{"dwAwardExperience":500,"dwAwardMany":500,"dwCurTime":1620008391,"iRet":0,"sErrMsg":"success","strNick":"s**y","strPin":"jd_63694f3490008"}

普通助力(招工)结果:{"dwAwardExperience":500,"dwAwardMany":500,"dwCurTime":1620008402,"iRet":2007,"sErrMsg":"已经助力","strPin":"jd_63694f3490008"}

去助力好友 【08C1CFFC7954AC335BE0E9D626B193CF0E95463A8A4AE96512CD4BEE26DAA412】
超级助力(超级工人)结果:{"dwAwardExperience":500,"dwAwardMany":500,"dwCurTime":1620008414,"iRet":0,"sErrMsg":"success","strNick":"jd_**GZn","strPin":"jd_63694f3490008"}

"Response code 401 (Unauthorized)"
京喜财富岛 createAssistUser JoinScene API请求失败，请检查网路重试
去助力好友 【50154CA00BCA975ECE67C15DA483767D4535F5D449399C42AA334E3EF1CBE091】
超级助力(超级工人)结果:{"dwAwardExperience":500,"dwAwardMany":500,"dwCurTime":1620008436,"iRet":0,"sErrMsg":"success","strNick":"gua**231","strPin":"jd_63694f3490008"}

普通助力(招工)结果:{"dwAwardExperience":500,"dwAwardMany":500,"dwCurTime":1620008446,"iRet":2007,"sErrMsg":"已经助力","strPin":"jd_63694f3490008"}

去助力好友 【ED9CE5FAD06FD650AE7F0E93D0FBE630174497858DF2F2D23E9B0584150F8117】
超级助力(超级工人)结果:{"dwAwardExperience":500,"dwAwardMany":500,"dwCurTime":1620008459,"iRet":2005,"sErrMsg":"每天打工次数上限","strPin":"jd_63694f3490008"}

普通助力(招工)结果:{"dwAwardExperience":500,"dwAwardMany":500,"dwCurTime":1620008469,"iRet":2005,"sErrMsg":"每天打工次数上限","strPin":"jd_63694f3490008"}



寻宝大作战，自己账号内部循环互助


账号jd_63694f3490008 去参加 Jxcfd_GroupId_283_55141164 寻宝大作战
iRet:2013 不能给自己助力

==============📣系统通知📣==============
京喜财富岛
【京东账号1】Hobbot
【💵财富值】任务前: 1485861
【💵财富值】任务后: 1508428
【💵财富值】净增值: 22567


🔔京喜财富岛, 结束! 🕛 194.634 秒

