
🔔京东全民开红包, 开始!

====================共1个京东账号Cookie=========

==================脚本执行- 北京时间(UTC+8)：5/3/2021, 10:18:22 AM=====================


****开始【京东账号1】Hobbot****

    任务     状态  红包是否领取
领3张优惠券   0/3      否
4个精选活动   0/4      否
6个精选频道   0/6      否

开始领取【去领券中心领3张优惠券】任务
领取任务：{"code":0,"data":{"biz_code":0,"biz_msg":"领取任务成功","success":true},"rtn_code":0}
[去领券中心领3张优惠券] 功能未开发

开始领取【浏览4个精选活动】任务
领取任务：{"code":0,"data":{"biz_code":0,"biz_msg":"领取任务成功","success":true},"rtn_code":0}
开始做【浏览4个精选活动】任务
开始领取【浏览4个精选活动】任务所得红包奖励
红包领取成功，获得0.02元


开始领取【关注6个精选频道】任务
领取任务：{"code":0,"data":{"biz_code":0,"biz_msg":"领取任务成功","success":true},"rtn_code":0}
开始做【关注6个精选频道】任务
开始领取【关注6个精选频道】任务所得红包奖励
红包领取成功，获得0.02元



发起助力红包 成功：红包ID 294466713


京东全民开红包获得红包：0.04元




有剩余助力机会则给作者lxk0301进行助力

账号 1 jd_63694f3490008 开始给作者lxk0301 294328112 进行助力
助力结果：啊偶，TA的助力已满，开启自己的红包活动吧~

账号 1 jd_63694f3490008 开始给作者lxk0301 294322399 进行助力
助力结果：啊偶，TA的助力已满，开启自己的红包活动吧~

账号 1 jd_63694f3490008 开始给作者lxk0301 294311969 进行助力
助力结果：啊偶，TA的助力已满，开启自己的红包活动吧~

账号 1 jd_63694f3490008 开始给作者lxk0301 294315653 进行助力
助力结果：啊偶，TA的助力已满，开启自己的红包活动吧~

账号 1 jd_63694f3490008 开始给作者lxk0301 294308994 进行助力
助力结果：啊偶，TA的助力已满，开启自己的红包活动吧~

账号 1 jd_63694f3490008 开始给作者lxk0301 294328298 进行助力
助力结果：啊偶，TA的助力已满，开启自己的红包活动吧~

账号 1 jd_63694f3490008 开始给作者lxk0301 294334256 进行助力
助力结果：啊偶，TA的助力已满，开启自己的红包活动吧~

账号 1 jd_63694f3490008 开始给作者lxk0301 294321683 进行助力
助力结果：啊偶，TA的助力已满，开启自己的红包活动吧~

账号 1 jd_63694f3490008 开始给作者lxk0301 294316972 进行助力
助力结果：啊偶，TA的助力已满，开启自己的红包活动吧~

账号 1 jd_63694f3490008 开始给作者lxk0301 294317999 进行助力
助力结果：啊偶，TA的助力已满，开启自己的红包活动吧~

账号 1 jd_63694f3490008 开始给作者lxk0301 294325575 进行助力
助力结果：啊偶，TA的助力已满，开启自己的红包活动吧~

账号 1 jd_63694f3490008 开始给作者lxk0301 294325594 进行助力
助力结果：啊偶，TA的助力已满，开启自己的红包活动吧~

账号 1 jd_63694f3490008 开始给作者lxk0301 294328559 进行助力
助力结果：啊偶，TA的助力已满，开启自己的红包活动吧~

账号 1 jd_63694f3490008 开始给作者lxk0301 294329516 进行助力
助力结果：啊偶，TA的助力已满，开启自己的红包活动吧~

账号 1 jd_63694f3490008 开始给作者lxk0301 294326720 进行助力
助力结果：啊偶，TA的助力已满，开启自己的红包活动吧~

账号 1 jd_63694f3490008 开始给作者lxk0301 294335558 进行助力
助力结果：啊偶，TA的助力已满，开启自己的红包活动吧~

账号 1 jd_63694f3490008 开始给作者lxk0301 294332543 进行助力
助力结果：啊偶，TA的助力已满，开启自己的红包活动吧~

账号 1 jd_63694f3490008 开始给作者lxk0301 294327710 进行助力
助力结果：啊偶，TA的助力已满，开启自己的红包活动吧~

账号 1 jd_63694f3490008 开始给作者lxk0301 294344130 进行助力
助力结果：啊偶，TA的助力已满，开启自己的红包活动吧~

账号 1 jd_63694f3490008 开始给作者lxk0301 294325698 进行助力
助力结果：啊偶，TA的助力已满，开启自己的红包活动吧~

账号 1 jd_63694f3490008 开始给作者lxk0301 294328658 进行助力
助力结果：啊偶，TA的助力已满，开启自己的红包活动吧~

🔔京东全民开红包, 结束! 🕛 18.061 秒

