
🔔京东全民开红包, 开始!

====================共1个京东账号Cookie=========

==================脚本执行- 北京时间(UTC+8)：5/3/2021, 10:18:22 AM=====================


****开始【京东账号1】小尾巴充电宝****

    任务     状态  红包是否领取
券”逛10s   0/10      否
领3张优惠券   0/3      否
4个精选活动   0/4      否
6个精选频道   0/6      否

开始领取【京东首页点击“领券”逛10s】任务
领取任务：{"code":0,"data":{"biz_code":0,"biz_msg":"领取任务成功","success":true},"rtn_code":0}
开始做【京东首页点击“领券”逛10s】任务
京东首页点击“领券”逛10s任务:{"code":"0","success":true,"busiCode":"0","message":"成功","result":{"msg":"OK","toast":null,"taskRet":{"taskId":"761","taskType":"1","taskStatus":"0","detail":{"taskType":"1","systemName":"jinliRedpacket","browseStartTime":null,"receivePrizePage":null,"requireBrowseSeconds":"10","alreadyReceivedCount":null,"sceneId":"761","iconUrl":"https://m.360buyimg.com/babel/jfs/t1/131142/35/18063/15799/5fc61307Ec9f34ccc/9995d56c9ad98f13.png","requireCount":null,"taskStatus":"0"}},"subCode":"0"}}

开始领取【去领券中心领3张优惠券】任务
领取任务：{"code":0,"data":{"biz_code":7,"biz_msg":"活动太火爆了，还是去买买买吧~","success":false},"rtn_code":0}
[去领券中心领3张优惠券] 功能未开发

开始领取【浏览4个精选活动】任务
领取任务：{"code":0,"data":{"biz_code":0,"biz_msg":"领取任务成功","success":true},"rtn_code":0}
开始做【浏览4个精选活动】任务
开始领取【浏览4个精选活动】任务所得红包奖励
红包领取成功，获得0.02元


开始领取【关注6个精选频道】任务
领取任务：{"code":0,"data":{"biz_code":0,"biz_msg":"领取任务成功","success":true},"rtn_code":0}
开始做【关注6个精选频道】任务
开始领取【关注6个精选频道】任务所得红包奖励
红包领取成功，获得0.02元



发起助力红包 成功：红包ID 294468595


京东全民开红包获得红包：0.04元




有剩余助力机会则给作者lxk0301进行助力

账号 1 jd_63671030e8dea 开始给作者lxk0301 294328112 进行助力
助力结果：啊偶，TA的助力已满，开启自己的红包活动吧~

账号 1 jd_63671030e8dea 开始给作者lxk0301 294322399 进行助力
助力结果：啊偶，TA的助力已满，开启自己的红包活动吧~

账号 1 jd_63671030e8dea 开始给作者lxk0301 294311969 进行助力
助力结果：啊偶，TA的助力已满，开启自己的红包活动吧~

账号 1 jd_63671030e8dea 开始给作者lxk0301 294315653 进行助力
助力结果：啊偶，TA的助力已满，开启自己的红包活动吧~

账号 1 jd_63671030e8dea 开始给作者lxk0301 294308994 进行助力
助力结果：啊偶，TA的助力已满，开启自己的红包活动吧~

账号 1 jd_63671030e8dea 开始给作者lxk0301 294328298 进行助力
助力结果：啊偶，TA的助力已满，开启自己的红包活动吧~

账号 1 jd_63671030e8dea 开始给作者lxk0301 294334256 进行助力
助力结果：啊偶，TA的助力已满，开启自己的红包活动吧~

账号 1 jd_63671030e8dea 开始给作者lxk0301 294321683 进行助力
助力结果：啊偶，TA的助力已满，开启自己的红包活动吧~

账号 1 jd_63671030e8dea 开始给作者lxk0301 294316972 进行助力
助力结果：啊偶，TA的助力已满，开启自己的红包活动吧~

账号 1 jd_63671030e8dea 开始给作者lxk0301 294317999 进行助力
助力结果：啊偶，TA的助力已满，开启自己的红包活动吧~

账号 1 jd_63671030e8dea 开始给作者lxk0301 294325575 进行助力
助力结果：啊偶，TA的助力已满，开启自己的红包活动吧~

账号 1 jd_63671030e8dea 开始给作者lxk0301 294325594 进行助力
助力结果：啊偶，TA的助力已满，开启自己的红包活动吧~

账号 1 jd_63671030e8dea 开始给作者lxk0301 294328559 进行助力
助力结果：啊偶，TA的助力已满，开启自己的红包活动吧~

账号 1 jd_63671030e8dea 开始给作者lxk0301 294329516 进行助力
助力结果：啊偶，TA的助力已满，开启自己的红包活动吧~

账号 1 jd_63671030e8dea 开始给作者lxk0301 294326720 进行助力
助力结果：啊偶，TA的助力已满，开启自己的红包活动吧~

账号 1 jd_63671030e8dea 开始给作者lxk0301 294335558 进行助力
助力结果：啊偶，TA的助力已满，开启自己的红包活动吧~

账号 1 jd_63671030e8dea 开始给作者lxk0301 294332543 进行助力
助力结果：啊偶，TA的助力已满，开启自己的红包活动吧~

账号 1 jd_63671030e8dea 开始给作者lxk0301 294327710 进行助力
助力结果：啊偶，TA的助力已满，开启自己的红包活动吧~

账号 1 jd_63671030e8dea 开始给作者lxk0301 294344130 进行助力
助力结果：啊偶，TA的助力已满，开启自己的红包活动吧~

账号 1 jd_63671030e8dea 开始给作者lxk0301 294325698 进行助力
助力结果：啊偶，TA的助力已满，开启自己的红包活动吧~

账号 1 jd_63671030e8dea 开始给作者lxk0301 294328658 进行助力
助力结果：啊偶，TA的助力已满，开启自己的红包活动吧~

🔔京东全民开红包, 结束! 🕛 28.706 秒

