
🔔领金贴, 开始!

====================共1个京东账号Cookie=========

==================脚本执行- 北京时间(UTC+8)：5/3/2021, 10:18:10 AM=====================


******开始【京东账号1】小尾巴充电宝*********

获取签到状态成功 今日已签到 连续签到 7 天

互动任务获取成功

剩余未接取任务：9
已完成任务：0


开始领取 【每天领88元大礼包】任务
任务接取成功

开始领取 【参与全民开红包活动】任务
任务接取成功
完成任务 成功

开始领取 【领点点券兑无门槛现金红包】任务
任务接取成功

开始领取 【参与摇京豆活动】任务
任务接取成功

开始领取 【参与一次签到】任务
任务接取成功

开始领取 【浏览任务中心15秒】任务
任务接取成功
完成任务 成功

开始领取 【浏览花金贴】任务
任务接取成功
完成任务 成功

开始领取 【完成一笔金币兑换】任务
任务接取成功

开始领取 【玩一玩东东工厂】任务
任务接取成功
完成任务 成功
获取当前总金贴成功

京东账号1 小尾巴充电宝 当前总金贴：0.31元

🔔领金贴, 结束! 🕛 6.23 秒

