
🔔京喜工厂, 开始!

====================共1个京东账号Cookie=========

==================脚本执行- 北京时间(UTC+8)：5/3/2021, 10:18:06 AM=====================

获取签名参数成功！
fp: 7286477869287162
token: tk01wa5cd1c04a8nOEowWmFHTytH/+8wv2mamHCiFK9CFRk5CrQJ7uRGZVnYcRcbdK38DtdZ5YmP16UWIVMWKvaTyvkD
enCryptMethodJD: function test(token,fingerprint,timestamp,appId,algo){const random='sld6QJES/Cug';const str=`${token}${fingerprint}${timestamp}${appId}${random}`;return algo.HmacSHA512(str,token)}
拼团活动ID: 获取成功 mNGPTrOPluOSeZcupPI40w==
开始获取京喜工厂配置文件

由于您环境变量(DREAM_FACTORY_SHARE_CODES)里面未提供助力码，故此处运行将会给脚本内置的码进行助力，请知晓！
共1个京东账号

您提供了2个账号的京喜工厂助力码


******开始【京东账号1】jd_63694f3490008*********

再加3.25%电力可开红包

当前电力：3099
当前等级：4

【京东账号1（jd_63694f3490008）的京喜工厂好友互助码】_KYQyGIeDqSHo3SXuHvZAg==
已投入电力：155200
所需电力：590000
生产进度：26.31%


预计最快还需 【2.52天】生产完毕




你今日还能帮好友打工（3/3）次


【今日招工进度】0/10
开始
随机取20个码放到您固定的互助码后面(不影响已有固定互助)
第1个京东账号将要助力的好友["V5LkjP4WRyjeCKR9VRwcRX0bBuTz7MEK0-E99EJ7u0k=","Bo-jnVs_m9uBvbRzraXcSA==","-OvElMzqeyeGBWazWYjI1Q==","NFGdryz_1d62NduJIYTO2w==","-kyLSKsaXk1Og4UCxFPzzQ==","vrURjE-GRRisAAKgt08ozg==","0okHJEcf0ByjfVX7BlzsrQ==","-ER-FDT1-ucDHP2hZJ0sKw==","OzSe_fl1oQWLEvtaReYfFw==","HVcE4CA2R3nDJTG0ceNisA==","uAcm2NGPuJJCTe1xQGEhew==","vSM0pDNcVeBvFuIP9DtFZg==","lmBv3ljcZgjEITaR9omOzA==","y1cGwKwldlhRaPlZ40If2A==","ZXHIW49srpXP5O9YS6IfNA==","mSs60kIhSg5B9I-5B1Z_5A==","l9_1OdmswG5I3xKEyRWlBQ==","jmIeFjWYnA-yNRlnpitfV4exkkisL3tDvvSPJRYUwso=","172vKDZxfUn8mHhL9_UPaQ==","_i4FHm1cKNk5vUxb687y-w==","oE4kokuO-oCXUpdW_jRJBA==","WG5h80el4cHFBUVztp-b4g==","OLH5Kp3cPoSL-tdFHfrH0Q=="]
助力朋友[V5LkjP4WRyjeCKR9VRwcRX0bBuTz7MEK0-E99EJ7u0k=]失败：好友存储电力已达上限,暂不可打工哦~
助力朋友[Bo-jnVs_m9uBvbRzraXcSA==]失败：亲,好友的工厂暂未开启,不能去好友工厂打工啦!
助力朋友[-OvElMzqeyeGBWazWYjI1Q==]失败：亲,好友的工厂暂未开启,不能去好友工厂打工啦!
助力朋友[NFGdryz_1d62NduJIYTO2w==]失败：亲,好友的工厂暂未开启,不能去好友工厂打工啦!
助力朋友[-kyLSKsaXk1Og4UCxFPzzQ==]失败：亲,好友的工厂暂未开启,不能去好友工厂打工啦!
助力朋友[vrURjE-GRRisAAKgt08ozg==]失败：亲,好友的工厂的工人已经满员了,不能去好友工厂打工啦!
助力朋友[0okHJEcf0ByjfVX7BlzsrQ==]失败：亲,好友的工厂的工人已经满员了,不能去好友工厂打工啦!
助力朋友[-ER-FDT1-ucDHP2hZJ0sKw==]失败：亲,好友的工厂暂未开启,不能去好友工厂打工啦!
助力朋友[OzSe_fl1oQWLEvtaReYfFw==]失败：亲,好友的工厂的工人已经满员了,不能去好友工厂打工啦!
助力朋友[HVcE4CA2R3nDJTG0ceNisA==]失败：亲,好友的工厂的工人已经满员了,不能去好友工厂打工啦!
助力朋友[uAcm2NGPuJJCTe1xQGEhew==]失败：亲,好友的工厂的工人已经满员了,不能去好友工厂打工啦!
助力朋友[vSM0pDNcVeBvFuIP9DtFZg==]失败：亲,好友的工厂的工人已经满员了,不能去好友工厂打工啦!
助力朋友[lmBv3ljcZgjEITaR9omOzA==]失败：亲,好友的工厂的工人已经满员了,不能去好友工厂打工啦!
助力朋友[y1cGwKwldlhRaPlZ40If2A==]失败：亲,好友的工厂暂未开启,不能去好友工厂打工啦!
助力朋友[ZXHIW49srpXP5O9YS6IfNA==]失败：亲,好友的工厂暂未开启,不能去好友工厂打工啦!
助力朋友[mSs60kIhSg5B9I-5B1Z_5A==]失败：亲,好友的工厂暂未开启,不能去好友工厂打工啦!
助力朋友[l9_1OdmswG5I3xKEyRWlBQ==]失败：亲,好友的工厂的工人已经满员了,不能去好友工厂打工啦!
助力朋友[jmIeFjWYnA-yNRlnpitfV4exkkisL3tDvvSPJRYUwso=]失败：亲,好友的工厂的工人已经满员了,不能去好友工厂打工啦!
助力朋友[172vKDZxfUn8mHhL9_UPaQ==]失败：亲,好友的工厂的工人已经满员了,不能去好友工厂打工啦!
助力朋友[_i4FHm1cKNk5vUxb687y-w==]失败：亲,好友的工厂的工人已经满员了,不能去好友工厂打工啦!
助力朋友[oE4kokuO-oCXUpdW_jRJBA==]失败：亲,好友的工厂暂未开启,不能去好友工厂打工啦!
助力朋友[WG5h80el4cHFBUVztp-b4g==]失败：亲,好友的工厂的工人已经满员了,不能去好友工厂打工啦!
助力朋友[OLH5Kp3cPoSL-tdFHfrH0Q==]失败：亲,好友的工厂的工人已经满员了,不能去好友工厂打工啦!
发电机：当前 390 电力，最大值 390 电力
发电机：电力可翻倍并收获
收取电力成功: 共780 
去做任务：*限时*邀5人得2万电!
做任务完成！
领取*限时*邀5人得2万电!任务奖励成功，收获：100电力
去做任务：*限时*邀5人得2万电!
DoTask异常：{"data":{"awardStatus":1,"completedTimes":1,"dateTypeExtra":"20210503","updateTime":1620008296,"userStatusConfigExtra":""},"msg":"亲,活动太火爆了,请稍后再试吧!","ret":1009}
领取*限时*邀5人得2万电!任务奖励失败，任务已领奖
任务：每日开工打卡可完成
领取每日开工打卡任务奖励成功，收获：800电力
去做任务：上集市做调研30s
做任务完成！
领取上集市做调研30s任务奖励成功，收获：300电力
去做任务：上集市做调研30s
DoTask异常：{"data":{},"msg":"亲,您的动作太快了,休息一会再试吧!","ret":20003}
领取上集市做调研30s任务奖励失败，任务已领奖
任务：登录APP领取奖励可完成
领取登录APP领取奖励任务奖励成功，收获：2500电力
去做任务：去签到，可领现金,领百万补贴红包
做任务完成！
领取去签到，可领现金,领百万补贴红包任务奖励成功，收获：300电力
去做任务：去签到，可领现金,领百万补贴红包
DoTask异常：{"data":{},"msg":"亲,您的动作太快了,休息一会再试吧!","ret":20003}
领取去签到，可领现金,领百万补贴红包任务奖励失败，任务已领奖
去做任务：去签到，可领现金,领百万补贴红包
做任务完成！
领取去签到，可领现金,领百万补贴红包任务奖励成功，收获：300电力
去做任务：去京东会员领专属权益,限时0元领洁柔抽纸
做任务完成！
领取去京东会员领专属权益,限时0元领洁柔抽纸任务奖励成功，收获：100电力
去做任务：去京东会员领专属权益,限时0元领洁柔抽纸
做任务完成！
领取去京东会员领专属权益,限时0元领洁柔抽纸任务奖励成功，收获：100电力
去做任务：去京东会员领专属权益,限时0元领洁柔抽纸
DoTask异常：{"data":{},"msg":"亲,您的动作太快了,休息一会再试吧!","ret":20003}
领取去京东会员领专属权益,限时0元领洁柔抽纸任务奖励失败，任务已领奖
去做任务：上岛兑0元好物,逛农场免费领水果,出海寻宝领100元红包,限时领50元微信打款
做任务完成！
领取上岛兑0元好物,逛农场免费领水果,出海寻宝领100元红包,限时领50元微信打款任务奖励成功，收获：100电力
去做任务：上岛兑0元好物,逛农场免费领水果,出海寻宝领100元红包,限时领50元微信打款
做任务完成！
领取上岛兑0元好物,逛农场免费领水果,出海寻宝领100元红包,限时领50元微信打款任务奖励成功，收获：100电力
去做任务：上岛兑0元好物,逛农场免费领水果,出海寻宝领100元红包,限时领50元微信打款
DoTask异常：{"data":{},"msg":"亲,您的动作太快了,休息一会再试吧!","ret":20003}
领取上岛兑0元好物,逛农场免费领水果,出海寻宝领100元红包,限时领50元微信打款任务奖励失败，任务已领奖
去做任务：上岛兑0元好物,逛农场免费领水果,出海寻宝领100元红包,限时领50元微信打款
做任务完成！
领取上岛兑0元好物,逛农场免费领水果,出海寻宝领100元红包,限时领50元微信打款任务奖励成功，收获：100电力
去做任务：上岛兑0元好物,逛农场免费领水果,出海寻宝领100元红包,限时领50元微信打款
做任务完成！
领取上岛兑0元好物,逛农场免费领水果,出海寻宝领100元红包,限时领50元微信打款任务奖励成功，收获：100电力
完成任务：共领取5680电力
成功投入电力8700电力
打工电力：收取成功
打工电力：收取成功
自家地下暂无零件可收


团活动ID  mNGPTrOPluOSeZcupPI40w==
团ID  _BybeDLE-0TMrNMu0umdLw==

今日剩余开团次数：3次
之前的团已过期，准备重新开团

开团成功tuanId为
qoNBuvpDPqI7NqRoSQXm6Q==

开团情况:1/6


此团未达领取团奖励人数：6人

4/28/2021, 6:50:13 AM参加团主【_KYQyGIeDqSHo3SXuHvZAg==】失败
4/27/2021, 5:51:28 PM参加团主【_KYQyGIeDqSHo3SXuHvZAg==】失败
5/3/2021, 10:18:42 AM参加团主【_KYQyGIeDqSHo3SXuHvZAg==】失败
5/1/2021, 2:50:18 AM参加团主【_KYQyGIeDqSHo3SXuHvZAg==】失败
4/30/2021, 2:50:10 PM参加团主【_KYQyGIeDqSHo3SXuHvZAg==】失败
4/30/2021, 1:51:06 AM参加团主【_KYQyGIeDqSHo3SXuHvZAg==】失败
4/29/2021, 1:50:52 PM参加团主【_KYQyGIeDqSHo3SXuHvZAg==】失败

  商品名     兑换状态
3元无门槛券    已兑换
清风无芯卷纸    兑换超时

【京东账号1】jd_63694f3490008
【生产商品】免打孔置物架
【当前等级】工程师 4
【生产进度】26.31%
【招工进度】0/10
【收取发电站】收取成功，获得 780 电力
【每日任务】领奖成功，共计 5680 电力
【投入电力】投入成功，共计 8700 电力
【打工电力】：收取成功
【打工电力】：收取成功
【收取自己零件】今日已达上限
【收取好友零件】今日已达上限


账号jd_63694f3490008 参加作者lxk0301的团 【2oa7mZ0dCFtok9T5cSOYUg==】
参团失败：{"msg":"您已成团","nowTime":1620008344,"ret":10209}


账号jd_63694f3490008 参加作者lxk0301的团 【DeSG9-iUts3MY3CVf63VKA==】
参团失败：{"msg":"您已成团","nowTime":1620008346,"ret":10209}


账号jd_63694f3490008 参加作者lxk0301的团 【ri0dxJr447DOBkiSnSAR7g==】
参团失败：{"msg":"您已成团","nowTime":1620008347,"ret":10209}


账号jd_63694f3490008 参加作者lxk0301的团 【g-jaytrBFf5_b8_iqAJ2Lg==】
参团失败：{"msg":"您已成团","nowTime":1620008348,"ret":10209}


账号jd_63694f3490008 参加作者lxk0301的团 【pY78EKc7Qt7QC4XJnW_55g==】
参团失败：{"msg":"您已成团","nowTime":1620008349,"ret":10209}


账号jd_63694f3490008 参加作者lxk0301的团 【GUQu-ldhQ-P7bCyCtUDnpg==】
参团失败：{"msg":"您已成团","nowTime":1620008350,"ret":10209}


账号jd_63694f3490008 参加作者lxk0301的团 【DjVOCCkNzUfob7D-vB8G5Q==】
参团失败：{"msg":"您已成团","nowTime":1620008352,"ret":10209}


账号jd_63694f3490008 参加作者lxk0301的团 【tAClAkFT1bU_g6QhiQhYxw==】
参团失败：{"msg":"您已成团","nowTime":1620008353,"ret":10209}


账号jd_63694f3490008 参加作者lxk0301的团 【CDtAm9_KprLZLrugo5B2kg==】
参团失败：{"msg":"您已成团","nowTime":1620008354,"ret":10209}


账号jd_63694f3490008 参加作者lxk0301的团 【QU2hG9_MPe9jA7-OlMiinw==】
参团失败：{"msg":"您已成团","nowTime":1620008355,"ret":10209}


账号jd_63694f3490008 参加作者lxk0301的团 【XDE4B_KaUl6C3yVyaQnVkw==】
参团失败：{"msg":"您已成团","nowTime":1620008356,"ret":10209}


账号jd_63694f3490008 参加作者lxk0301的团 【MduCpObeEzliI-sqglXl5g==】
参团失败：{"msg":"您已成团","nowTime":1620008358,"ret":10209}


账号jd_63694f3490008 参加作者lxk0301的团 【oCM-cXf3hKO-1X9OIcD9Sw==】
参团失败：{"msg":"您已成团","nowTime":1620008359,"ret":10209}


账号jd_63694f3490008 参加作者lxk0301的团 【2gX1OSOTku5gww6LvcfmKg==】
参团失败：{"msg":"您已成团","nowTime":1620008360,"ret":10209}


账号jd_63694f3490008 参加作者lxk0301的团 【gA3xlsti5enE2nrqkCPNrg==】
参团失败：{"msg":"您已成团","nowTime":1620008361,"ret":10209}


账号jd_63694f3490008 参加作者lxk0301的团 【pf191lVvYPxo7OQH1wgNsw==】
参团失败：{"msg":"您已成团","nowTime":1620008362,"ret":10209}


账号jd_63694f3490008 参加作者lxk0301的团 【zLNg1_ZGcN-85MBRrf4FvA==】
参团失败：{"msg":"您已成团","nowTime":1620008363,"ret":10209}


账号jd_63694f3490008 参加作者lxk0301的团 【DEpRa2AXCbkA6UOy-xb0tQ==】
参团失败：{"msg":"您已成团","nowTime":1620008365,"ret":10209}


账号jd_63694f3490008 参加作者lxk0301的团 【oQD4aCZvJh7wtv4F0Te-yQ==】
参团失败：{"msg":"您已成团","nowTime":1620008366,"ret":10209}


账号jd_63694f3490008 参加作者lxk0301的团 【jnEitj5hfsgIi1tMWItT1g==】
参团失败：{"msg":"您已成团","nowTime":1620008367,"ret":10209}


🔔京喜工厂, 结束! 🕛 81.878 秒

