
🔔京东极速版, 开始!

====================共1个京东账号Cookie=========

==================脚本执行- 北京时间(UTC+8)：5/3/2021, 10:18:25 AM=====================


******开始【京东账号1】小尾巴充电宝*********

用户当前位置：1，剩余机会：1
红包大富翁抽奖：获得空气
【幸运大转盘】剩余抽奖机会：1
幸运大转盘抽奖获得：【13-5福利神券-老人】

去做任务转盘抽奖逛会场
任务完成成功
【幸运大转盘】剩余抽奖机会：1
幸运大转盘抽奖获得：【13-5福利神券-老人】

签到失败，频繁点击
【1/55】浏览商品任务记录成功，等待5秒
逛商品赚金币任务完成，获得36金币
【2/55】浏览商品任务记录成功，等待5秒
逛商品赚金币任务完成，获得44金币
【3/55】浏览商品任务记录成功，等待5秒
逛商品赚金币任务完成，获得36金币
【4/55】浏览商品任务记录成功，等待5秒
逛商品赚金币任务完成，获得44金币
【5/55】浏览商品任务记录成功，等待5秒
逛商品赚金币任务完成，获得60金币
【6/55】浏览商品任务记录成功，等待5秒
逛商品赚金币任务完成，获得46金币
【7/55】浏览商品任务记录成功，等待5秒
逛商品赚金币任务完成，获得35金币
【8/55】浏览商品任务记录成功，等待5秒
逛商品赚金币任务完成，获得45金币
【9/55】浏览商品任务记录成功，等待5秒
逛商品赚金币任务完成，获得34金币
【10/55】浏览商品任务记录成功，等待5秒
逛商品赚金币任务完成，获得74金币
【11/55】浏览商品任务记录成功，等待5秒
逛商品赚金币任务完成，获得36金币
【12/55】浏览商品任务记录成功，等待5秒
逛商品赚金币任务完成，获得44金币
【13/55】浏览商品任务记录成功，等待5秒
逛商品赚金币任务完成，获得33金币
【14/55】浏览商品任务记录成功，等待5秒
逛商品赚金币任务完成，获得47金币
【15/55】浏览商品任务记录成功，等待5秒
逛商品赚金币任务完成，获得77金币
【16/55】浏览商品任务记录成功，等待5秒
逛商品赚金币任务完成，获得35金币
【17/55】浏览商品任务记录成功，等待5秒
逛商品赚金币任务完成，获得24金币
【18/55】浏览商品任务记录成功，等待5秒
逛商品赚金币任务完成，获得36金币
【19/55】浏览商品任务记录成功，等待5秒
逛商品赚金币任务完成，获得27金币
【20/55】浏览商品任务记录成功，等待5秒
逛商品赚金币任务完成，获得76金币
【21/55】浏览商品任务记录成功，等待5秒
逛商品赚金币任务完成，获得24金币
【22/55】浏览商品任务记录成功，等待5秒
逛商品赚金币任务完成，获得36金币
【23/55】浏览商品任务记录成功，等待5秒
逛商品赚金币任务完成，获得25金币
【24/55】浏览商品任务记录成功，等待5秒
逛商品赚金币任务完成，获得35金币
【25/55】浏览商品任务记录成功，等待5秒
逛商品赚金币任务完成，获得67金币
【26/55】浏览商品任务记录成功，等待5秒
逛商品赚金币任务完成，获得33金币
【27/55】浏览商品任务记录成功，等待5秒
逛商品赚金币任务完成，获得26金币
【28/55】浏览商品任务记录成功，等待5秒
逛商品赚金币任务完成，获得34金币
【29/55】浏览商品任务记录成功，等待5秒
逛商品赚金币任务完成，获得18金币
【30/55】浏览商品任务记录成功，等待5秒
逛商品赚金币任务完成，获得63金币
【31/55】浏览商品任务记录成功，等待5秒
逛商品赚金币任务完成，获得17金币
【32/55】浏览商品任务记录成功，等待5秒
逛商品赚金币任务完成，获得23金币
【33/55】浏览商品任务记录成功，等待5秒
逛商品赚金币任务完成，获得17金币
【34/55】浏览商品任务记录成功，等待5秒
逛商品赚金币任务完成，获得23金币
【35/55】浏览商品任务记录成功，等待5秒
逛商品赚金币任务完成，获得72金币
【36/55】浏览商品任务记录成功，等待5秒
逛商品赚金币任务完成，获得22金币
【37/55】浏览商品任务记录成功，等待5秒
逛商品赚金币任务完成，获得17金币
【38/55】浏览商品任务记录成功，等待5秒
逛商品赚金币任务完成，获得23金币
【39/55】浏览商品任务记录成功，等待5秒
逛商品赚金币任务完成，获得17金币
【40/55】浏览商品任务记录成功，等待5秒
逛商品赚金币任务完成，获得77金币
【41/55】浏览商品任务记录成功，等待5秒
逛商品赚金币任务完成，获得9金币
【42/55】浏览商品任务记录成功，等待5秒
逛商品赚金币任务完成，获得11金币
【43/55】浏览商品任务记录成功，等待5秒
逛商品赚金币任务完成，获得9金币
【44/55】浏览商品任务记录成功，等待5秒
逛商品赚金币任务完成，获得11金币
【45/55】浏览商品任务记录成功，等待5秒
逛商品赚金币任务完成，获得76金币
【46/55】浏览商品任务记录成功，等待5秒
逛商品赚金币任务完成，获得12金币
【47/55】浏览商品任务记录成功，等待5秒
逛商品赚金币任务完成，获得9金币
【48/55】浏览商品任务记录成功，等待5秒
逛商品赚金币任务完成，获得11金币
【49/55】浏览商品任务记录成功，等待5秒
逛商品赚金币任务完成，获得9金币
【50/55】浏览商品任务记录成功，等待5秒
逛商品赚金币任务完成，获得73金币
【51/55】浏览商品任务记录成功，等待5秒
逛商品赚金币任务完成，获得9金币
【52/55】浏览商品任务记录成功，等待5秒
逛商品赚金币任务完成，获得11金币
【53/55】浏览商品任务记录成功，等待5秒
逛商品赚金币任务完成，获得9金币
【54/55】浏览商品任务记录成功，等待5秒
逛商品赚金币任务完成，获得11金币
【55/55】浏览商品任务记录成功，等待5秒
逛商品赚金币任务完成，获得63金币
逛商品赚金币任务开启失败，任务已达上限
【1/10】浏览商品任务记录成功，等待10秒
逛活动赚金币任务完成，获得60金币
【2/10】浏览商品任务记录成功，等待10秒
逛活动赚金币任务完成，获得120金币
【3/10】浏览商品任务记录成功，等待10秒
逛活动赚金币任务完成，获得60金币
【4/10】浏览商品任务记录成功，等待10秒
逛活动赚金币任务完成，获得120金币
【5/10】浏览商品任务记录成功，等待10秒
逛活动赚金币任务完成，获得60金币
【6/10】浏览商品任务记录成功，等待10秒
逛活动赚金币任务完成，获得120金币
【7/10】浏览商品任务记录成功，等待10秒
逛活动赚金币任务完成，获得60金币
【8/10】浏览商品任务记录成功，等待10秒
逛活动赚金币任务完成，获得120金币
【9/10】浏览商品任务记录成功，等待10秒
逛活动赚金币任务完成，获得60金币
【10/10】浏览商品任务记录成功，等待10秒
逛活动赚金币任务完成，获得120金币
逛活动赚金币任务开启失败，任务已达上限
【1/85】浏览商品任务记录成功，等待15秒
看视频赚金币任务完成，获得30金币
【2/85】浏览商品任务记录成功，等待15秒
看视频赚金币任务完成，获得30金币
【3/85】浏览商品任务记录成功，等待15秒
看视频赚金币任务完成，获得30金币
【4/85】浏览商品任务记录成功，等待15秒
看视频赚金币任务完成，获得30金币
【5/85】浏览商品任务记录成功，等待15秒
看视频赚金币任务完成，获得120金币
【6/85】浏览商品任务记录成功，等待15秒
看视频赚金币任务完成，获得30金币
【7/85】浏览商品任务记录成功，等待15秒
看视频赚金币任务完成，获得30金币
【8/85】浏览商品任务记录成功，等待15秒
看视频赚金币任务完成，获得30金币
【9/85】浏览商品任务记录成功，等待15秒
看视频赚金币任务完成，获得30金币
【10/85】浏览商品任务记录成功，等待15秒
看视频赚金币任务完成，获得120金币
【11/85】浏览商品任务记录成功，等待15秒
看视频赚金币任务完成，获得30金币
【12/85】浏览商品任务记录成功，等待15秒
看视频赚金币任务完成，获得30金币
【13/85】浏览商品任务记录成功，等待15秒
看视频赚金币任务完成，获得30金币
【14/85】浏览商品任务记录成功，等待15秒
看视频赚金币任务完成，获得30金币
【15/85】浏览商品任务记录成功，等待15秒
看视频赚金币任务完成，获得120金币
【16/85】浏览商品任务记录成功，等待15秒
看视频赚金币任务完成，获得30金币
【17/85】浏览商品任务记录成功，等待15秒
看视频赚金币任务完成，获得30金币
【18/85】浏览商品任务记录成功，等待15秒
看视频赚金币任务完成，获得30金币
【19/85】浏览商品任务记录成功，等待15秒
看视频赚金币任务完成，获得30金币
【20/85】浏览商品任务记录成功，等待15秒
看视频赚金币任务完成，获得120金币
【21/85】浏览商品任务记录成功，等待15秒
看视频赚金币任务完成，获得30金币
【22/85】浏览商品任务记录成功，等待15秒
看视频赚金币任务完成，获得30金币
【23/85】浏览商品任务记录成功，等待15秒
看视频赚金币任务完成，获得30金币
【24/85】浏览商品任务记录成功，等待15秒
看视频赚金币任务完成，获得30金币
【25/85】浏览商品任务记录成功，等待15秒
看视频赚金币任务完成，获得120金币
【26/85】浏览商品任务记录成功，等待15秒
看视频赚金币任务完成，获得30金币
【27/85】浏览商品任务记录成功，等待15秒
看视频赚金币任务完成，获得30金币
【28/85】浏览商品任务记录成功，等待15秒
看视频赚金币任务完成，获得30金币
【29/85】浏览商品任务记录成功，等待15秒
看视频赚金币任务完成，获得30金币
【30/85】浏览商品任务记录成功，等待15秒
看视频赚金币任务完成，获得120金币
【31/85】浏览商品任务记录成功，等待15秒
看视频赚金币任务完成，获得30金币
【32/85】浏览商品任务记录成功，等待15秒
看视频赚金币任务完成，获得30金币
【33/85】浏览商品任务记录成功，等待15秒
看视频赚金币任务完成，获得30金币
【34/85】浏览商品任务记录成功，等待15秒
看视频赚金币任务完成，获得30金币
【35/85】浏览商品任务记录成功，等待15秒
看视频赚金币任务完成，获得120金币
【36/85】浏览商品任务记录成功，等待18秒
看视频赚金币任务完成，获得25金币
【37/85】浏览商品任务记录成功，等待18秒
看视频赚金币任务完成，获得25金币
【38/85】浏览商品任务记录成功，等待18秒
看视频赚金币任务完成，获得25金币
【39/85】浏览商品任务记录成功，等待18秒
看视频赚金币任务完成，获得25金币
【40/85】浏览商品任务记录成功，等待18秒
看视频赚金币任务完成，获得120金币
【41/85】浏览商品任务记录成功，等待18秒
看视频赚金币任务完成，获得25金币
【42/85】浏览商品任务记录成功，等待18秒
看视频赚金币任务完成，获得25金币
【43/85】浏览商品任务记录成功，等待18秒
看视频赚金币任务完成，获得25金币
【44/85】浏览商品任务记录成功，等待18秒
看视频赚金币任务完成，获得25金币
【45/85】浏览商品任务记录成功，等待18秒
看视频赚金币任务完成，获得120金币
【46/85】浏览商品任务记录成功，等待18秒
看视频赚金币任务完成，获得25金币
【47/85】浏览商品任务记录成功，等待18秒
看视频赚金币任务完成，获得25金币
【48/85】浏览商品任务记录成功，等待18秒
看视频赚金币任务完成，获得25金币
【49/85】浏览商品任务记录成功，等待18秒
看视频赚金币任务完成，获得25金币
【50/85】浏览商品任务记录成功，等待18秒
看视频赚金币任务完成，获得120金币
【51/85】浏览商品任务记录成功，等待18秒
看视频赚金币任务完成，获得25金币
【52/85】浏览商品任务记录成功，等待18秒
看视频赚金币任务完成，获得25金币
【53/85】浏览商品任务记录成功，等待18秒
看视频赚金币任务完成，获得25金币
【54/85】浏览商品任务记录成功，等待18秒
看视频赚金币任务完成，获得25金币
【55/85】浏览商品任务记录成功，等待18秒
看视频赚金币任务完成，获得120金币
【56/85】浏览商品任务记录成功，等待18秒
看视频赚金币任务完成，获得25金币
【57/85】浏览商品任务记录成功，等待18秒
看视频赚金币任务完成，获得25金币
【58/85】浏览商品任务记录成功，等待18秒
看视频赚金币任务完成，获得25金币
【59/85】浏览商品任务记录成功，等待18秒
看视频赚金币任务完成，获得25金币
【60/85】浏览商品任务记录成功，等待18秒
看视频赚金币任务完成，获得120金币
【61/85】浏览商品任务记录成功，等待20秒
看视频赚金币任务完成，获得10金币
【62/85】浏览商品任务记录成功，等待20秒
看视频赚金币任务完成，获得10金币
【63/85】浏览商品任务记录成功，等待20秒
看视频赚金币任务完成，获得10金币
【64/85】浏览商品任务记录成功，等待20秒
看视频赚金币任务完成，获得10金币
【65/85】浏览商品任务记录成功，等待20秒
看视频赚金币任务完成，获得60金币
【66/85】浏览商品任务记录成功，等待20秒
看视频赚金币任务完成，获得10金币
【67/85】浏览商品任务记录成功，等待20秒
看视频赚金币任务完成，获得10金币
【68/85】浏览商品任务记录成功，等待20秒
看视频赚金币任务完成，获得10金币
【69/85】浏览商品任务记录成功，等待20秒
看视频赚金币任务完成，获得10金币
【70/85】浏览商品任务记录成功，等待20秒
看视频赚金币任务完成，获得60金币
【71/85】浏览商品任务记录成功，等待20秒
看视频赚金币任务完成，获得10金币
【72/85】浏览商品任务记录成功，等待20秒
看视频赚金币任务完成，获得10金币
【73/85】浏览商品任务记录成功，等待20秒
看视频赚金币任务完成，获得10金币
【74/85】浏览商品任务记录成功，等待20秒
看视频赚金币任务完成，获得10金币
【75/85】浏览商品任务记录成功，等待20秒
看视频赚金币任务完成，获得60金币
【76/85】浏览商品任务记录成功，等待30秒
看视频赚金币任务完成，获得5金币
【77/85】浏览商品任务记录成功，等待30秒
看视频赚金币任务完成，获得5金币
【78/85】浏览商品任务记录成功，等待30秒
看视频赚金币任务完成，获得5金币
【79/85】浏览商品任务记录成功，等待30秒
看视频赚金币任务完成，获得5金币
【80/85】浏览商品任务记录成功，等待30秒
看视频赚金币任务完成，获得40金币
【81/85】浏览商品任务记录成功，等待30秒
看视频赚金币任务完成，获得5金币
【82/85】浏览商品任务记录成功，等待30秒
看视频赚金币任务完成，获得5金币
【83/85】浏览商品任务记录成功，等待30秒
看视频赚金币任务完成，获得5金币
【84/85】浏览商品任务记录成功，等待30秒
看视频赚金币任务完成，获得5金币
【85/85】浏览商品任务记录成功，等待30秒
看视频赚金币任务完成，获得40金币
看视频赚金币任务已达上限
邀好友赚金币任务完成成功，预计获得60金币
拆红包得现金任务完成成功，预计获得60金币
分享赚金币任务完成成功，预计获得60金币
东东爱消除任务完成成功，预计获得60金币
一元赢大奖任务完成成功，预计获得60金币
幸运转盘任务完成成功，预计获得60金币
现金签到任务完成成功，预计获得60金币
推推赚大钱任务完成成功，预计获得60金币
天天抽奖任务完成成功，预计获得60金币
水果免费领任务完成成功，预计获得60金币
砍价免费拿任务完成成功，预计获得60金币
气泡收取成功，获得60金币
气泡收取成功，获得60金币
气泡收取成功，获得60金币
气泡收取成功，获得60金币
气泡收取成功，获得60金币
气泡收取成功，获得60金币
气泡收取成功，获得60金币
气泡收取成功，获得60金币
气泡收取成功，获得60金币
气泡收取成功，获得60金币
气泡收取成功，获得60金币

==============📣系统通知📣==============
京东极速版
京东账号1小尾巴充电宝
幸运大转盘抽奖获得：【13-5福利神券-老人】
幸运大转盘抽奖获得：【13-5福利神券-老人】
本次运行获得6651金币，共计138369金币
可兑换 13.84 元京东红包
兑换入口：京东极速版->我的->金币

🔔京东极速版, 结束! 🕛 2050.356 秒

