
🔔东东小窝, 开始!

====================共1个京东账号Cookie=========

==================脚本执行- 北京时间(UTC+8)：5/3/2021, 10:18:24 AM=====================


*******开始【京东账号1】jd_63694f3490008********


您的东东小窝shareCode(每天都是变化的):【1389041627231285250】

 任务名称   完成进度 
邀请任务      0/4
每日打卡      0/1
限时连连看      0/2
关注店铺      8/8
浏览店铺      0/7
关注频道      1/3
浏览频道      0/3
加购商品      0/12
浏览商品      0/5
浏览会场      0/7
createAssistUserID:1318106976846299138


助力您的好友:0人
关注店铺已完成[8/8]
浏览店铺 {"head":{"code":200,"msg":"浏览成功"}}
浏览店铺 {"head":{"code":200,"msg":"浏览成功"}}
浏览店铺 {"head":{"code":200,"msg":"浏览成功"}}
浏览店铺 {"head":{"code":200,"msg":"浏览成功"}}
浏览店铺 {"head":{"code":200,"msg":"浏览成功"}}
浏览店铺 {"head":{"code":200,"msg":"浏览成功"}}
浏览店铺 {"head":{"code":200,"msg":"浏览成功"}}
浏览频道 {"head":{"code":200,"msg":"浏览频道成功"}}
浏览频道 {"head":{"code":200,"msg":"浏览频道成功"}}
浏览频道 {"head":{"code":200,"msg":"浏览频道成功"}}
浏览商品 {"head":{"code":200,"msg":"浏览商品成功"}}
浏览商品 {"head":{"code":200,"msg":"浏览商品成功"}}
浏览商品 {"head":{"code":200,"msg":"浏览商品成功"}}
浏览商品 {"head":{"code":200,"msg":"浏览商品成功"}}
浏览商品 {"head":{"code":200,"msg":"浏览商品成功"}}
浏览会场 {"head":{"code":200,"msg":"浏览成功"}}
浏览会场 {"head":{"code":200,"msg":"浏览成功"}}
浏览会场 {"head":{"code":200,"msg":"浏览成功"}}
浏览会场 {"head":{"code":200,"msg":"浏览成功"}}
浏览会场 {"head":{"code":200,"msg":"浏览成功"}}
浏览会场 {"head":{"code":200,"msg":"浏览成功"}}
浏览会场 {"head":{"code":200,"msg":"浏览成功"}}

兑换5京豆失败:当前wo币29300不够兑换所需的128888WO币

==============📣系统通知📣==============
东东小窝
【京东账号1】jd_63694f3490008
【免费抽奖】获得：300个wo币
【小窝名】兔子的小窝
【当前WO币】29300
【装饰领京豆】兑换5京豆失败,原因:WO币不够


去帮助作者:LXK9301

1388890272780906498, 1318106976846299138 pt_key=AAJgh3u_ADDpQIDtSuv-YPyWEkCi3PyvBAy3qFNIyNnNhpGLW09cAy_pPG5ng4m-UVHxvxBAZV4;pt_pin=jd_63694f3490008;
助力失败{"head":{"code":400,"msg":"来晚啦~我已完成全部邀请~"}}}
1388897386564292610, 1318106976846299138 pt_key=AAJgh3u_ADDpQIDtSuv-YPyWEkCi3PyvBAy3qFNIyNnNhpGLW09cAy_pPG5ng4m-UVHxvxBAZV4;pt_pin=jd_63694f3490008;
助力失败{"head":{"code":400,"msg":"来晚啦~我已完成全部邀请~"}}}
1388897415570857986, 1318106976846299138 pt_key=AAJgh3u_ADDpQIDtSuv-YPyWEkCi3PyvBAy3qFNIyNnNhpGLW09cAy_pPG5ng4m-UVHxvxBAZV4;pt_pin=jd_63694f3490008;
助力失败{"head":{"code":400,"msg":"来晚啦~我已完成全部邀请~"}}}
1388897433417621506, 1318106976846299138 pt_key=AAJgh3u_ADDpQIDtSuv-YPyWEkCi3PyvBAy3qFNIyNnNhpGLW09cAy_pPG5ng4m-UVHxvxBAZV4;pt_pin=jd_63694f3490008;
助力失败{"head":{"code":400,"msg":"来晚啦~我已完成全部邀请~"}}}
1388897450355466241, 1318106976846299138 pt_key=AAJgh3u_ADDpQIDtSuv-YPyWEkCi3PyvBAy3qFNIyNnNhpGLW09cAy_pPG5ng4m-UVHxvxBAZV4;pt_pin=jd_63694f3490008;
助力失败{"head":{"code":400,"msg":"来晚啦~我已完成全部邀请~"}}}
1388897474929889282, 1318106976846299138 pt_key=AAJgh3u_ADDpQIDtSuv-YPyWEkCi3PyvBAy3qFNIyNnNhpGLW09cAy_pPG5ng4m-UVHxvxBAZV4;pt_pin=jd_63694f3490008;
助力失败{"head":{"code":400,"msg":"来晚啦~我已完成全部邀请~"}}}
1388897531177287681, 1318106976846299138 pt_key=AAJgh3u_ADDpQIDtSuv-YPyWEkCi3PyvBAy3qFNIyNnNhpGLW09cAy_pPG5ng4m-UVHxvxBAZV4;pt_pin=jd_63694f3490008;
助力失败{"head":{"code":400,"msg":"来晚啦~我已完成全部邀请~"}}}
1388897545548144642, 1318106976846299138 pt_key=AAJgh3u_ADDpQIDtSuv-YPyWEkCi3PyvBAy3qFNIyNnNhpGLW09cAy_pPG5ng4m-UVHxvxBAZV4;pt_pin=jd_63694f3490008;
助力失败{"head":{"code":400,"msg":"来晚啦~我已完成全部邀请~"}}}
1388897582869061634, 1318106976846299138 pt_key=AAJgh3u_ADDpQIDtSuv-YPyWEkCi3PyvBAy3qFNIyNnNhpGLW09cAy_pPG5ng4m-UVHxvxBAZV4;pt_pin=jd_63694f3490008;
助力失败{"head":{"code":400,"msg":"来晚啦~我已完成全部邀请~"}}}
1388897608466894850, 1318106976846299138 pt_key=AAJgh3u_ADDpQIDtSuv-YPyWEkCi3PyvBAy3qFNIyNnNhpGLW09cAy_pPG5ng4m-UVHxvxBAZV4;pt_pin=jd_63694f3490008;
助力失败{"head":{"code":400,"msg":"来晚啦~我已完成全部邀请~"}}}
1388897624556244993, 1318106976846299138 pt_key=AAJgh3u_ADDpQIDtSuv-YPyWEkCi3PyvBAy3qFNIyNnNhpGLW09cAy_pPG5ng4m-UVHxvxBAZV4;pt_pin=jd_63694f3490008;
助力失败{"head":{"code":400,"msg":"来晚啦~我已完成全部邀请~"}}}
1388897637957046273, 1318106976846299138 pt_key=AAJgh3u_ADDpQIDtSuv-YPyWEkCi3PyvBAy3qFNIyNnNhpGLW09cAy_pPG5ng4m-UVHxvxBAZV4;pt_pin=jd_63694f3490008;
助力失败{"head":{"code":400,"msg":"来晚啦~我已完成全部邀请~"}}}
1388897652230975490, 1318106976846299138 pt_key=AAJgh3u_ADDpQIDtSuv-YPyWEkCi3PyvBAy3qFNIyNnNhpGLW09cAy_pPG5ng4m-UVHxvxBAZV4;pt_pin=jd_63694f3490008;
助力失败{"head":{"code":400,"msg":"来晚啦~我已完成全部邀请~"}}}
1388897918196523009, 1318106976846299138 pt_key=AAJgh3u_ADDpQIDtSuv-YPyWEkCi3PyvBAy3qFNIyNnNhpGLW09cAy_pPG5ng4m-UVHxvxBAZV4;pt_pin=jd_63694f3490008;
助力失败{"head":{"code":400,"msg":"来晚啦~我已完成全部邀请~"}}}
1388897934498533378, 1318106976846299138 pt_key=AAJgh3u_ADDpQIDtSuv-YPyWEkCi3PyvBAy3qFNIyNnNhpGLW09cAy_pPG5ng4m-UVHxvxBAZV4;pt_pin=jd_63694f3490008;
助力失败{"head":{"code":400,"msg":"来晚啦~我已完成全部邀请~"}}}
1388897948508753922, 1318106976846299138 pt_key=AAJgh3u_ADDpQIDtSuv-YPyWEkCi3PyvBAy3qFNIyNnNhpGLW09cAy_pPG5ng4m-UVHxvxBAZV4;pt_pin=jd_63694f3490008;
助力失败{"head":{"code":400,"msg":"来晚啦~我已完成全部邀请~"}}}
1388897963756830722, 1318106976846299138 pt_key=AAJgh3u_ADDpQIDtSuv-YPyWEkCi3PyvBAy3qFNIyNnNhpGLW09cAy_pPG5ng4m-UVHxvxBAZV4;pt_pin=jd_63694f3490008;
助力失败{"head":{"code":400,"msg":"来晚啦~我已完成全部邀请~"}}}
1388897980195479554, 1318106976846299138 pt_key=AAJgh3u_ADDpQIDtSuv-YPyWEkCi3PyvBAy3qFNIyNnNhpGLW09cAy_pPG5ng4m-UVHxvxBAZV4;pt_pin=jd_63694f3490008;
助力失败{"head":{"code":400,"msg":"来晚啦~我已完成全部邀请~"}}}
1388898007432077314, 1318106976846299138 pt_key=AAJgh3u_ADDpQIDtSuv-YPyWEkCi3PyvBAy3qFNIyNnNhpGLW09cAy_pPG5ng4m-UVHxvxBAZV4;pt_pin=jd_63694f3490008;
助力失败{"head":{"code":400,"msg":"来晚啦~我已完成全部邀请~"}}}
1388898021802975233, 1318106976846299138 pt_key=AAJgh3u_ADDpQIDtSuv-YPyWEkCi3PyvBAy3qFNIyNnNhpGLW09cAy_pPG5ng4m-UVHxvxBAZV4;pt_pin=jd_63694f3490008;
助力失败{"head":{"code":400,"msg":"来晚啦~我已完成全部邀请~"}}}
1388898035177439233, 1318106976846299138 pt_key=AAJgh3u_ADDpQIDtSuv-YPyWEkCi3PyvBAy3qFNIyNnNhpGLW09cAy_pPG5ng4m-UVHxvxBAZV4;pt_pin=jd_63694f3490008;
助力失败{"head":{"code":400,"msg":"来晚啦~我已完成全部邀请~"}}}

🔔东东小窝, 结束! 🕛 13.27 秒

