
🔔京东抽奖机, 开始!

====================共1个京东账号Cookie=========

==================脚本执行- 北京时间(UTC+8)：5/3/2021, 10:18:16 AM=====================


第1个抽奖活动【1EFRRxA】
functionId：interact_template_getHomeData

***************开始京东账号1 jd_63694f3490008***************
邀请码：T0225KkcRh0f_FCBIx79lPcKfACjVWmIaW5kRrbA
邀请好友助力：0/10


第2个抽奖活动【1EFRQwA】
functionId：interact_template_getHomeData

***************开始京东账号1 jd_63694f3490008***************
邀请码：T0225KkcRh0f_FCBIx79lPcKfACjVXnIaW5kRrbA
邀请好友助力：0/10


第3个抽奖活动【1EFRTyg】
functionId：healthyDay_getHomeData

***************开始京东账号1 jd_63694f3490008***************
邀请码：T0225KkcRh0f_FCBIx79lPcKfACjVUloaW5kRrbA
邀请好友助力：0/3


第4个抽奖活动【1EFRXxg】
functionId：healthyDay_getHomeData

***************开始京东账号1 jd_63694f3490008***************
邀请码：T0225KkcRh0f_FCBIx79lPcKfACjVQmoaT5kRrbA
邀请好友助力：0/10


第5个抽奖活动【1EFVRww】
functionId：healthyDay_getHomeData

***************开始京东账号1 jd_63694f3490008***************
邀请码：T0225KkcRh0f_FCBIx79lPcKfACjRWn4aW5kRrbA
邀请好友助力：0/4

邀请码：T0225KkcRh0f_FCBIx79lPcKfACjRWn4aY5kRrbA
邀请好友助力：0/4


第6个抽奖活动【1EFRZwA】
functionId：healthyDay_getHomeData

***************开始京东账号1 jd_63694f3490008***************
邀请码：T0225KkcRh0f_FCBIx79lPcKfACjVenIaW5kRrbA
邀请好友助力：0/4


第7个抽奖活动【1EFRZwQ】
functionId：healthyDay_getHomeData

***************开始京东账号1 jd_63694f3490008***************
邀请码：T0225KkcRh0f_FCBIx79lPcKfACjVenYaW5kRrbA
邀请好友助力：0/3


第8个抽奖活动【1EFRYwA】
functionId：healthyDay_getHomeData

***************开始京东账号1 jd_63694f3490008***************
邀请码：T0225KkcRh0f_FCBIx79lPcKfACjVfnIaW5kRrbA
邀请好友助力：0/3


第9个抽奖活动【1EFRYxw】
functionId：healthyDay_getHomeData

***************开始京东账号1 jd_63694f3490008***************
获取抽奖活动数据失败：活动已结束

🔔京东抽奖机, 开始!
共1个京东账号


14-邀人助力任务-已完成0-未完成10
任务已完成

开始抽奖

2-木林森（MULINSEN）透气防滑男鞋 日常休闲男凉鞋简约舒适沙滩鞋凉拖鞋 黑色 38码 SM97745-已完成0-未完成2

木林森（MULINSEN）透气防滑男鞋 日常休闲男凉鞋简约舒适沙滩鞋凉拖鞋 黑色 38码 SM97745
success

森达乐福鞋秋季新款商场同款时尚气质知性通勤平底女单鞋VSW26CM0 黑色 37
success
jd_lotteryMachine.js文件  CDN刷新成功

开始抽奖

开始抽奖

1-欧育京东自营旗舰店-已完成0-未完成2

欧育京东自营旗舰店
success

喜安智京东自营旗舰店
success

开始抽奖

开始抽奖

3-浏览锦鲤红包-已完成0-未完成2

浏览锦鲤红包
success

逛今日必拼活动
success

开始抽奖

开始抽奖

3-逛京东秒杀频道-已完成0-未完成2

逛京东秒杀频道
success

浏览特价频道
success

开始抽奖

开始抽奖

开始抽奖
快去完成任务获得抽奖资格吧

开始第2个抽奖活动

13-连续签到任务（7天）-已完成0-未完成1
success

14-邀人助力任务-已完成0-未完成10
任务已完成

2-蒜香花生带皮干咸熟花生休闲零食坚果干果炒货下酒小吃 蒜香花生【4斤】-已完成0-未完成3

蒜香花生带皮干咸熟花生休闲零食坚果干果炒货下酒小吃 蒜香花生【4斤】
success

达力 原生木浆卫生纸无芯厚实大卷纸5层2880克纸巾批发厕所手纸母婴可用 24卷
success

小米红米Redmi 9A 5000mAh大电量 白条分期0首付6期分期人脸解锁手机 湖光绿 4GB+64GB
success

开始抽奖

3-9.9买到爽-已完成0-未完成2

9.9买到爽
success

查看精选补贴好物
success

开始抽奖
快去完成任务获得抽奖资格吧

3-好物1元抢-已完成0-未完成3

好物1元抢
success

查看京品好物
success

宠汪汪-兑换iPhone
success

开始抽奖

1-汤臣倍健京东自营旗舰店-已完成0-未完成3

汤臣倍健京东自营旗舰店
success

闪魔旗舰店
success

鲜次方旗舰店
success

开始抽奖
快去完成任务获得抽奖资格吧

21-图书会员-已完成0-未完成3

开始抽奖
快去完成任务获得抽奖资格吧

开始第3个抽奖活动

1-关注太博尔Tech-Bio官方旗舰店-已完成0-未完成6

关注太博尔Tech-Bio官方旗舰店
success

关注丸丝旗舰店
success

关注欧诺家庭清洁专营店
success

关注薄荷健康官方旗舰店
success

关注菲奥清洁用品专营店
success

关注茶守艺官方旗舰店
success

开始抽奖

开始抽奖

8-浏览热卖爆品-已完成0-未完成6

佳曼 羽绒服清洁湿巾免水洗去油去污干洗剂家用清洗衣物神器 超值装12片x6包
任务领取成功
success

茶守艺（Teaskill）湖南省茶业集团 湖南红茶办公室茶下午茶 袋泡茶包 茶叶 五彩湘茶 湖南红茶
任务领取成功
success

羽绒服清洗剂干洗剂棉衣免水洗神器泡沫去污清洁剂白色羽绒服顽固污渍干洗剂免洗洗涤剂喷雾清洗液 羽绒服清洗剂150g
任务领取成功
success

威莱娅(wereal)多用途消毒液家用杀菌率99.999%地板宠物衣物家居除菌液 500ml*1瓶
任务领取成功
success

薄荷健康轻卡零食大礼包女低零食小吃休闲食品脂网红解馋控卡 【18袋尝鲜装】轻卡零食323g
任务领取成功
success

9-浏览丸丝旗舰店-已完成0-未完成7

浏览丸丝旗舰店
任务领取成功
success

浏览茶守艺官方旗舰店
任务领取成功
success

浏览欧诺家庭清洁专营店
任务领取成功
success

浏览太博尔Tech-Bio官方旗舰店
任务领取成功
success

浏览爆品会场
任务领取成功
success

浏览薄荷健康官方旗舰店
任务领取成功
success

浏览菲奥清洁用品专营店
任务领取成功
success

开始抽奖

开始抽奖

14-邀请好友助力-已完成0-未完成3
任务已完成

开始抽奖
快去完成任务获得抽奖资格吧

开始第4个抽奖活动

14-邀请好友助力-已完成0-未完成10
助力已满员！谢谢你哦~

8-babycare 小N Air Pro 卫生巾日夜用姨妈巾零触感亲肤超薄卫生护垫 超长夜用430mm4包16片-全部已完成

7-逻辑狗京东自营玩具官方旗舰店-全部已完成

26-浏览并关注优惠日历-全部已完成

9-浏览锦鲤红包-全部已完成

开始抽奖
快去完成任务获得抽奖资格吧

开始第5个抽奖活动

27-预约心动款空调-全部已完成

0-和小奥一起打个卡-已完成0-未完成1
success

1-关注奥克斯空调店铺-已完成0-未完成1

关注奥克斯空调店铺
success

开始抽奖
京豆:1

8-浏览商品-已完成0-未完成9

奥克斯 (AUX) 3匹 新一级能效 快速冷暖  倾城立柜式空调柜机(KFR-72LW/BpR3NHA2(B1))智能空调
任务领取成功
success

奥克斯（AUX）2匹 奥精灵 新一级能效 快速冷暖 立柜式空调柜机(KFR-51LW/BpR3CPA600(B1))自清洁
任务领取成功
success

奥克斯 (AUX) 3匹 银淑 新一级能效 快速冷暖 大风量 客厅空调柜机(KFR-72LW/BpR3PYA1(B1))空调立式
任务领取成功
success

奥克斯 (AUX) 1.5匹 新1级能效 易拆银离子滤网 一键舒风 京裕Ⅱ空调挂机(KFR-35GW/BpR3AQE1(B1))变频冷暖
任务领取成功
success

奥克斯（AUX）1.5匹 清爽侠 新一级能效 快速冷暖 自清洁 (KFR-35GW/BpR3BFW1(B1)) 壁挂式空调挂机
任务领取成功
success

奥克斯 (AUX) 1.5匹 新3级能效 易拆银离子滤网 一键舒风 京裕Ⅱ空调挂机(KFR-35GW/BpR3AQE1(B3))变频冷暖
任务领取成功
success

奥克斯 (AUX) 1.5匹 新一级能效 WIFI智控 变频冷暖 明月侠空调挂机 (KFR-35GW/BpR3PYA1(B1))自清洁
任务领取成功
success

奥克斯 (AUX) 1.5匹 京裕 新一级能效 快速冷暖 京品家电 壁挂式(KFR-35GW/BpR3TYF1(B1))空调挂机
任务领取成功
success

奥克斯（AUX）1.5匹 清爽侠 新能效 快速冷暖 自清洁 壁挂式空调挂机(KFR-35GW/BpR3BFW1(B3))节能
任务领取成功
success

开始抽奖
京豆:1

开始抽奖

开始抽奖
京豆:1

开始抽奖
京豆:1

14-邀请好友和小奥一起打卡-已完成0-未完成4
助力已满员！谢谢你哦~

14-邀请好友和小奥一起打卡-已完成0-未完成4
助力已满员！谢谢你哦~

21-加入会员-已完成0-未完成1

3-小奥喊你看直播-已完成0-未完成1

奥克斯空调京东直播间
success

开始抽奖
快去完成任务获得抽奖资格吧

9-逛空调会场-已完成0-未完成1

逛空调会场
任务领取成功
success

开始抽奖
快去完成任务获得抽奖资格吧

开始抽奖
快去完成任务获得抽奖资格吧

开始第6个抽奖活动
活动已结束

开始第7个抽奖活动

9-浏览童装会场-已完成0-未完成2

浏览童装会场
任务领取成功
success

浏览婴童会场
任务领取成功
success

开始抽奖

开始抽奖

21-开通品牌会员-已完成0-未完成13

26-关注并浏览频道-已完成0-未完成2

关注并浏览童装甄选馆
success

关注并浏览内衣品质馆
success

开始抽奖
快去完成任务获得抽奖资格吧

1-关注并浏览店铺-已完成0-未完成14

李宁童装旗舰店
success

金三塔真丝内衣旗舰店
success

NEIWAI内外京东自营旗舰店
success

蒛一旗舰店
success

唐狮童装旗舰店
success

芬狄诗旗舰店
success

全棉时代童装官方旗舰店
success

芭芭鸭旗舰店
success

FILA童装京东自营旗舰店
success

卡特兔（CRTARTU）京东自营旗舰店
success

久爱久京东自营旗舰店
success

14-邀请好友助力-已完成0-未完成4
助力已满员！谢谢你哦~

8-浏览爆款商品-已完成0-未完成14

芭芭鸭公主风布鞋童鞋子2021春秋季新款女童帆布鞋儿童休闲鞋小学生 粉色 28 内长18/适合脚长17.5
任务领取成功
success

卡特兔童鞋2020年春夏小白鞋休闲板鞋草莓鞋女童春夏网眼透气男童鞋XAH12小菠萝14.5
任务领取成功
success

李宁儿童官网童装T恤春夏男小大童短袖T恤文化衫透气吸汗弹力宽松上衣YHSQ253官方旗舰网 朱砂红-2 160
任务领取成功
success

开始抽奖

开始抽奖

开始抽奖

开始抽奖

开始抽奖

开始第8个抽奖活动

14-邀请好友助力-已完成0-未完成3
助力已满员！谢谢你哦~

1-关注并浏览店铺-已完成0-未完成12

关注并浏览丝涟
success

关注并浏览喜临门
success

关注并浏览顾家家居
success

关注并浏览全友家居
success

关注并浏览芝华仕
success

9-浏览睡眠节会场-已完成0-未完成1

浏览睡眠节会场
任务领取成功
success

开始抽奖

开始抽奖

开始抽奖

8-浏览指定商品-已完成0-未完成12

左右沙发 现代简约真皮沙发轻奢头层牛皮沙发小户型客厅家具储物一字型沙发10年不塌DZY5016-1 Y1016米白色  三人位 2.55米
任务领取成功
success

【店铺曝款】大自然床垫 全山棕垫静音床褥床垫子 单人/双人可定制折叠 非椰棕薄/厚无弹簧棕榈垫A2 12CM（内胆厚度） 1800*2000
任务领取成功
success

爱德福天然乳胶床垫5cm泰国进口天然乳胶 可定制榻榻米1.5米1.8米 双人 厚5cm带内外套【85D软硬适中】 90cm*200cm
任务领取成功
success

21-“顾家家居”品牌会员-已完成0-未完成12

开始抽奖

开始第9个抽奖活动

0-跟小企鹅打个招呼-已完成0-未完成1
success

9-去寻找消失的企鹅-已完成0-未完成1

去寻找消失的企鹅
任务领取成功
success

开始抽奖

开始抽奖

9-浏览飞利浦净水会场-已完成0-未完成10

浏览飞利浦净水会场
任务领取成功
success

浏览飞利浦焕新会场
任务领取成功
success

浏览西门子焕新会场
任务领取成功
success

浏览林内焕新会场
任务领取成功
success

浏览海尔焕新会场
任务领取成功
success

浏览飞利浦焕新会场
任务领取成功
success

浏览美的焕新会场
任务领取成功
success

浏览美的空调焕新会场
任务领取成功
success

浏览LG焕新会场
任务领取成功
success

9-浏览成都会场-已完成0-未完成7

浏览成都会场
任务领取成功
success

浏览数码电器馆
任务领取成功
success

浏览武汉会场
任务领取成功
success

浏览家电馆
任务领取成功
success

浏览青岛会场
任务领取成功
success

浏览天津会场
任务领取成功
success

14-邀好友给小企鹅打气-已完成0-未完成3
助力已满员！谢谢你哦~

8-瞧瞧爆款商品-已完成0-未完成8

美的(Midea)果润精储系列472升十字对开门电冰箱四门家用超薄全域温湿精控智能家电BCD-472WSPZM(E)
任务领取成功
success

 LG 电竞 显示 OLED48CXPCA 48英寸 OLED护眼 游戏电视 旗舰AI 英伟达G-SYNC HGIG HDMI2.1 电竞显示设备
任务领取成功
success

林内(Rinnai) 16升燃气热水器 家用天然气 语音APP智控 恒温防冻大水量 RUS-16QD33W（JSQ31-D33W）京品家电
任务领取成功
success

飞利浦sonicare尊享系列成人声波震动智能高定电动牙刷 香槟金 HX9996/11
任务领取成功
success

飞利浦（PHILIPS）水魔方PD50净饮一体机 家用净水器即热式饮水机 台式免安装反渗透直饮水机 ADD6800
任务领取成功
success

LG 纤慧蒸汽升级款 10公斤滚筒洗衣机全自动 AI变频直驱 蒸汽除菌 550mm超薄机身 14分钟快洗 白FCY10Y4W
任务领取成功
success

西门子(SIEMENS) 12套大容量 除菌独立式洗碗机家用 5D喷淋 双重烘干 SJ235W01JC (白色)
任务领取成功
success

飞利浦（PHILIPS）电动剃须刀9系智能光感刮胡刀S9000【痘痘肌专属】
任务领取成功
success

开始抽奖

开始抽奖

开始抽奖

21-开通海尔品牌会员-已完成0-未完成5

1-关注并浏览店铺-已完成0-未完成9

海昌旅游官方旗舰店
success

海尔京东自营旗舰店
success

飞利浦官方旗舰店
success

飞利浦净水京东自营旗舰店
success

LG京东自营旗舰店
success

西门子家电京东自营旗舰店
success

林内京东自营旗舰店
success

爱慕儿童旗舰店
success

京东安联财产保险官方旗舰店
success

开始抽奖

开始抽奖

开始抽奖
快去完成任务获得抽奖资格吧

开始第10个抽奖活动
活动已结束

==============📣系统通知📣==============
京东抽奖机
京东账号：Hobbot
抽得京豆：4个
请点击通知跳转至APP查看

🔔京东抽奖机, 结束! 🕛 584.534 秒

