
🔔摇京豆, 开始!

====================共1个京东账号Cookie=========

==================脚本执行- 北京时间(UTC+8)：5/3/2021, 10:18:04 AM=====================


********开始【京东账号1】小尾巴充电宝*****

开始做浏览页面任务
开始做关注店铺任务
摇京豆——摇奖次数9
京东会员——摇奖次数7
开始 【京东会员】 摇奖
京东会员-剩余摇奖次数：6
恭喜你，京东会员中奖了，获得1京豆

开始 【京东会员】 摇奖
京东会员-剩余摇奖次数：5
未中奖

开始 【京东会员】 摇奖
京东会员-剩余摇奖次数：4
未中奖

开始 【京东会员】 摇奖
京东会员-剩余摇奖次数：3
未中奖

开始 【京东会员】 摇奖
京东会员-剩余摇奖次数：2
未中奖

开始 【京东会员】 摇奖
京东会员-剩余摇奖次数：1
未中奖

开始 【京东会员】 摇奖
京东会员-剩余摇奖次数：0
未中奖

开始 【摇京豆】 摇奖
剩余摇奖次数：8
获得优惠券：限购[宅一起旗舰店]店铺部分商品

开始 【摇京豆】 摇奖
剩余摇奖次数：7
获得优惠券：限购[宅一起旗舰店]店铺部分商品

开始 【摇京豆】 摇奖
剩余摇奖次数：6
获得优惠券：限购[国教图书专营店]店铺部分商品

开始 【摇京豆】 摇奖
剩余摇奖次数：5
获得优惠券：限购[国教图书专营店]店铺部分商品

开始 【摇京豆】 摇奖
剩余摇奖次数：4
获得优惠券：限购[国教图书专营店]店铺部分商品

开始 【摇京豆】 摇奖
剩余摇奖次数：3
摇奖其他未知结果：{"data":{"luckyBox":{"costBeanCount":2,"feeTimes":2,"freeTimes":3,"totalBeanCount":2303}},"success":true}

开始 【摇京豆】 摇奖
剩余摇奖次数：2
获得优惠券：限购[依明洁专营店]店铺部分商品

开始 【摇京豆】 摇奖
剩余摇奖次数：1
获得优惠券：仅可购买宝洁自营部分商品

开始 【摇京豆】 摇奖
剩余摇奖次数：0
获得优惠券：仅可购买自营金号毛巾指定商品

京东会员第7天签到结果；{"data":{"pin":"jd_63671030e8dea","rewardVos":[{"couponVo":null,"drawInfoVo":null,"hongBaoVo":null,"jingBeanVo":{"beanNum":1},"pitType":0,"rewardSource":0,"signItemId":"595921337525239808","signTime":"2021-05-03 10:18:38","signType":0},{"couponVo":null,"drawInfoVo":null,"hongBaoVo":null,"jingBeanVo":null,"pitType":3,"rewardSource":1,"signItemId":"595921337525239808","signTime":"2021-05-03 10:18:38","signType":0}],"signActId":"1","signActInstanceId":"593854729578946560"},"dataAbInfoList":null,"expInfo":null,"expLabel":null,"message":null,"officialDocument":null,"pftid":null,"resultCode":null,"resultTips":null,"success":true}
京东会员第7天签到成功。获得1京豆


【新版本 超级摇一摇】获取信息失败：没有查询到活动信息



京东APP首页超级摇一摇：目前暂无活动




【4.19苏泊尔 brandActivityId】：d629534c-5276-4b59-953f-ba101df525e5
超级超级品牌日 getHomeData 失败： 活动不在进行中哦
去看看其他活动吧~
【4.19苏泊尔 超级品牌日】：已完成抽奖或活动不在进行中
小魔方 getInteractionInfo 异常： {"result":{"code":6,"hasFinalLottery":0,"loginStatus":1,"pin":"jd_63671030e8dea","rType":0,"taskPoolInfo":{"taskList":[]},"toast":"配置异常"}}
小魔方 getInteractionInfo 异常： {"result":{"code":6,"hasFinalLottery":0,"loginStatus":1,"pin":"jd_63671030e8dea","rType":0,"taskPoolInfo":{"taskList":[]},"toast":"配置异常"}}

==============📣系统通知📣==============
摇京豆
京东账号1 小尾巴充电宝
摇京豆：获得1京豆
京东会员签到：1获得京豆

🔔摇京豆, 结束! 🕛 35.278 秒

