
🔔领京豆额外奖励, 开始!

====================共2个京东账号Cookie=========

==================脚本执行- 北京时间(UTC+8)：5/3/2021, 10:14:07 AM=====================


******开始【京东账号1】Hobbot*********

任务完成进度：1 / 3
任务完成进度：2 / 3
任务完成进度：3 / 3
领奖成功，获得 1 个京豆
完成任务成功，进度1/5
完成任务成功，进度2/5
完成任务成功，进度3/5
完成任务成功，进度4/5
完成任务成功，进度5/5
领奖成功，获得 3 个京豆
强制开启新版领京豆结果:{"code":"0","errorCode":"SI404","errorMessage":"已经初始化过了~"}


==============📣系统通知📣==============
领京豆额外奖励
【京东账号1】Hobbot
领奖成功，获得 1 个京豆
领奖成功，获得 3 个京豆


******开始【京东账号2】小尾巴充电宝*********

任务完成进度：1 / 3
任务完成进度：2 / 3
任务完成进度：3 / 3
领奖成功，获得 1 个京豆
完成任务成功，进度1/5
完成任务成功，进度2/5
完成任务成功，进度3/5
完成任务成功，进度4/5
完成任务成功，进度5/5
领奖成功，获得 3 个京豆
强制开启新版领京豆结果:{"code":"0","errorCode":"SI404","errorMessage":"已经初始化过了~"}


==============📣系统通知📣==============
领京豆额外奖励
【京东账号2】小尾巴充电宝
领奖成功，获得 1 个京豆
领奖成功，获得 3 个京豆


🔔领京豆额外奖励, 结束! 🕛 58.729 秒

