
🔔点点券, 开始!

====================共1个京东账号Cookie=========

==================脚本执行- 北京时间(UTC+8)：5/3/2021, 10:18:18 AM=====================


开始【京东账号1】Hobbot

【浏览精选活动】 任务未领取,开始领取此任务
领取任务结果：{"data":{"biz_code":0,"biz_msg":"OK"},"rtn_code":0,"rtn_msg":"请求成功！"}
【浏览精选活动】 任务领取成功,开始完成此任务
浏览精选活动 【种豆得豆】
做任务结果：{"data":{"biz_code":0,"biz_msg":"OK"},"rtn_code":0,"rtn_msg":"请求成功！"}
浏览精选活动 【签到领京豆】
做任务结果：{"data":{"biz_code":0,"biz_msg":"OK"},"rtn_code":0,"rtn_msg":"请求成功！"}
浏览精选活动 【东东农场】
做任务结果：{"data":{"biz_code":0,"biz_msg":"OK"},"rtn_code":0,"rtn_msg":"请求成功！"}
浏览精选活动 【天天领金贴】
做任务结果：{"data":{"biz_code":0,"biz_msg":"OK"},"rtn_code":0,"rtn_msg":"请求成功！"}
浏览精选活动 【抢8元超市红包】
做任务结果：{"data":{"biz_code":0,"biz_msg":"OK"},"rtn_code":0,"rtn_msg":"请求成功！"}
【玩锦鲤红包】 任务未领取,开始领取此任务
领取任务结果：{"data":{"biz_code":0,"biz_msg":"OK"},"rtn_code":0,"rtn_msg":"请求成功！"}
【玩锦鲤红包】 任务领取成功,开始完成此任务
做任务结果：{"data":{"biz_code":0,"biz_msg":"OK"},"rtn_code":0,"rtn_msg":"请求成功！"}
【玩拼券活动】 任务未领取,开始领取此任务
领取任务结果：{"data":{"biz_code":0,"biz_msg":"OK"},"rtn_code":0,"rtn_msg":"请求成功！"}
【玩拼券活动】 任务领取成功,开始完成此任务
做任务结果：{"data":{"biz_code":0,"biz_msg":"OK"},"rtn_code":0,"rtn_msg":"请求成功！"}
【逛券后9.9】 任务未领取,开始领取此任务
领取任务结果：{"data":{"biz_code":0,"biz_msg":"OK"},"rtn_code":0,"rtn_msg":"请求成功！"}
【逛券后9.9】 任务领取成功,开始完成此任务
做任务结果：{"data":{"biz_code":0,"biz_msg":"OK"},"rtn_code":0,"rtn_msg":"请求成功！"}
【去买省钱券包】 任务未领取,开始领取此任务
领取任务结果：{"data":{"biz_code":0,"biz_msg":"OK"},"rtn_code":0,"rtn_msg":"请求成功！"}
【去买省钱券包】 任务领取成功,开始完成此任务
做任务结果：{"data":{"biz_code":0,"biz_msg":"OK"},"rtn_code":0,"rtn_msg":"请求成功！"}
开始领取点点券

开始领取点点券

开始领取点点券

开始领取点点券

开始领取点点券

签到成功，时间：5/3/2021, 10:18:28 AM

🔔点点券, 结束! 🕛 10.387 秒

