
🔔京东资产变动通知, 开始!

====================共1个京东账号Cookie=========

==================脚本执行- 北京时间(UTC+8)：5/3/2021, 10:17:59 AM=====================


********开始【京东账号1】小尾巴充电宝******

2021-05-03日过期京豆：0

2021-05-04日过期京豆：50

2021-05-05日过期京豆：0

2021-05-06日过期京豆：50

2021-05-07日过期京豆：50

2021-05-08日过期京豆：0

2021-05-09日过期京豆：0


==============📣系统通知📣==============
京东资产变动通知
账号1：小尾巴充电宝
昨日收入：23京豆 🐶
昨日支出：0京豆 🐶
当前京豆：2296(今日将过期0)京豆🐶
当前总红包：0.79(今日总过期0.08)元 🧧
京喜红包：0.01(今日将过期0.00)元 🧧
极速版红包：0.01(今日将过期0.00)元 🧧
京东红包：0.77(今日将过期0.08)元 🧧
健康红包：0.00(今日将过期0.00)元 🧧


您未提供server酱的SCKEY，取消微信推送消息通知🚫

您未提供push+推送所需的PUSH_PLUS_TOKEN，取消push+推送消息通知🚫

您未提供Bark的APP推送BARK_PUSH，取消Bark推送消息通知🚫

您未提供telegram机器人推送所需的TG_BOT_TOKEN和TG_USER_ID，取消telegram推送消息通知🚫

您未提供钉钉机器人推送所需的DD_BOT_TOKEN或者DD_BOT_SECRET，取消钉钉推送消息通知🚫

您未提供企业微信机器人推送所需的QYWX_KEY，取消企业微信推送消息通知🚫

您未提供企业微信应用消息推送所需的QYWX_AM，取消企业微信应用消息推送消息通知🚫

您未提供iGot的推送IGOT_PUSH_KEY，取消iGot推送消息通知🚫


🔔京东资产变动通知, 结束! 🕛 1.36 秒

