
🔔宠汪汪赛跑, 开始!

====================共1个京东账号Cookie=========

==================脚本执行- 北京时间(UTC+8)：5/3/2021, 10:18:13 AM=====================


共提供 30313个好友供来进行邀请助力


赛跑会先给账号内部助力,如您当前账户有剩下助力机会则为lx0301作者助力


开始【京东账号1】jd_63694f3490008

=============【开始邀请助力】===============
账号1 [jd_63694f3490008] 给下面名单的人进行邀请助力
jd_63694f3490008,jd_41345a6f96aa5,jd_sIhNpDXJehOr,jd_604ddb1259203,wduCeTewiZbRUd,jd_66f5cecc1efcd,jd_7bb2be8dbd65c,jd_mCbhXxmqzYJC,jd_6423ed8a93620,jd_42ad078104f47,jd_6cd93e613b0e5,jd_706149c3ca11c,被折叠的记忆33,jd_45a6b5953b15b,wddpzLSxORvLGo,XIAO3931362,jd_55887935c301c,jd_pIjsyaYGbaJu,jythldgz,jd_5e6cc6e16ccde,stdl1690,457814898-182634,xiazhang7,757893758_255435612,Michelleths,jd_drZDCtLotuOP,李巧1994,jd_537b9e97ce0d1,7279901-397108,jd_yDJoYADsUWgK,jd_nNYyhdgLpeKk,记不住2052,jd_MXRLyIBpyDWz


账号1 [jd_63694f3490008] 开始给好友 [jd_63694f3490008] 进行邀请助力
自己账号，跳过

账号1 [jd_63694f3490008] 开始给好友 [jd_41345a6f96aa5] 进行邀请助力
helpStatus invite_full
助力失败，该好友 jd_41345a6f96aa5 已经满3人给他助力了,无需您再次助力


账号1 [jd_63694f3490008] 开始给好友 [jd_sIhNpDXJehOr] 进行邀请助力
helpStatus invite_full
助力失败，该好友 jd_sIhNpDXJehOr 已经满3人给他助力了,无需您再次助力


账号1 [jd_63694f3490008] 开始给好友 [jd_604ddb1259203] 进行邀请助力
helpStatus invite_full
助力失败，该好友 jd_604ddb1259203 已经满3人给他助力了,无需您再次助力


账号1 [jd_63694f3490008] 开始给好友 [wduCeTewiZbRUd] 进行邀请助力
helpStatus invite_full
助力失败，该好友 wduCeTewiZbRUd 已经满3人给他助力了,无需您再次助力


账号1 [jd_63694f3490008] 开始给好友 [jd_66f5cecc1efcd] 进行邀请助力
helpStatus invite_full
助力失败，该好友 jd_66f5cecc1efcd 已经满3人给他助力了,无需您再次助力


账号1 [jd_63694f3490008] 开始给好友 [jd_7bb2be8dbd65c] 进行邀请助力
helpStatus invite_full
助力失败，该好友 jd_7bb2be8dbd65c 已经满3人给他助力了,无需您再次助力


账号1 [jd_63694f3490008] 开始给好友 [jd_mCbhXxmqzYJC] 进行邀请助力
helpStatus invite_full
助力失败，该好友 jd_mCbhXxmqzYJC 已经满3人给他助力了,无需您再次助力


账号1 [jd_63694f3490008] 开始给好友 [jd_6423ed8a93620] 进行邀请助力
helpStatus invite_full
助力失败，该好友 jd_6423ed8a93620 已经满3人给他助力了,无需您再次助力


账号1 [jd_63694f3490008] 开始给好友 [jd_42ad078104f47] 进行邀请助力
helpStatus invite_full
助力失败，该好友 jd_42ad078104f47 已经满3人给他助力了,无需您再次助力


账号1 [jd_63694f3490008] 开始给好友 [jd_6cd93e613b0e5] 进行邀请助力
helpStatus invite_full
助力失败，该好友 jd_6cd93e613b0e5 已经满3人给他助力了,无需您再次助力


账号1 [jd_63694f3490008] 开始给好友 [jd_706149c3ca11c] 进行邀请助力
helpStatus invite_full
助力失败，该好友 jd_706149c3ca11c 已经满3人给他助力了,无需您再次助力


账号1 [jd_63694f3490008] 开始给好友 [被折叠的记忆33] 进行邀请助力
helpStatus invite_full
助力失败，该好友 被折叠的记忆33 已经满3人给他助力了,无需您再次助力


账号1 [jd_63694f3490008] 开始给好友 [jd_45a6b5953b15b] 进行邀请助力
helpStatus invite_full
助力失败，该好友 jd_45a6b5953b15b 已经满3人给他助力了,无需您再次助力


账号1 [jd_63694f3490008] 开始给好友 [wddpzLSxORvLGo] 进行邀请助力
helpStatus invite_full
助力失败，该好友 wddpzLSxORvLGo 已经满3人给他助力了,无需您再次助力


账号1 [jd_63694f3490008] 开始给好友 [XIAO3931362] 进行邀请助力
helpStatus can_help
开始给好友 XIAO3931362 助力

邀请助力结果：{"currentTime":"2021-05-03 10-18-18","errorCode":"L0001","errorMessage":"请重新登录","success":false}
来客有礼宠汪汪token失效

==============📣系统通知📣==============
宠汪汪赛跑
【提示】来客有礼token失效，请重新获取
iOS用户微信搜索'来客有礼'小程序
点击底部的'发现'Tab
即可获取Token

🔔宠汪汪赛跑, 结束! 🕛 5.12 秒

