
🔔东东萌宠, 开始!
开始获取东东萌宠配置文件


====================共1个京东账号Cookie=========

==================脚本执行- 北京时间(UTC+8)：5/3/2021, 10:18:19 AM=====================

由于您环境变量(PETSHARECODES)里面未提供助力码，故此处运行将会给脚本内置的码进行助力，请知晓！
共1个京东账号

您提供了2个账号的东东萌宠助力码


开始【京东账号1】小尾巴充电宝

随机取个20码放到您固定的互助码后面(不影响已有固定互助)
第1个京东账号将要助力的好友["MTAxODc2NTEzNTAwMDAwMDAwMjg3MDg2MA==","MTAxODc2NTEzMzAwMDAwMDAyNzUwMDA4MQ==","MTAxODc2NTEzMjAwMDAwMDAzMDI3MTMyOQ==","MTAxODc2NTEzNDAwMDAwMDAzMDI2MDI4MQ==","MTE1NDUyMjEwMDAwMDAwNDQ0ODY1MDc=","MTE1NDQ5OTUwMDAwMDAwNDM3NzYwOTk=","MTAxODc2NTE0NzAwMDAwMDAwNzUxNTYzMQ==","MTE1NDUwMTI0MDAwMDAwMDQyNDg2NjAz","MTAxODc2NTEzMDAwMDAwMDAxMDI2MDQ3NQ==","MTE1NDUyMjEwMDAwMDAwNDM2MzA2MDE=","MTAxODc2NTEzMjAwMDAwMDAyMDQ1NDcyNw==","MTAxODc2NTEzMzAwMDAwMDAwNjY1NTcwMw==","MTE1NDQ5OTUwMDAwMDAwNDM3MDAxNjk=","MTE1NDAxNzgwMDAwMDAwMzUzMzAwMzc=","MTE1NDUwMTI0MDAwMDAwMDMzODA5NDgz","MTE1NDQ5OTUwMDAwMDAwMzk4NTQ2ODM=","MTE1NDQ5OTIwMDAwMDAwNDM4NTE2ODk=","MTAxODcxOTI2NTAwMDAwMDAyNTQ2Mjc5OQ==","MTAxODc2NTEzMDAwMDAwMDAyNzQxNDU1MQ==","MTE0MDkyMjEwMDAwMDAwNDczMjg3NTk=","MTAxODc2NTEzMTAwMDAwMDAyMTE1NzkyNw==","MTE1NDAxNzgwMDAwMDAwNDcxMjg1MTE=","MTAxODc2NTEzOTAwMDAwMDAzMTI0MjA2Nw==","MTE1NDQ5MzYwMDAwMDAwNDY4MDA0OTE="]
开始助力京东账号1 - 小尾巴充电宝的好友: MTAxODc2NTEzNTAwMDAwMDAwMjg3MDg2MA==
该好友未来可期。已满5人助力，无需您再次助力
开始助力京东账号1 - 小尾巴充电宝的好友: MTAxODc2NTEzMzAwMDAwMDAyNzUwMDA4MQ==
该好友如期而至。已满5人助力，无需您再次助力
开始助力京东账号1 - 小尾巴充电宝的好友: MTAxODc2NTEzMjAwMDAwMDAzMDI3MTMyOQ==
该好友ㅤㅤ已满5人助力，无需您再次助力
开始助力京东账号1 - 小尾巴充电宝的好友: MTAxODc2NTEzNDAwMDAwMDAzMDI2MDI4MQ==
该好友可爱的🐢 🐢已满5人助力，无需您再次助力
开始助力京东账号1 - 小尾巴充电宝的好友: MTE1NDUyMjEwMDAwMDAwNDQ0ODY1MDc=
该好友jd_qESicMUUpVcW已满5人助力，无需您再次助力
开始助力京东账号1 - 小尾巴充电宝的好友: MTE1NDQ5OTUwMDAwMDAwNDM3NzYwOTk=
该好友jd_yoLbCPKJJRok已满5人助力，无需您再次助力
开始助力京东账号1 - 小尾巴充电宝的好友: MTAxODc2NTE0NzAwMDAwMDAwNzUxNTYzMQ==
该好友QQ已满5人助力，无需您再次助力
开始助力京东账号1 - 小尾巴充电宝的好友: MTE1NDUwMTI0MDAwMDAwMDQyNDg2NjAz
该好友阿拉贡的爷爷已满5人助力，无需您再次助力
开始助力京东账号1 - 小尾巴充电宝的好友: MTAxODc2NTEzMDAwMDAwMDAxMDI2MDQ3NQ==
该好友Q已满5人助力，无需您再次助力
开始助力京东账号1 - 小尾巴充电宝的好友: MTE1NDUyMjEwMDAwMDAwNDM2MzA2MDE=
该好友子-_-5已满5人助力，无需您再次助力
开始助力京东账号1 - 小尾巴充电宝的好友: MTAxODc2NTEzMjAwMDAwMDAyMDQ1NDcyNw==
该好友󠀀󠀀 󠀀󠀀已满5人助力，无需您再次助力
开始助力京东账号1 - 小尾巴充电宝的好友: MTAxODc2NTEzMzAwMDAwMDAwNjY1NTcwMw==
该好友龍少已满5人助力，无需您再次助力
开始助力京东账号1 - 小尾巴充电宝的好友: MTE1NDQ5OTUwMDAwMDAwNDM3MDAxNjk=
该好友ww69jq已满5人助力，无需您再次助力
开始助力京东账号1 - 小尾巴充电宝的好友: MTE1NDAxNzgwMDAwMDAwMzUzMzAwMzc=
该好友Be丶forever已满5人助力，无需您再次助力
开始助力京东账号1 - 小尾巴充电宝的好友: MTE1NDUwMTI0MDAwMDAwMDMzODA5NDgz
该好友张三岁丿已满5人助力，无需您再次助力
开始助力京东账号1 - 小尾巴充电宝的好友: MTE1NDQ5OTUwMDAwMDAwMzk4NTQ2ODM=
该好友cat3888已满5人助力，无需您再次助力
开始助力京东账号1 - 小尾巴充电宝的好友: MTE1NDQ5OTIwMDAwMDAwNDM4NTE2ODk=
该好友开心市民王女士已满5人助力，无需您再次助力
开始助力京东账号1 - 小尾巴充电宝的好友: MTAxODcxOTI2NTAwMDAwMDAyNTQ2Mjc5OQ==
该好友520lucky123已满5人助力，无需您再次助力
开始助力京东账号1 - 小尾巴充电宝的好友: MTAxODc2NTEzMDAwMDAwMDAyNzQxNDU1MQ==
该好友团子已满5人助力，无需您再次助力
开始助力京东账号1 - 小尾巴充电宝的好友: MTE0MDkyMjEwMDAwMDAwNDczMjg3NTk=
该好友jd_131385ita已满5人助力，无需您再次助力
开始助力京东账号1 - 小尾巴充电宝的好友: MTAxODc2NTEzMTAwMDAwMDAyMTE1NzkyNw==
该好友@@已满5人助力，无需您再次助力
开始助力京东账号1 - 小尾巴充电宝的好友: MTE1NDAxNzgwMDAwMDAwNDcxMjg1MTE=
该好友jd_LJSJcQKMCErj已满5人助力，无需您再次助力
开始助力京东账号1 - 小尾巴充电宝的好友: MTAxODc2NTEzOTAwMDAwMDAzMTI0MjA2Nw==
该好友佛佛佛了已满5人助力，无需您再次助力
开始助力京东账号1 - 小尾巴充电宝的好友: MTE1NDQ5MzYwMDAwMDAwNDY4MDA0OTE=
该好友Alexkwok2004已满5人助力，无需您再次助力
东东萌宠

【提示】京东账号1小尾巴充电宝
萌宠活动未开启
请手动去京东APP开启活动
入口：我的->游戏与互动->查看更多开启

🔔东东萌宠, 结束! 🕛 80.709 秒

