
🔔京东秒秒币, 开始!

====================共1个京东账号Cookie=========

==================脚本执行- 北京时间(UTC+8)：5/3/2021, 10:18:18 AM=====================


******开始【京东账号1】小尾巴充电宝*********

活动名称：秒杀红包二期正式
当前秒秒币2740
去做浏览秒杀优选店铺任务：1/2
任务领取成功
任务完成
去做浏览秒杀优选店铺任务：2/2
任务领取成功
任务完成
去做浏览秒杀超值好物任务：1/2
任务完成
任务已完成
去做浏览秒杀超值好物任务：2/2
任务完成
任务已完成
去做关注秒杀优选店铺任务：1/3
任务完成
去做关注秒杀优选店铺任务：2/3
任务完成
去做关注秒杀优选店铺任务：3/3
任务完成
去做浏览今日必拼活动任务：1/1
任务组件接口返回失败
浏览任务未领取
去做京品好物会场任务：1/1
任务领取成功
任务完成
去做分享秒杀领红包活动任务：1/6
success
去做分享秒杀领红包活动任务：2/6
success
去做分享秒杀领红包活动任务：3/6
success
去做分享秒杀领红包活动任务：4/6
success
去做分享秒杀领红包活动任务：5/6
success
去做分享秒杀领红包活动任务：6/6
success

==============📣系统通知📣==============
京东秒秒币
京东账号1小尾巴充电宝
本次运行获得秒秒币140枚，共2880枚

🔔京东秒秒币, 结束! 🕛 77.56 秒

